INFO 2025-05-14 12:47:10,564 autoreload Watching for file changes with StatReloader
INFO 2025-05-14 12:48:03,876 basehttp "GET /newsletter/ HTTP/1.1" 200 41262
INFO 2025-05-14 12:48:34,736 basehttp "GET /newsletter/create/ HTTP/1.1" 200 77057
INFO 2025-05-14 12:48:34,911 basehttp "GET /newsletter/api/recipients/count/? HTTP/1.1" 200 56
INFO 2025-05-14 12:48:34,918 basehttp "GET /newsletter/api/subscriber-groups/ HTTP/1.1" 200 405
INFO 2025-05-14 12:48:42,032 basehttp "GET /newsletter/api/subscriber-groups/6/subscribers/ HTTP/1.1" 200 374
INFO 2025-05-14 12:48:42,033 basehttp "GET /newsletter/api/recipients/count/?group_ids=6 HTTP/1.1" 200 56
INFO 2025-05-14 12:48:46,016 basehttp "POST /newsletter/create/ HTTP/1.1" 302 0
INFO 2025-05-14 12:48:46,019 views Starting _process_send_request for newsletter test10
INFO 2025-05-14 12:48:46,020 views Found newsletter: 44 - test10
WARNING 2025-05-14 12:48:46,020 views Newsletter 44 already in status: sending
INFO 2025-05-14 12:48:46,020 basehttp "GET /newsletter/newsletters/test10/send/ HTTP/1.1" 302 0
INFO 2025-05-14 12:48:46,026 basehttp "GET /newsletter/ HTTP/1.1" 200 42574
INFO 2025-05-14 12:50:55,782 basehttp "GET /newsletter/ HTTP/1.1" 200 41463
INFO 2025-05-14 12:51:40,936 basehttp "GET /newsletter/create/ HTTP/1.1" 200 77057
INFO 2025-05-14 12:51:41,104 basehttp "GET /newsletter/api/recipients/count/? HTTP/1.1" 200 56
INFO 2025-05-14 12:51:41,108 basehttp "GET /newsletter/api/subscriber-groups/ HTTP/1.1" 200 405
INFO 2025-05-14 12:51:49,008 basehttp "GET /newsletter/api/recipients/count/?group_ids=6 HTTP/1.1" 200 56
INFO 2025-05-14 12:51:49,008 basehttp "GET /newsletter/api/subscriber-groups/6/subscribers/ HTTP/1.1" 200 374
INFO 2025-05-14 12:51:53,110 basehttp "POST /newsletter/create/ HTTP/1.1" 302 0
INFO 2025-05-14 12:51:53,113 views Starting _process_send_request for newsletter test11
INFO 2025-05-14 12:51:53,114 views Found newsletter: 45 - test11
WARNING 2025-05-14 12:51:53,114 views Newsletter 45 already in status: sending
INFO 2025-05-14 12:51:53,114 basehttp "GET /newsletter/newsletters/test11/send/ HTTP/1.1" 302 0
INFO 2025-05-14 12:51:53,122 basehttp "GET /newsletter/ HTTP/1.1" 200 42849
INFO 2025-05-14 12:54:37,710 basehttp "GET /newsletter/?page=2 HTTP/1.1" 200 43169
INFO 2025-05-14 12:54:39,745 basehttp "GET /newsletter/?page=3 HTTP/1.1" 200 42682
INFO 2025-05-14 12:54:46,392 basehttp "GET /newsletter/?page=1 HTTP/1.1" 200 42066
INFO 2025-05-14 12:56:31,302 autoreload /Users/rafal/VisualStudio/PythonProjects/XManager/apps/newsletter/views.py changed, reloading.
INFO 2025-05-14 12:56:31,626 autoreload Watching for file changes with StatReloader
INFO 2025-05-14 12:57:14,637 autoreload /Users/rafal/VisualStudio/PythonProjects/XManager/apps/newsletter/views.py changed, reloading.
INFO 2025-05-14 12:57:14,930 autoreload Watching for file changes with StatReloader
INFO 2025-05-14 12:58:09,204 autoreload /Users/rafal/VisualStudio/PythonProjects/XManager/apps/newsletter/views.py changed, reloading.
INFO 2025-05-14 12:58:09,429 autoreload Watching for file changes with StatReloader
INFO 2025-05-14 12:58:28,006 autoreload /Users/rafal/VisualStudio/PythonProjects/XManager/apps/newsletter/views.py changed, reloading.
INFO 2025-05-14 12:58:28,248 autoreload Watching for file changes with StatReloader
INFO 2025-05-14 12:58:35,611 autoreload /Users/rafal/VisualStudio/PythonProjects/XManager/apps/newsletter/views.py changed, reloading.
INFO 2025-05-14 12:58:35,836 autoreload Watching for file changes with StatReloader
INFO 2025-05-14 12:58:39,056 basehttp "GET /subscribers/ HTTP/1.1" 200 131437
INFO 2025-05-14 12:58:40,039 basehttp "GET /newsletter/ HTTP/1.1" 200 42066
INFO 2025-05-14 12:58:41,396 basehttp "GET /newsletter/create/ HTTP/1.1" 200 77057
INFO 2025-05-14 12:58:41,563 basehttp "GET /newsletter/api/recipients/count/? HTTP/1.1" 200 56
INFO 2025-05-14 12:58:41,566 basehttp "GET /newsletter/api/subscriber-groups/ HTTP/1.1" 200 405
INFO 2025-05-14 12:59:39,223 basehttp "GET /newsletter/api/recipients/count/?group_ids=6 HTTP/1.1" 200 56
INFO 2025-05-14 12:59:39,223 basehttp "GET /newsletter/api/subscriber-groups/6/subscribers/ HTTP/1.1" 200 374
INFO 2025-05-14 12:59:43,485 basehttp "POST /newsletter/create/ HTTP/1.1" 302 0
INFO 2025-05-14 12:59:43,489 views Starting _process_send_request for newsletter test11-1
INFO 2025-05-14 12:59:43,489 views Found newsletter: 46 - test11
WARNING 2025-05-14 12:59:43,489 views Newsletter 46 already in status: sending
INFO 2025-05-14 12:59:43,490 basehttp "GET /newsletter/newsletters/test11-1/send/ HTTP/1.1" 302 0
INFO 2025-05-14 12:59:43,498 basehttp "GET /newsletter/ HTTP/1.1" 200 43392
INFO 2025-05-14 13:01:28,564 autoreload /Users/rafal/VisualStudio/PythonProjects/XManager/apps/newsletter/views.py changed, reloading.
INFO 2025-05-14 13:01:28,884 autoreload Watching for file changes with StatReloader
INFO 2025-05-14 13:01:31,141 basehttp "GET /newsletter/create/ HTTP/1.1" 200 77057
INFO 2025-05-14 13:01:31,325 basehttp "GET /newsletter/api/recipients/count/? HTTP/1.1" 200 56
INFO 2025-05-14 13:01:31,328 basehttp "GET /newsletter/api/subscriber-groups/ HTTP/1.1" 200 405
INFO 2025-05-14 13:01:39,058 basehttp "GET /newsletter/api/recipients/count/?group_ids=6 HTTP/1.1" 200 56
INFO 2025-05-14 13:01:39,059 basehttp "GET /newsletter/api/subscriber-groups/6/subscribers/ HTTP/1.1" 200 374
INFO 2025-05-14 13:01:42,819 basehttp "POST /newsletter/create/ HTTP/1.1" 302 0
INFO 2025-05-14 13:01:42,823 views Starting _process_send_request for newsletter test12
INFO 2025-05-14 13:01:42,823 views Found newsletter: 47 - test12
INFO 2025-05-14 13:01:42,823 views Setting newsletter 47 status to 'sending'
INFO 2025-05-14 13:01:42,823 views About to call send_newsletter for 47
INFO 2025-05-14 13:01:42,823 views Starting to send newsletter: test12 (ID: 47)
INFO 2025-05-14 13:01:42,824 views Direct subscribers: 0
INFO 2025-05-14 13:01:42,824 views Added 3 subscribers from group 6
INFO 2025-05-14 13:01:42,824 views Found 3 recipients for newsletter 47
INFO 2025-05-14 13:01:42,825 views Updated total_recipients to 3
INFO 2025-05-14 13:01:42,825 views Sending to rrafal889@gmail.com (1/3)
ERROR 2025-05-14 13:01:42,825 views Error sending to rrafal889@gmail.com: 'Settings' object has no attribute 'SITE_URL'
INFO 2025-05-14 13:01:42,825 views Sending to roach7777@gmail.com (2/3)
ERROR 2025-05-14 13:01:42,825 views Error sending to roach7777@gmail.com: 'Settings' object has no attribute 'SITE_URL'
INFO 2025-05-14 13:01:42,825 views Sending to rafal.denisiuk@xbrands.pl (3/3)
ERROR 2025-05-14 13:01:42,825 views Error sending to rafal.denisiuk@xbrands.pl: 'Settings' object has no attribute 'SITE_URL'
INFO 2025-05-14 13:01:42,825 views Completed sending: 0 successful, 3 errors
INFO 2025-05-14 13:01:42,825 views Newsletter 47 status updated to 'failed'
INFO 2025-05-14 13:01:42,825 views send_newsletter returned with 0 recipients
INFO 2025-05-14 13:01:42,826 views Saved newsletter with status sending
INFO 2025-05-14 13:01:42,826 views Redirecting to newsletter list
INFO 2025-05-14 13:01:42,826 basehttp "GET /newsletter/newsletters/test12/send/ HTTP/1.1" 302 0
INFO 2025-05-14 13:01:42,834 basehttp "GET /newsletter/ HTTP/1.1" 200 43898
INFO 2025-05-14 13:05:30,242 autoreload /Users/rafal/VisualStudio/PythonProjects/XManager/XManager/settings.py changed, reloading.
INFO 2025-05-14 13:05:30,672 autoreload Watching for file changes with StatReloader
INFO 2025-05-14 13:06:33,177 autoreload /Users/rafal/VisualStudio/PythonProjects/XManager/apps/newsletter/views.py changed, reloading.
INFO 2025-05-14 13:06:33,477 autoreload Watching for file changes with StatReloader
INFO 2025-05-14 13:07:09,344 autoreload /Users/rafal/VisualStudio/PythonProjects/XManager/apps/newsletter/views.py changed, reloading.
INFO 2025-05-14 13:07:09,668 autoreload Watching for file changes with StatReloader
INFO 2025-05-14 13:07:58,828 autoreload /Users/rafal/VisualStudio/PythonProjects/XManager/apps/newsletter/views.py changed, reloading.
INFO 2025-05-14 13:07:59,139 autoreload Watching for file changes with StatReloader
INFO 2025-05-14 13:08:02,825 basehttp "GET /newsletter/ HTTP/1.1" 200 43152
INFO 2025-05-14 13:08:03,701 basehttp "GET /newsletter/ HTTP/1.1" 200 43152
INFO 2025-05-14 13:08:04,093 basehttp "GET /subscribers/groups/ HTTP/1.1" 200 17846
INFO 2025-05-14 13:08:04,524 basehttp "GET /newsletter/ HTTP/1.1" 200 43152
INFO 2025-05-14 13:08:06,053 basehttp "GET /newsletter/create/ HTTP/1.1" 200 77057
INFO 2025-05-14 13:08:06,230 basehttp "GET /newsletter/api/recipients/count/? HTTP/1.1" 200 56
INFO 2025-05-14 13:08:06,235 basehttp "GET /newsletter/api/subscriber-groups/ HTTP/1.1" 200 405
INFO 2025-05-14 13:08:10,265 basehttp "GET /newsletter/ HTTP/1.1" 200 43152
INFO 2025-05-14 13:08:11,991 basehttp "GET /newsletter/create/ HTTP/1.1" 200 77057
INFO 2025-05-14 13:08:12,160 basehttp "GET /newsletter/api/recipients/count/? HTTP/1.1" 200 56
INFO 2025-05-14 13:08:12,164 basehttp "GET /newsletter/api/subscriber-groups/ HTTP/1.1" 200 405
INFO 2025-05-14 13:08:19,052 basehttp "GET /newsletter/api/recipients/count/?group_ids=6 HTTP/1.1" 200 56
INFO 2025-05-14 13:08:19,052 basehttp "GET /newsletter/api/subscriber-groups/6/subscribers/ HTTP/1.1" 200 374
INFO 2025-05-14 13:08:24,077 basehttp "POST /newsletter/create/ HTTP/1.1" 302 0
INFO 2025-05-14 13:08:24,080 views Starting _process_send_request for newsletter test13
INFO 2025-05-14 13:08:24,080 views Found newsletter: 48 - test13
INFO 2025-05-14 13:08:24,080 views Setting newsletter 48 status to 'sending'
INFO 2025-05-14 13:08:24,080 views About to call send_newsletter for 48
INFO 2025-05-14 13:08:24,080 views Starting to send newsletter: test13 (ID: 48)
INFO 2025-05-14 13:08:24,080 views Direct subscribers: 0
INFO 2025-05-14 13:08:24,081 views Added 3 subscribers from group 6
INFO 2025-05-14 13:08:24,081 views Found 3 recipients for newsletter 48
INFO 2025-05-14 13:08:24,081 views Updated total_recipients to 3
INFO 2025-05-14 13:08:24,081 views Sending to rrafal889@gmail.com (1/3)
WARNING 2025-05-14 13:08:24,081 views Could not create tracking record: NewsletterTracking() got unexpected keyword arguments: 'action', 'tracking_id'
INFO 2025-05-14 13:08:26,047 views Successfully sent to rrafal889@gmail.com
INFO 2025-05-14 13:08:26,047 views Sending to roach7777@gmail.com (2/3)
WARNING 2025-05-14 13:08:26,048 views Could not create tracking record: NewsletterTracking() got unexpected keyword arguments: 'action', 'tracking_id'
INFO 2025-05-14 13:08:27,588 views Successfully sent to roach7777@gmail.com
INFO 2025-05-14 13:08:27,588 views Sending to rafal.denisiuk@xbrands.pl (3/3)
WARNING 2025-05-14 13:08:27,589 views Could not create tracking record: NewsletterTracking() got unexpected keyword arguments: 'action', 'tracking_id'
INFO 2025-05-14 13:08:29,111 views Successfully sent to rafal.denisiuk@xbrands.pl
INFO 2025-05-14 13:08:29,112 views Completed sending: 3 successful, 0 errors
INFO 2025-05-14 13:08:29,114 views Newsletter 48 status updated to 'sent'
INFO 2025-05-14 13:08:29,114 views send_newsletter returned with 3 recipients
INFO 2025-05-14 13:08:29,114 views Newsletter status after sending: sent
INFO 2025-05-14 13:08:29,115 views Not saving newsletter status as it's already set to sent
INFO 2025-05-14 13:08:29,115 views Redirecting to newsletter list
INFO 2025-05-14 13:08:29,115 basehttp "GET /newsletter/newsletters/test13/send/ HTTP/1.1" 302 0
INFO 2025-05-14 13:08:29,121 basehttp "GET /newsletter/ HTTP/1.1" 200 44654
WARNING 2025-05-14 13:08:35,792 log Not Found: /track/open/f77cfd43-2f39-4cd2-a887-0d7879132e70/
WARNING 2025-05-14 13:08:35,792 basehttp "GET /track/open/f77cfd43-2f39-4cd2-a887-0d7879132e70/ HTTP/1.1" 404 4697
WARNING 2025-05-14 13:08:44,262 log Not Found: /unsubscribe/1/
WARNING 2025-05-14 13:08:44,262 basehttp "GET /unsubscribe/1/ HTTP/1.1" 404 4595
INFO 2025-05-14 13:09:44,772 basehttp "GET /newsletter/test13/report/ HTTP/1.1" 200 32214
INFO 2025-05-14 13:11:01,522 basehttp "GET /subscribers/groups/ HTTP/1.1" 200 17846
INFO 2025-05-14 13:12:33,602 basehttp "GET /newsletter/ HTTP/1.1" 200 43910
INFO 2025-05-14 13:15:54,673 basehttp "GET /newsletter/test13/report/ HTTP/1.1" 200 32214
INFO 2025-05-14 13:17:16,872 basehttp "GET /newsletter/ HTTP/1.1" 200 43910
INFO 2025-05-14 13:17:18,683 basehttp "GET /subscribers/groups/ HTTP/1.1" 200 17846
INFO 2025-05-14 13:17:19,294 basehttp "GET /newsletter/ HTTP/1.1" 200 43910
INFO 2025-05-14 13:17:21,153 basehttp "GET /newsletter/create/ HTTP/1.1" 200 77645
INFO 2025-05-14 13:17:21,330 basehttp "GET /newsletter/api/recipients/count/? HTTP/1.1" 200 56
INFO 2025-05-14 13:17:21,335 basehttp "GET /newsletter/api/subscriber-groups/ HTTP/1.1" 200 405
WARNING 2025-05-14 13:18:34,648 log Not Found: /track/open/e46b54f1-eb54-48ee-bcea-fd466c023fa3/
WARNING 2025-05-14 13:18:34,649 basehttp "GET /track/open/e46b54f1-eb54-48ee-bcea-fd466c023fa3/ HTTP/1.1" 404 4697
INFO 2025-05-14 15:59:09,928 basehttp "GET /newsletter/api/recipients/count/?group_ids=6 HTTP/1.1" 200 56
INFO 2025-05-14 15:59:09,928 basehttp "GET /newsletter/api/subscriber-groups/6/subscribers/ HTTP/1.1" 200 374
INFO 2025-05-14 15:59:17,956 basehttp "GET /partner/ HTTP/1.1" 200 168030
INFO 2025-05-14 15:59:18,744 basehttp "GET /newsletter/ HTTP/1.1" 200 43910
INFO 2025-05-14 15:59:19,743 basehttp "GET /newsletter/create/ HTTP/1.1" 200 77645
INFO 2025-05-14 15:59:19,907 basehttp "GET /newsletter/api/recipients/count/? HTTP/1.1" 200 56
INFO 2025-05-14 15:59:19,911 basehttp "GET /newsletter/api/subscriber-groups/ HTTP/1.1" 200 405
INFO 2025-05-14 15:59:28,166 basehttp "GET /newsletter/api/subscriber-groups/6/subscribers/ HTTP/1.1" 200 374
INFO 2025-05-14 15:59:28,169 basehttp "GET /newsletter/api/recipients/count/?group_ids=6 HTTP/1.1" 200 56
INFO 2025-05-14 16:03:57,117 autoreload /Users/rafal/VisualStudio/PythonProjects/XManager/apps/newsletter/api.py changed, reloading.
INFO 2025-05-14 16:03:57,485 autoreload Watching for file changes with StatReloader
INFO 2025-05-14 16:04:07,999 autoreload /Users/rafal/VisualStudio/PythonProjects/XManager/apps/newsletter/api.py changed, reloading.
INFO 2025-05-14 16:04:08,319 autoreload Watching for file changes with StatReloader
INFO 2025-05-14 16:05:00,548 autoreload /Users/rafal/VisualStudio/PythonProjects/XManager/apps/newsletter/views.py changed, reloading.
INFO 2025-05-14 16:05:00,864 autoreload Watching for file changes with StatReloader
INFO 2025-05-14 16:05:54,182 autoreload /Users/rafal/VisualStudio/PythonProjects/XManager/apps/newsletter/api.py changed, reloading.
INFO 2025-05-14 16:05:54,462 autoreload Watching for file changes with StatReloader
INFO 2025-05-14 16:06:32,421 autoreload /Users/rafal/VisualStudio/PythonProjects/XManager/apps/newsletter/api.py changed, reloading.
INFO 2025-05-14 16:06:32,683 autoreload Watching for file changes with StatReloader
INFO 2025-05-14 16:06:41,033 autoreload /Users/rafal/VisualStudio/PythonProjects/XManager/apps/newsletter/urls.py changed, reloading.
INFO 2025-05-14 16:06:41,270 autoreload Watching for file changes with StatReloader
INFO 2025-05-14 16:08:40,285 basehttp "GET /subscribers/groups/ HTTP/1.1" 200 17846
INFO 2025-05-14 16:08:40,803 basehttp "GET /newsletter/ HTTP/1.1" 200 43910
INFO 2025-05-14 16:08:41,957 basehttp "GET /newsletter/create/ HTTP/1.1" 200 79851
INFO 2025-05-14 16:08:42,139 basehttp "GET /newsletter/api/recipients/count/? HTTP/1.1" 200 56
INFO 2025-05-14 16:08:42,144 basehttp "GET /newsletter/api/subscriber-groups/ HTTP/1.1" 200 405
INFO 2025-05-14 16:08:50,956 basehttp "GET /newsletter/api/recipients/count/?group_ids=6 HTTP/1.1" 200 56
INFO 2025-05-14 16:08:50,956 basehttp "GET /newsletter/api/subscriber-groups/6/subscribers/ HTTP/1.1" 200 374
WARNING 2025-05-14 16:09:01,260 log Not Found: /newsletter/api/analyze-spam/
WARNING 2025-05-14 16:09:01,260 basehttp "POST /newsletter/api/analyze-spam/ HTTP/1.1" 404 10667
INFO 2025-05-14 16:11:14,881 autoreload /Users/rafal/VisualStudio/PythonProjects/XManager/apps/newsletter/api.py changed, reloading.
INFO 2025-05-14 16:11:15,196 autoreload Watching for file changes with StatReloader
INFO 2025-05-14 16:12:55,513 autoreload /Users/rafal/VisualStudio/PythonProjects/XManager/apps/newsletter/urls.py changed, reloading.
INFO 2025-05-14 16:12:55,733 autoreload Watching for file changes with StatReloader
INFO 2025-05-14 16:12:57,224 basehttp "GET /newsletter/ HTTP/1.1" 200 43910
INFO 2025-05-14 16:12:58,500 basehttp "GET /newsletter/create/ HTTP/1.1" 200 79851
INFO 2025-05-14 16:12:58,676 basehttp "GET /newsletter/api/recipients/count/? HTTP/1.1" 200 56
INFO 2025-05-14 16:12:58,681 basehttp "GET /newsletter/api/subscriber-groups/ HTTP/1.1" 200 405
INFO 2025-05-14 16:13:05,943 basehttp "GET /newsletter/api/recipients/count/?group_ids=6 HTTP/1.1" 200 56
INFO 2025-05-14 16:13:05,943 basehttp "GET /newsletter/api/subscriber-groups/6/subscribers/ HTTP/1.1" 200 374
INFO 2025-05-14 16:13:12,435 basehttp "POST /newsletter/api/analyze-spam/ HTTP/1.1" 200 47
INFO 2025-05-14 16:13:19,252 basehttp "POST /newsletter/api/analyze-spam/ HTTP/1.1" 200 47
INFO 2025-05-14 16:14:00,701 basehttp "POST /newsletter/api/analyze-spam/ HTTP/1.1" 200 156
INFO 2025-05-14 16:14:13,853 basehttp "GET /newsletter/ HTTP/1.1" 200 43910
INFO 2025-05-14 16:14:17,610 basehttp "GET /newsletter/create/ HTTP/1.1" 200 79851
INFO 2025-05-14 16:14:17,776 basehttp "GET /newsletter/api/recipients/count/? HTTP/1.1" 200 56
INFO 2025-05-14 16:14:17,780 basehttp "GET /newsletter/api/subscriber-groups/ HTTP/1.1" 200 405
INFO 2025-05-14 16:14:24,077 basehttp "GET /newsletter/api/subscriber-groups/6/subscribers/ HTTP/1.1" 200 374
INFO 2025-05-14 16:14:24,077 basehttp "GET /newsletter/api/recipients/count/?group_ids=6 HTTP/1.1" 200 56
INFO 2025-05-14 16:17:41,810 basehttp "GET /newsletter/ HTTP/1.1" 200 43910
INFO 2025-05-14 16:17:43,034 basehttp "GET /newsletter/create/ HTTP/1.1" 200 80011
INFO 2025-05-14 16:17:43,198 basehttp "GET /newsletter/api/recipients/count/? HTTP/1.1" 200 56
INFO 2025-05-14 16:17:43,202 basehttp "GET /newsletter/api/subscriber-groups/ HTTP/1.1" 200 405
INFO 2025-05-14 16:17:55,844 basehttp "GET /newsletter/api/recipients/count/?group_ids=6 HTTP/1.1" 200 56
INFO 2025-05-14 16:17:55,844 basehttp "GET /newsletter/api/subscriber-groups/6/subscribers/ HTTP/1.1" 200 374
INFO 2025-05-14 16:17:57,385 basehttp "POST /newsletter/api/analyze-spam/ HTTP/1.1" 200 47
INFO 2025-05-14 16:19:48,342 basehttp "POST /newsletter/api/analyze-spam/ HTTP/1.1" 200 47
INFO 2025-05-14 16:19:50,071 basehttp "POST /newsletter/api/analyze-spam/ HTTP/1.1" 200 47
INFO 2025-05-14 16:19:50,884 basehttp "POST /newsletter/api/analyze-spam/ HTTP/1.1" 200 47
INFO 2025-05-14 16:39:02,094 basehttp "GET /dashboard/ HTTP/1.1" 200 11876
INFO 2025-05-14 16:39:03,340 basehttp "GET /newsletter/ HTTP/1.1" 200 43910
INFO 2025-05-14 16:39:04,350 basehttp "GET /newsletter/create/ HTTP/1.1" 200 82962
INFO 2025-05-14 16:39:04,521 basehttp "GET /newsletter/api/recipients/count/? HTTP/1.1" 200 56
INFO 2025-05-14 16:39:04,526 basehttp "GET /newsletter/api/subscriber-groups/ HTTP/1.1" 200 405
INFO 2025-05-14 16:39:15,802 basehttp "GET /newsletter/api/subscriber-groups/6/subscribers/ HTTP/1.1" 200 374
INFO 2025-05-14 16:39:15,803 basehttp "GET /newsletter/api/recipients/count/?group_ids=6 HTTP/1.1" 200 56
INFO 2025-05-14 16:39:17,330 basehttp "POST /newsletter/api/analyze-spam/ HTTP/1.1" 200 47
INFO 2025-05-14 16:39:46,114 basehttp "POST /newsletter/create/ HTTP/1.1" 302 0
INFO 2025-05-14 16:39:46,117 views Starting _process_send_request for newsletter new-new-new
INFO 2025-05-14 16:39:46,117 views Found newsletter: 49 - new new new
INFO 2025-05-14 16:39:46,117 views Setting newsletter 49 status to 'sending'
INFO 2025-05-14 16:39:46,117 views About to call send_newsletter for 49
INFO 2025-05-14 16:39:46,117 views Starting to send newsletter: new new new (ID: 49)
INFO 2025-05-14 16:39:46,118 views Direct subscribers: 0
INFO 2025-05-14 16:39:46,119 views Added 3 subscribers from group 6
INFO 2025-05-14 16:39:46,119 views Found 3 recipients for newsletter 49
INFO 2025-05-14 16:39:46,119 views Updated total_recipients to 3
INFO 2025-05-14 16:39:46,119 views Sending to rrafal889@gmail.com (1/3)
WARNING 2025-05-14 16:39:46,120 views Could not create tracking record: NewsletterTracking() got unexpected keyword arguments: 'action', 'tracking_id'
INFO 2025-05-14 16:39:47,978 views Successfully sent to rrafal889@gmail.com
INFO 2025-05-14 16:39:47,978 views Sending to roach7777@gmail.com (2/3)
WARNING 2025-05-14 16:39:47,979 views Could not create tracking record: NewsletterTracking() got unexpected keyword arguments: 'action', 'tracking_id'
INFO 2025-05-14 16:39:49,581 views Successfully sent to roach7777@gmail.com
INFO 2025-05-14 16:39:49,581 views Sending to rafal.denisiuk@xbrands.pl (3/3)
WARNING 2025-05-14 16:39:49,582 views Could not create tracking record: NewsletterTracking() got unexpected keyword arguments: 'action', 'tracking_id'
INFO 2025-05-14 16:39:51,196 views Successfully sent to rafal.denisiuk@xbrands.pl
INFO 2025-05-14 16:39:51,197 views Completed sending: 3 successful, 0 errors
INFO 2025-05-14 16:39:51,199 views Newsletter 49 status updated to 'sent'
INFO 2025-05-14 16:39:51,200 views send_newsletter returned with 3 recipients
INFO 2025-05-14 16:39:51,200 views Newsletter status after sending: sent
INFO 2025-05-14 16:39:51,201 views Not saving newsletter status as it's already set to sent
INFO 2025-05-14 16:39:51,201 views Redirecting to newsletter list
INFO 2025-05-14 16:39:51,202 basehttp "GET /newsletter/newsletters/new-new-new/send/ HTTP/1.1" 302 0
INFO 2025-05-14 16:39:51,218 basehttp "GET /newsletter/ HTTP/1.1" 200 45425
WARNING 2025-05-14 16:39:59,741 log Not Found: /track/open/9a8d835e-cad8-4b88-9297-c4c8fe8bb202/
WARNING 2025-05-14 16:39:59,742 basehttp "GET /track/open/9a8d835e-cad8-4b88-9297-c4c8fe8bb202/ HTTP/1.1" 404 4697
WARNING 2025-05-14 16:40:09,536 log Not Found: /track/open/493e077b-6c23-49b7-b6f2-425b6d545f54/
WARNING 2025-05-14 16:40:09,536 basehttp "GET /track/open/493e077b-6c23-49b7-b6f2-425b6d545f54/ HTTP/1.1" 404 4697
INFO 2025-05-14 16:41:22,591 basehttp "GET /newsletter/create/ HTTP/1.1" 200 83562
INFO 2025-05-14 16:41:22,776 basehttp "GET /newsletter/api/recipients/count/? HTTP/1.1" 200 56
INFO 2025-05-14 16:41:22,780 basehttp "GET /newsletter/api/subscriber-groups/ HTTP/1.1" 200 405
INFO 2025-05-14 16:41:29,066 basehttp "GET /newsletter/api/subscriber-groups/6/subscribers/ HTTP/1.1" 200 374
INFO 2025-05-14 16:41:29,066 basehttp "GET /newsletter/api/recipients/count/?group_ids=6 HTTP/1.1" 200 56
INFO 2025-05-14 16:41:30,514 basehttp "POST /newsletter/api/analyze-spam/ HTTP/1.1" 200 47
INFO 2025-05-14 20:13:29,335 autoreload /Users/rafal/VisualStudio/PythonProjects/XManager/apps/newsletter/views.py changed, reloading.
INFO 2025-05-14 20:13:30,227 autoreload Watching for file changes with StatReloader
INFO 2025-05-14 20:16:03,240 autoreload /Users/rafal/VisualStudio/PythonProjects/XManager/apps/newsletter/views.py changed, reloading.
INFO 2025-05-14 20:16:03,542 autoreload Watching for file changes with StatReloader
INFO 2025-05-14 20:17:05,998 autoreload /Users/rafal/VisualStudio/PythonProjects/XManager/apps/newsletter/models.py changed, reloading.
INFO 2025-05-14 20:17:06,289 autoreload Watching for file changes with StatReloader
INFO 2025-05-14 20:17:54,372 autoreload /Users/rafal/VisualStudio/PythonProjects/XManager/apps/newsletter/forms.py changed, reloading.
INFO 2025-05-14 20:17:54,618 autoreload Watching for file changes with StatReloader
INFO 2025-05-14 20:19:45,937 autoreload /Users/rafal/VisualStudio/PythonProjects/XManager/XManager/settings.py changed, reloading.
INFO 2025-05-14 20:19:46,176 autoreload Watching for file changes with StatReloader
INFO 2025-05-14 20:22:19,500 basehttp "GET /dashboard/ HTTP/1.1" 200 11876
ERROR 2025-05-14 20:22:20,248 log Internal Server Error: /newsletter/
Traceback (most recent call last):
  File "/Users/rafal/.local/share/virtualenvs/XManager-w8HXMJeE/lib/python3.13/site-packages/django/db/backends/utils.py", line 105, in _execute
    return self.cursor.execute(sql, params)
           ~~~~~~~~~~~~~~~~~~~^^^^^^^^^^^^^
  File "/Users/rafal/.local/share/virtualenvs/XManager-w8HXMJeE/lib/python3.13/site-packages/django/db/backends/sqlite3/base.py", line 360, in execute
    return super().execute(query, params)
           ~~~~~~~~~~~~~~~^^^^^^^^^^^^^^^
sqlite3.OperationalError: no such column: newsletter_newsletter.use_uuid

The above exception was the direct cause of the following exception:

Traceback (most recent call last):
  File "/Users/rafal/.local/share/virtualenvs/XManager-w8HXMJeE/lib/python3.13/site-packages/django/core/handlers/exception.py", line 55, in inner
    response = get_response(request)
  File "/Users/rafal/.local/share/virtualenvs/XManager-w8HXMJeE/lib/python3.13/site-packages/django/core/handlers/base.py", line 220, in _get_response
    response = response.render()
  File "/Users/rafal/.local/share/virtualenvs/XManager-w8HXMJeE/lib/python3.13/site-packages/django/template/response.py", line 114, in render
    self.content = self.rendered_content
                   ^^^^^^^^^^^^^^^^^^^^^
  File "/Users/rafal/.local/share/virtualenvs/XManager-w8HXMJeE/lib/python3.13/site-packages/django/template/response.py", line 92, in rendered_content
    return template.render(context, self._request)
           ~~~~~~~~~~~~~~~^^^^^^^^^^^^^^^^^^^^^^^^
  File "/Users/rafal/.local/share/virtualenvs/XManager-w8HXMJeE/lib/python3.13/site-packages/django/template/backends/django.py", line 107, in render
    return self.template.render(context)
           ~~~~~~~~~~~~~~~~~~~~^^^^^^^^^
  File "/Users/rafal/.local/share/virtualenvs/XManager-w8HXMJeE/lib/python3.13/site-packages/django/template/base.py", line 171, in render
    return self._render(context)
           ~~~~~~~~~~~~^^^^^^^^^
  File "/Users/rafal/.local/share/virtualenvs/XManager-w8HXMJeE/lib/python3.13/site-packages/django/template/base.py", line 163, in _render
    return self.nodelist.render(context)
           ~~~~~~~~~~~~~~~~~~~~^^^^^^^^^
  File "/Users/rafal/.local/share/virtualenvs/XManager-w8HXMJeE/lib/python3.13/site-packages/django/template/base.py", line 1016, in render
    return SafeString("".join([node.render_annotated(context) for node in self]))
                               ~~~~~~~~~~~~~~~~~~~~~^^^^^^^^^
  File "/Users/rafal/.local/share/virtualenvs/XManager-w8HXMJeE/lib/python3.13/site-packages/django/template/base.py", line 977, in render_annotated
    return self.render(context)
           ~~~~~~~~~~~^^^^^^^^^
  File "/Users/rafal/.local/share/virtualenvs/XManager-w8HXMJeE/lib/python3.13/site-packages/django/template/loader_tags.py", line 159, in render
    return compiled_parent._render(context)
           ~~~~~~~~~~~~~~~~~~~~~~~^^^^^^^^^
  File "/Users/rafal/.local/share/virtualenvs/XManager-w8HXMJeE/lib/python3.13/site-packages/django/template/base.py", line 163, in _render
    return self.nodelist.render(context)
           ~~~~~~~~~~~~~~~~~~~~^^^^^^^^^
  File "/Users/rafal/.local/share/virtualenvs/XManager-w8HXMJeE/lib/python3.13/site-packages/django/template/base.py", line 1016, in render
    return SafeString("".join([node.render_annotated(context) for node in self]))
                               ~~~~~~~~~~~~~~~~~~~~~^^^^^^^^^
  File "/Users/rafal/.local/share/virtualenvs/XManager-w8HXMJeE/lib/python3.13/site-packages/django/template/base.py", line 977, in render_annotated
    return self.render(context)
           ~~~~~~~~~~~^^^^^^^^^
  File "/Users/rafal/.local/share/virtualenvs/XManager-w8HXMJeE/lib/python3.13/site-packages/django/template/loader_tags.py", line 65, in render
    result = block.nodelist.render(context)
  File "/Users/rafal/.local/share/virtualenvs/XManager-w8HXMJeE/lib/python3.13/site-packages/django/template/base.py", line 1016, in render
    return SafeString("".join([node.render_annotated(context) for node in self]))
                               ~~~~~~~~~~~~~~~~~~~~~^^^^^^^^^
  File "/Users/rafal/.local/share/virtualenvs/XManager-w8HXMJeE/lib/python3.13/site-packages/django/template/base.py", line 977, in render_annotated
    return self.render(context)
           ~~~~~~~~~~~^^^^^^^^^
  File "/Users/rafal/.local/share/virtualenvs/XManager-w8HXMJeE/lib/python3.13/site-packages/django/template/defaulttags.py", line 326, in render
    if match:
       ^^^^^
  File "/Users/rafal/.local/share/virtualenvs/XManager-w8HXMJeE/lib/python3.13/site-packages/django/db/models/query.py", line 398, in __bool__
    self._fetch_all()
    ~~~~~~~~~~~~~~~^^
  File "/Users/rafal/.local/share/virtualenvs/XManager-w8HXMJeE/lib/python3.13/site-packages/django/db/models/query.py", line 1945, in _fetch_all
    self._result_cache = list(self._iterable_class(self))
                         ~~~~^^^^^^^^^^^^^^^^^^^^^^^^^^^^
  File "/Users/rafal/.local/share/virtualenvs/XManager-w8HXMJeE/lib/python3.13/site-packages/django/db/models/query.py", line 91, in __iter__
    results = compiler.execute_sql(
        chunked_fetch=self.chunked_fetch, chunk_size=self.chunk_size
    )
  File "/Users/rafal/.local/share/virtualenvs/XManager-w8HXMJeE/lib/python3.13/site-packages/django/db/models/sql/compiler.py", line 1623, in execute_sql
    cursor.execute(sql, params)
    ~~~~~~~~~~~~~~^^^^^^^^^^^^^
  File "/Users/rafal/.local/share/virtualenvs/XManager-w8HXMJeE/lib/python3.13/site-packages/django/db/backends/utils.py", line 122, in execute
    return super().execute(sql, params)
           ~~~~~~~~~~~~~~~^^^^^^^^^^^^^
  File "/Users/rafal/.local/share/virtualenvs/XManager-w8HXMJeE/lib/python3.13/site-packages/django/db/backends/utils.py", line 79, in execute
    return self._execute_with_wrappers(
           ~~~~~~~~~~~~~~~~~~~~~~~~~~~^
        sql, params, many=False, executor=self._execute
        ^^^^^^^^^^^^^^^^^^^^^^^^^^^^^^^^^^^^^^^^^^^^^^^
    )
    ^
  File "/Users/rafal/.local/share/virtualenvs/XManager-w8HXMJeE/lib/python3.13/site-packages/django/db/backends/utils.py", line 92, in _execute_with_wrappers
    return executor(sql, params, many, context)
  File "/Users/rafal/.local/share/virtualenvs/XManager-w8HXMJeE/lib/python3.13/site-packages/django/db/backends/utils.py", line 100, in _execute
    with self.db.wrap_database_errors:
         ^^^^^^^^^^^^^^^^^^^^^^^^^^^^
  File "/Users/rafal/.local/share/virtualenvs/XManager-w8HXMJeE/lib/python3.13/site-packages/django/db/utils.py", line 91, in __exit__
    raise dj_exc_value.with_traceback(traceback) from exc_value
  File "/Users/rafal/.local/share/virtualenvs/XManager-w8HXMJeE/lib/python3.13/site-packages/django/db/backends/utils.py", line 105, in _execute
    return self.cursor.execute(sql, params)
           ~~~~~~~~~~~~~~~~~~~^^^^^^^^^^^^^
  File "/Users/rafal/.local/share/virtualenvs/XManager-w8HXMJeE/lib/python3.13/site-packages/django/db/backends/sqlite3/base.py", line 360, in execute
    return super().execute(query, params)
           ~~~~~~~~~~~~~~~^^^^^^^^^^^^^^^
django.db.utils.OperationalError: no such column: newsletter_newsletter.use_uuid
ERROR 2025-05-14 20:22:20,251 basehttp "GET /newsletter/ HTTP/1.1" 500 212333
INFO 2025-05-14 20:23:32,694 autoreload Watching for file changes with StatReloader
INFO 2025-05-14 20:23:35,053 basehttp "GET /newsletter/ HTTP/1.1" 200 44681
INFO 2025-05-14 20:23:36,273 basehttp "GET /newsletter/ HTTP/1.1" 200 44681
INFO 2025-05-14 20:23:36,720 basehttp "GET /subscribers/groups/ HTTP/1.1" 200 17846
INFO 2025-05-14 20:23:37,196 basehttp "GET /newsletter/ HTTP/1.1" 200 44681
INFO 2025-05-14 20:23:38,669 basehttp "GET /newsletter/create/ HTTP/1.1" 200 83562
INFO 2025-05-14 20:23:38,843 basehttp "GET /newsletter/api/recipients/count/? HTTP/1.1" 200 56
INFO 2025-05-14 20:23:38,846 basehttp "GET /newsletter/api/subscriber-groups/ HTTP/1.1" 200 405
INFO 2025-05-14 20:23:49,542 basehttp "GET /newsletter/api/recipients/count/?group_ids=6 HTTP/1.1" 200 56
INFO 2025-05-14 20:23:49,543 basehttp "GET /newsletter/api/subscriber-groups/6/subscribers/ HTTP/1.1" 200 374
INFO 2025-05-14 20:23:52,217 basehttp "POST /newsletter/api/analyze-spam/ HTTP/1.1" 200 47
INFO 2025-05-14 20:24:06,842 basehttp "POST /newsletter/create/ HTTP/1.1" 302 0
INFO 2025-05-14 20:24:06,845 views Starting _process_send_request for newsletter test15
INFO 2025-05-14 20:24:06,846 views Found newsletter: 50 - Test15
INFO 2025-05-14 20:24:06,846 views Setting newsletter 50 status to 'sending'
INFO 2025-05-14 20:24:06,846 views About to call send_newsletter for 50
INFO 2025-05-14 20:24:06,846 views Starting to send newsletter: Test15 (ID: 50)
INFO 2025-05-14 20:24:06,847 views Direct subscribers: 0
INFO 2025-05-14 20:24:06,848 views Added 3 subscribers from group 6
INFO 2025-05-14 20:24:06,848 views Found 3 recipients for newsletter 50
INFO 2025-05-14 20:24:06,848 views Updated total_recipients to 3
INFO 2025-05-14 20:24:06,848 views Sending to rrafal889@gmail.com (1/3)
WARNING 2025-05-14 20:24:06,848 views Could not create tracking record: NewsletterTracking() got unexpected keyword arguments: 'action', 'tracking_id'
INFO 2025-05-14 20:25:03,485 basehttp "POST /newsletter/create/ HTTP/1.1" 302 0
INFO 2025-05-14 20:25:03,488 views Starting _process_send_request for newsletter test15-1
INFO 2025-05-14 20:25:03,489 views Found newsletter: 51 - Test15
INFO 2025-05-14 20:25:03,489 views Setting newsletter 51 status to 'sending'
INFO 2025-05-14 20:25:03,489 views About to call send_newsletter for 51
INFO 2025-05-14 20:25:03,489 views Starting to send newsletter: Test15 (ID: 51)
INFO 2025-05-14 20:25:03,489 views Direct subscribers: 0
INFO 2025-05-14 20:25:03,490 views Added 3 subscribers from group 6
INFO 2025-05-14 20:25:03,490 views Found 3 recipients for newsletter 51
INFO 2025-05-14 20:25:03,491 views Updated total_recipients to 3
INFO 2025-05-14 20:25:03,491 views Sending to rrafal889@gmail.com (1/3)
WARNING 2025-05-14 20:25:03,491 views Could not create tracking record: NewsletterTracking() got unexpected keyword arguments: 'action', 'tracking_id'
INFO 2025-05-14 20:25:12,012 basehttp "GET /dashboard/ HTTP/1.1" 200 12621
INFO 2025-05-14 20:25:12,963 basehttp "GET /newsletter/ HTTP/1.1" 200 45145
INFO 2025-05-14 20:25:16,579 basehttp "GET /newsletter/create/ HTTP/1.1" 200 83562
INFO 2025-05-14 20:25:16,755 basehttp "GET /newsletter/api/recipients/count/? HTTP/1.1" 200 56
INFO 2025-05-14 20:25:16,759 basehttp "GET /newsletter/api/subscriber-groups/ HTTP/1.1" 200 405
ERROR 2025-05-14 20:25:21,857 views Error sending to rrafal889@gmail.com: [Errno 60] Operation timed out
INFO 2025-05-14 20:25:21,858 views Sending to roach7777@gmail.com (2/3)
WARNING 2025-05-14 20:25:21,861 views Could not create tracking record: NewsletterTracking() got unexpected keyword arguments: 'action', 'tracking_id'
INFO 2025-05-14 20:25:24,756 basehttp "GET /newsletter/api/subscriber-groups/6/subscribers/ HTTP/1.1" 200 374
INFO 2025-05-14 20:25:24,756 basehttp "GET /newsletter/api/recipients/count/?group_ids=6 HTTP/1.1" 200 56
INFO 2025-05-14 20:25:26,830 basehttp "POST /newsletter/api/analyze-spam/ HTTP/1.1" 200 47
INFO 2025-05-14 20:25:33,548 basehttp "POST /newsletter/create/ HTTP/1.1" 302 0
INFO 2025-05-14 20:25:33,551 views Starting _process_send_request for newsletter test16
INFO 2025-05-14 20:25:33,551 views Found newsletter: 52 - Test16
INFO 2025-05-14 20:25:33,551 views Setting newsletter 52 status to 'sending'
INFO 2025-05-14 20:25:33,551 views About to call send_newsletter for 52
INFO 2025-05-14 20:25:33,551 views Starting to send newsletter: Test16 (ID: 52)
INFO 2025-05-14 20:25:33,551 views Direct subscribers: 0
INFO 2025-05-14 20:25:33,552 views Added 3 subscribers from group 6
INFO 2025-05-14 20:25:33,552 views Found 3 recipients for newsletter 52
INFO 2025-05-14 20:25:33,552 views Updated total_recipients to 3
INFO 2025-05-14 20:25:33,552 views Sending to rrafal889@gmail.com (1/3)
WARNING 2025-05-14 20:25:33,552 views Could not create tracking record: NewsletterTracking() got unexpected keyword arguments: 'action', 'tracking_id'
ERROR 2025-05-14 20:26:18,493 views Error sending to rrafal889@gmail.com: [Errno 60] Operation timed out
INFO 2025-05-14 20:26:18,495 views Sending to roach7777@gmail.com (2/3)
WARNING 2025-05-14 20:26:18,495 views Could not create tracking record: NewsletterTracking() got unexpected keyword arguments: 'action', 'tracking_id'
INFO 2025-05-14 20:26:25,321 basehttp "GET /newsletter/ HTTP/1.1" 200 45804
INFO 2025-05-14 20:26:29,937 basehttp "POST /newsletter/test16/delete/ HTTP/1.1" 302 0
INFO 2025-05-14 20:26:29,947 basehttp "GET /newsletter/ HTTP/1.1" 200 45605
INFO 2025-05-14 20:26:33,177 basehttp "POST /newsletter/test15-1/delete/ HTTP/1.1" 302 0
INFO 2025-05-14 20:26:33,187 basehttp "GET /newsletter/ HTTP/1.1" 200 45370
INFO 2025-05-14 20:26:36,441 basehttp "POST /newsletter/test15/delete/ HTTP/1.1" 302 0
INFO 2025-05-14 20:26:36,452 basehttp "GET /newsletter/ HTTP/1.1" 200 45141
ERROR 2025-05-14 20:26:36,865 views Error sending to roach7777@gmail.com: [Errno 60] Operation timed out
INFO 2025-05-14 20:26:36,865 views Sending to rafal.denisiuk@xbrands.pl (3/3)
WARNING 2025-05-14 20:26:36,866 views Could not create tracking record: NewsletterTracking() got unexpected keyword arguments: 'action', 'tracking_id'
ERROR 2025-05-14 20:26:48,555 views Error sending to rrafal889@gmail.com: [Errno 60] Operation timed out
INFO 2025-05-14 20:26:48,556 views Sending to roach7777@gmail.com (2/3)
WARNING 2025-05-14 20:26:48,556 views Could not create tracking record: NewsletterTracking() got unexpected keyword arguments: 'action', 'tracking_id'
INFO 2025-05-14 20:27:00,307 basehttp "GET /newsletter/ HTTP/1.1" 200 44681
INFO 2025-05-14 20:27:01,166 basehttp "GET /newsletter/create/ HTTP/1.1" 200 83562
INFO 2025-05-14 20:27:01,335 basehttp "GET /newsletter/api/recipients/count/? HTTP/1.1" 200 56
INFO 2025-05-14 20:27:01,343 basehttp "GET /newsletter/api/subscriber-groups/ HTTP/1.1" 200 405
INFO 2025-05-14 20:27:10,150 basehttp "GET /newsletter/api/subscriber-groups/6/subscribers/ HTTP/1.1" 200 374
INFO 2025-05-14 20:27:10,152 basehttp "GET /newsletter/api/recipients/count/?group_ids=6 HTTP/1.1" 200 56
INFO 2025-05-14 20:27:11,963 basehttp "POST /newsletter/api/analyze-spam/ HTTP/1.1" 200 47
INFO 2025-05-14 20:27:19,947 basehttp "POST /newsletter/create/ HTTP/1.1" 302 0
INFO 2025-05-14 20:27:19,953 views Starting _process_send_request for newsletter test17
INFO 2025-05-14 20:27:19,954 views Found newsletter: 53 - Test17
INFO 2025-05-14 20:27:19,954 views Setting newsletter 53 status to 'sending'
INFO 2025-05-14 20:27:19,954 views About to call send_newsletter for 53
INFO 2025-05-14 20:27:19,954 views Starting to send newsletter: Test17 (ID: 53)
INFO 2025-05-14 20:27:19,955 views Direct subscribers: 0
INFO 2025-05-14 20:27:19,955 views Added 3 subscribers from group 6
INFO 2025-05-14 20:27:19,955 views Found 3 recipients for newsletter 53
INFO 2025-05-14 20:27:19,955 views Updated total_recipients to 3
INFO 2025-05-14 20:27:19,955 views Sending to rrafal889@gmail.com (1/3)
WARNING 2025-05-14 20:27:19,956 views Could not create tracking record: NewsletterTracking() got unexpected keyword arguments: 'action', 'tracking_id'
ERROR 2025-05-14 20:27:33,499 views Error sending to roach7777@gmail.com: [Errno 60] Operation timed out
INFO 2025-05-14 20:27:33,500 views Sending to rafal.denisiuk@xbrands.pl (3/3)
WARNING 2025-05-14 20:27:33,500 views Could not create tracking record: NewsletterTracking() got unexpected keyword arguments: 'action', 'tracking_id'
INFO 2025-05-14 20:27:41,417 autoreload Watching for file changes with StatReloader
ERROR 2025-05-14 20:27:51,870 views Error sending to rafal.denisiuk@xbrands.pl: [Errno 60] Operation timed out
INFO 2025-05-14 20:27:51,870 views Completed sending: 0 successful, 3 errors
CRITICAL 2025-05-14 20:27:51,872 views CRITICAL: Could not update newsletter status: Newsletter matching query does not exist.
INFO 2025-05-14 20:27:51,878 views Newsletter status updated with full save
INFO 2025-05-14 20:27:51,878 views send_newsletter returned with 0 recipients
INFO 2025-05-14 20:27:51,879 views Newsletter status after sending: failed
INFO 2025-05-14 20:27:51,879 views Not saving newsletter status as it's already set to failed
INFO 2025-05-14 20:27:51,880 views Redirecting to newsletter list
INFO 2025-05-14 20:27:51,881 basehttp - Broken pipe from ('127.0.0.1', 58254)
ERROR 2025-05-14 20:28:03,559 views Error sending to roach7777@gmail.com: [Errno 60] Operation timed out
INFO 2025-05-14 20:28:03,560 views Sending to rafal.denisiuk@xbrands.pl (3/3)
WARNING 2025-05-14 20:28:03,560 views Could not create tracking record: NewsletterTracking() got unexpected keyword arguments: 'action', 'tracking_id'
ERROR 2025-05-14 20:28:34,959 views Error sending to rrafal889@gmail.com: [Errno 60] Operation timed out
INFO 2025-05-14 20:28:34,959 views Sending to roach7777@gmail.com (2/3)
WARNING 2025-05-14 20:28:34,959 views Could not create tracking record: NewsletterTracking() got unexpected keyword arguments: 'action', 'tracking_id'
ERROR 2025-05-14 20:28:48,503 views Error sending to rafal.denisiuk@xbrands.pl: [Errno 60] Operation timed out
INFO 2025-05-14 20:28:48,503 views Completed sending: 0 successful, 3 errors
CRITICAL 2025-05-14 20:28:48,504 views CRITICAL: Could not update newsletter status: Newsletter matching query does not exist.
INFO 2025-05-14 20:28:48,507 views Newsletter status updated with full save
INFO 2025-05-14 20:28:48,507 views send_newsletter returned with 0 recipients
INFO 2025-05-14 20:28:48,508 views Newsletter status after sending: failed
INFO 2025-05-14 20:28:48,508 views Not saving newsletter status as it's already set to failed
INFO 2025-05-14 20:28:48,508 views Redirecting to newsletter list
INFO 2025-05-14 20:28:48,509 basehttp - Broken pipe from ('127.0.0.1', 58255)
ERROR 2025-05-14 20:29:18,563 views Error sending to rafal.denisiuk@xbrands.pl: [Errno 60] Operation timed out
INFO 2025-05-14 20:29:18,564 views Completed sending: 0 successful, 3 errors
CRITICAL 2025-05-14 20:29:18,564 views CRITICAL: Could not update newsletter status: Newsletter matching query does not exist.
INFO 2025-05-14 20:29:18,567 views Newsletter status updated with full save
INFO 2025-05-14 20:29:18,567 views send_newsletter returned with 0 recipients
INFO 2025-05-14 20:29:18,567 views Newsletter status after sending: failed
INFO 2025-05-14 20:29:18,568 views Not saving newsletter status as it's already set to failed
INFO 2025-05-14 20:29:18,568 views Redirecting to newsletter list
INFO 2025-05-14 20:29:18,568 basehttp - Broken pipe from ('127.0.0.1', 58665)
ERROR 2025-05-14 20:29:49,961 views Error sending to roach7777@gmail.com: [Errno 60] Operation timed out
INFO 2025-05-14 20:29:49,962 views Sending to rafal.denisiuk@xbrands.pl (3/3)
WARNING 2025-05-14 20:29:49,962 views Could not create tracking record: NewsletterTracking() got unexpected keyword arguments: 'action', 'tracking_id'
ERROR 2025-05-14 20:31:04,929 views Error sending to rafal.denisiuk@xbrands.pl: [Errno 60] Operation timed out
INFO 2025-05-14 20:31:04,930 views Completed sending: 0 successful, 3 errors
INFO 2025-05-14 20:31:04,934 views Newsletter 53 status updated to 'failed'
INFO 2025-05-14 20:31:04,934 views send_newsletter returned with 0 recipients
INFO 2025-05-14 20:31:04,935 views Newsletter status after sending: failed
INFO 2025-05-14 20:31:04,935 views Not saving newsletter status as it's already set to failed
INFO 2025-05-14 20:31:04,935 views Redirecting to newsletter list
INFO 2025-05-14 20:31:04,936 basehttp "GET /newsletter/newsletters/test17/send/ HTTP/1.1" 302 0
INFO 2025-05-14 20:31:04,953 basehttp "GET /newsletter/ HTTP/1.1" 200 45424
INFO 2025-05-14 20:32:57,256 autoreload /Users/rafal/VisualStudio/PythonProjects/XManager/apps/newsletter/models.py changed, reloading.
INFO 2025-05-14 20:32:57,550 autoreload Watching for file changes with StatReloader
INFO 2025-05-14 20:33:00,605 basehttp "GET /dashboard/ HTTP/1.1" 200 11876
INFO 2025-05-14 20:33:01,371 basehttp "GET /newsletter/ HTTP/1.1" 200 44685
INFO 2025-05-14 20:33:37,890 autoreload Watching for file changes with StatReloader
INFO 2025-05-14 20:33:39,891 basehttp "GET /dashboard/ HTTP/1.1" 200 11876
INFO 2025-05-14 20:33:41,144 basehttp "GET /newsletter/ HTTP/1.1" 200 44685
INFO 2025-05-14 20:33:41,966 basehttp "GET /newsletter/create/ HTTP/1.1" 200 83562
INFO 2025-05-14 20:33:42,131 basehttp "GET /newsletter/api/recipients/count/? HTTP/1.1" 200 56
INFO 2025-05-14 20:33:42,135 basehttp "GET /newsletter/api/subscriber-groups/ HTTP/1.1" 200 405
INFO 2025-05-14 20:33:49,131 basehttp "GET /newsletter/api/subscriber-groups/6/subscribers/ HTTP/1.1" 200 374
INFO 2025-05-14 20:33:49,132 basehttp "GET /newsletter/api/recipients/count/?group_ids=6 HTTP/1.1" 200 56
INFO 2025-05-14 20:33:50,723 basehttp "POST /newsletter/api/analyze-spam/ HTTP/1.1" 200 47
INFO 2025-05-14 20:33:54,593 basehttp "POST /newsletter/create/ HTTP/1.1" 302 0
INFO 2025-05-14 20:33:54,596 views Starting _process_send_request for newsletter test18
INFO 2025-05-14 20:33:54,597 views Found newsletter: 54 - Test18
INFO 2025-05-14 20:33:54,597 views Setting newsletter 54 status to 'sending'
INFO 2025-05-14 20:33:54,597 views About to call send_newsletter for 54
INFO 2025-05-14 20:33:54,597 views Starting to send newsletter: Test18 (ID: 54)
INFO 2025-05-14 20:33:54,597 views Direct subscribers: 0
INFO 2025-05-14 20:33:54,598 views Added 3 subscribers from group 6
INFO 2025-05-14 20:33:54,598 views Found 3 recipients for newsletter 54
INFO 2025-05-14 20:33:54,598 views Updated total_recipients to 3
INFO 2025-05-14 20:33:54,598 views Sending to rrafal889@gmail.com (1/3)
ERROR 2025-05-14 20:35:09,603 views Error sending to rrafal889@gmail.com: [Errno 60] Operation timed out
INFO 2025-05-14 20:35:09,604 views Sending to roach7777@gmail.com (2/3)
INFO 2025-05-14 20:35:19,025 views Starting _process_send_request for newsletter test18
INFO 2025-05-14 20:35:19,026 views Found newsletter: 54 - Test18
INFO 2025-05-14 20:35:19,026 views Setting newsletter 54 status to 'sending'
INFO 2025-05-14 20:35:19,026 views About to call send_newsletter for 54
INFO 2025-05-14 20:35:19,026 views Starting to send newsletter: Test18 (ID: 54)
INFO 2025-05-14 20:35:19,027 views Direct subscribers: 0
INFO 2025-05-14 20:35:19,028 views Added 3 subscribers from group 6
INFO 2025-05-14 20:35:19,028 views Found 3 recipients for newsletter 54
INFO 2025-05-14 20:35:19,029 views Updated total_recipients to 3
INFO 2025-05-14 20:35:19,029 views Sending to rrafal889@gmail.com (1/3)
ERROR 2025-05-14 20:40:56,395 views Error sending to roach7777@gmail.com: [Errno 60] Operation timed out
INFO 2025-05-14 20:40:56,395 views Sending to rafal.denisiuk@xbrands.pl (3/3)
ERROR 2025-05-14 20:41:05,823 views Error sending to rrafal889@gmail.com: [Errno 60] Operation timed out
INFO 2025-05-14 20:41:05,824 views Sending to roach7777@gmail.com (2/3)
WARNING 2025-05-14 20:41:31,230 log Not Found: /apple-touch-icon-precomposed.png
WARNING 2025-05-14 20:41:31,234 log Not Found: /favicon.ico
WARNING 2025-05-14 20:41:31,236 log Not Found: /apple-touch-icon.png
INFO 2025-05-14 20:41:31,237 basehttp "GET /subscribers/ HTTP/1.1" 302 0
WARNING 2025-05-14 20:41:31,237 basehttp "GET /apple-touch-icon-precomposed.png HTTP/1.1" 404 4649
WARNING 2025-05-14 20:41:31,237 basehttp "GET /favicon.ico HTTP/1.1" 404 4586
WARNING 2025-05-14 20:41:31,237 basehttp "GET /apple-touch-icon.png HTTP/1.1" 404 4613
INFO 2025-05-14 20:41:31,241 basehttp "GET /login/?next=/subscribers/ HTTP/1.1" 200 2717
ERROR 2025-05-14 20:42:11,400 views Error sending to rafal.denisiuk@xbrands.pl: [Errno 60] Operation timed out
INFO 2025-05-14 20:42:11,401 views Completed sending: 0 successful, 3 errors
INFO 2025-05-14 20:42:11,404 views Newsletter 54 status updated to 'failed'
INFO 2025-05-14 20:42:11,405 views send_newsletter returned with 0 recipients
INFO 2025-05-14 20:42:11,405 views Newsletter status after sending: failed
INFO 2025-05-14 20:42:11,406 views Not saving newsletter status as it's already set to failed
INFO 2025-05-14 20:42:11,406 views Redirecting to newsletter list
INFO 2025-05-14 20:42:11,407 basehttp - Broken pipe from ('127.0.0.1', 60835)
ERROR 2025-05-14 20:42:20,830 views Error sending to roach7777@gmail.com: [Errno 60] Operation timed out
INFO 2025-05-14 20:42:20,830 views Sending to rafal.denisiuk@xbrands.pl (3/3)
ERROR 2025-05-14 20:43:35,836 views Error sending to rafal.denisiuk@xbrands.pl: [Errno 60] Operation timed out
INFO 2025-05-14 20:43:35,836 views Completed sending: 0 successful, 3 errors
INFO 2025-05-14 20:43:35,838 views Newsletter 54 status updated to 'failed'
INFO 2025-05-14 20:43:35,838 views send_newsletter returned with 0 recipients
INFO 2025-05-14 20:43:35,839 views Newsletter status after sending: failed
INFO 2025-05-14 20:43:35,839 views Not saving newsletter status as it's already set to failed
INFO 2025-05-14 20:43:35,839 views Redirecting to newsletter list
INFO 2025-05-14 20:43:35,840 basehttp - Broken pipe from ('127.0.0.1', 61251)
INFO 2025-05-15 15:04:28,426 autoreload Watching for file changes with StatReloader
INFO 2025-05-15 15:04:45,777 autoreload Watching for file changes with StatReloader
INFO 2025-05-15 15:04:49,484 basehttp "GET / HTTP/1.1" 200 11870
INFO 2025-05-15 15:04:49,524 basehttp "GET /static/css/style.css HTTP/1.1" 304 0
INFO 2025-05-15 15:04:49,526 basehttp "GET /static/js/main.js HTTP/1.1" 200 6316
WARNING 2025-05-15 15:04:49,560 log Not Found: /favicon.ico
WARNING 2025-05-15 15:04:49,561 log Not Found: /apple-touch-icon-precomposed.png
WARNING 2025-05-15 15:04:49,562 log Not Found: /apple-touch-icon.png
WARNING 2025-05-15 15:04:49,562 basehttp "GET /favicon.ico HTTP/1.1" 404 4586
WARNING 2025-05-15 15:04:49,562 basehttp "GET /apple-touch-icon.png HTTP/1.1" 404 4613
WARNING 2025-05-15 15:04:49,562 basehttp "GET /apple-touch-icon-precomposed.png HTTP/1.1" 404 4649
INFO 2025-05-15 15:04:52,368 basehttp "GET /partner/ HTTP/1.1" 200 168030
INFO 2025-05-15 15:04:52,369 basehttp "GET /static/partner/js/partner_api.js HTTP/1.1" 304 0
INFO 2025-05-15 15:04:52,370 basehttp "GET /static/partner/js/partner_edit.js HTTP/1.1" 304 0
INFO 2025-05-15 15:04:52,370 basehttp "GET /static/partner/js/vat_verification_status.js HTTP/1.1" 304 0
INFO 2025-05-15 15:04:52,370 basehttp "GET /static/partner/js/subscriber_select.js HTTP/1.1" 304 0
INFO 2025-05-15 15:04:55,743 basehttp "GET /subscribers/ HTTP/1.1" 200 131437
WARNING 2025-05-15 15:04:55,776 log Not Found: /apple-touch-icon-precomposed.png
WARNING 2025-05-15 15:04:55,778 log Not Found: /apple-touch-icon.png
WARNING 2025-05-15 15:04:55,778 basehttp "GET /apple-touch-icon-precomposed.png HTTP/1.1" 404 4649
WARNING 2025-05-15 15:04:55,779 log Not Found: /favicon.ico
WARNING 2025-05-15 15:04:55,779 basehttp "GET /favicon.ico HTTP/1.1" 404 4586
WARNING 2025-05-15 15:04:55,779 basehttp "GET /apple-touch-icon.png HTTP/1.1" 404 4613
INFO 2025-05-15 15:04:57,112 basehttp "GET /subscribers/groups/ HTTP/1.1" 200 17846
INFO 2025-05-15 15:16:36,987 basehttp "GET /subscribers/ HTTP/1.1" 200 131437
WARNING 2025-05-15 15:16:37,030 log Not Found: /apple-touch-icon-precomposed.png
WARNING 2025-05-15 15:16:37,031 log Not Found: /apple-touch-icon.png
WARNING 2025-05-15 15:16:37,032 log Not Found: /favicon.ico
WARNING 2025-05-15 15:16:37,032 basehttp "GET /apple-touch-icon-precomposed.png HTTP/1.1" 404 4649
WARNING 2025-05-15 15:16:37,032 basehttp "GET /apple-touch-icon.png HTTP/1.1" 404 4613
WARNING 2025-05-15 15:16:37,032 basehttp "GET /favicon.ico HTTP/1.1" 404 4586
INFO 2025-05-15 15:16:37,889 basehttp "GET /subscribers/import/ HTTP/1.1" 200 20311
INFO 2025-05-15 15:17:21,422 basehttp "GET /subscribers/groups/ HTTP/1.1" 200 17846
INFO 2025-05-15 15:17:26,205 basehttp "GET /subscribers/groups/update/5/ HTTP/1.1" 200 48577
INFO 2025-05-15 15:17:27,495 basehttp "POST /subscribers/groups/update/5/ HTTP/1.1" 302 0
INFO 2025-05-15 15:17:27,501 basehttp "GET /subscribers/groups/update/5/ HTTP/1.1" 200 49010
INFO 2025-05-15 15:17:27,965 basehttp "POST /subscribers/groups/update/5/ HTTP/1.1" 302 0
INFO 2025-05-15 15:17:27,975 basehttp "GET /subscribers/groups/update/5/ HTTP/1.1" 200 48997
INFO 2025-05-15 15:17:28,380 basehttp "POST /subscribers/groups/update/5/ HTTP/1.1" 302 0
INFO 2025-05-15 15:17:28,391 basehttp "GET /subscribers/groups/update/5/ HTTP/1.1" 200 48984
INFO 2025-05-15 15:17:28,833 basehttp "POST /subscribers/groups/update/5/ HTTP/1.1" 302 0
INFO 2025-05-15 15:17:28,842 basehttp "GET /subscribers/groups/update/5/ HTTP/1.1" 200 48971
INFO 2025-05-15 15:17:29,248 basehttp "POST /subscribers/groups/update/5/ HTTP/1.1" 302 0
INFO 2025-05-15 15:17:29,258 basehttp "GET /subscribers/groups/update/5/ HTTP/1.1" 200 47791
INFO 2025-05-15 15:17:30,082 basehttp "POST /subscribers/groups/update/5/ HTTP/1.1" 302 0
INFO 2025-05-15 15:17:30,092 basehttp "GET /subscribers/groups/update/5/ HTTP/1.1" 200 47786
INFO 2025-05-15 15:17:31,038 basehttp "GET /subscribers/groups/ HTTP/1.1" 200 17846
INFO 2025-05-15 15:17:40,582 basehttp "POST /subscribers/import/ HTTP/1.1" 302 0
INFO 2025-05-15 15:17:40,612 basehttp "GET /subscribers/ HTTP/1.1" 200 131613
WARNING 2025-05-15 15:17:40,659 log Not Found: /apple-touch-icon-precomposed.png
WARNING 2025-05-15 15:17:40,660 log Not Found: /apple-touch-icon.png
WARNING 2025-05-15 15:17:40,661 basehttp "GET /apple-touch-icon-precomposed.png HTTP/1.1" 404 4649
WARNING 2025-05-15 15:17:40,662 log Not Found: /favicon.ico
WARNING 2025-05-15 15:17:40,662 basehttp "GET /apple-touch-icon.png HTTP/1.1" 404 4613
WARNING 2025-05-15 15:17:40,662 basehttp "GET /favicon.ico HTTP/1.1" 404 4586
INFO 2025-05-15 15:17:46,766 basehttp "GET /newsletter/ HTTP/1.1" 200 44456
INFO 2025-05-15 15:17:47,255 basehttp "GET /subscribers/groups/ HTTP/1.1" 200 17846
INFO 2025-05-15 15:17:48,447 basehttp "GET /newsletter/ HTTP/1.1" 200 44456
INFO 2025-05-15 15:17:49,423 basehttp "GET /subscribers/ HTTP/1.1" 200 130752
WARNING 2025-05-15 15:17:49,457 log Not Found: /favicon.ico
WARNING 2025-05-15 15:17:49,457 basehttp "GET /favicon.ico HTTP/1.1" 404 4586
WARNING 2025-05-15 15:17:49,459 log Not Found: /apple-touch-icon-precomposed.png
WARNING 2025-05-15 15:17:49,459 basehttp "GET /apple-touch-icon-precomposed.png HTTP/1.1" 404 4649
WARNING 2025-05-15 15:17:49,460 log Not Found: /apple-touch-icon.png
WARNING 2025-05-15 15:17:49,460 basehttp "GET /apple-touch-icon.png HTTP/1.1" 404 4613
INFO 2025-05-15 15:17:50,445 basehttp "GET /subscribers/import/ HTTP/1.1" 200 20311
INFO 2025-05-15 15:18:08,578 basehttp "POST /subscribers/import/ HTTP/1.1" 302 0
INFO 2025-05-15 15:18:08,606 basehttp "GET /subscribers/ HTTP/1.1" 200 131613
WARNING 2025-05-15 15:18:08,639 log Not Found: /apple-touch-icon-precomposed.png
WARNING 2025-05-15 15:18:08,641 log Not Found: /favicon.ico
WARNING 2025-05-15 15:18:08,642 log Not Found: /apple-touch-icon.png
WARNING 2025-05-15 15:18:08,642 basehttp "GET /apple-touch-icon-precomposed.png HTTP/1.1" 404 4649
WARNING 2025-05-15 15:18:08,642 basehttp "GET /favicon.ico HTTP/1.1" 404 4586
WARNING 2025-05-15 15:18:08,642 basehttp "GET /apple-touch-icon.png HTTP/1.1" 404 4613
INFO 2025-05-15 15:19:24,445 basehttp "GET /subscribers/import/ HTTP/1.1" 200 20311
INFO 2025-05-15 15:19:26,295 basehttp "GET /subscribers/ HTTP/1.1" 200 130752
WARNING 2025-05-15 15:19:26,338 log Not Found: /favicon.ico
WARNING 2025-05-15 15:19:26,339 log Not Found: /apple-touch-icon-precomposed.png
WARNING 2025-05-15 15:19:26,340 log Not Found: /apple-touch-icon.png
WARNING 2025-05-15 15:19:26,340 basehttp "GET /favicon.ico HTTP/1.1" 404 4586
WARNING 2025-05-15 15:19:26,340 basehttp "GET /apple-touch-icon-precomposed.png HTTP/1.1" 404 4649
WARNING 2025-05-15 15:19:26,340 basehttp "GET /apple-touch-icon.png HTTP/1.1" 404 4613
INFO 2025-05-15 15:19:27,529 basehttp "GET /subscribers/groups/ HTTP/1.1" 200 17846
INFO 2025-05-15 15:19:30,172 basehttp "GET /subscribers/ HTTP/1.1" 200 130752
WARNING 2025-05-15 15:19:30,205 log Not Found: /apple-touch-icon.png
WARNING 2025-05-15 15:19:30,206 log Not Found: /apple-touch-icon-precomposed.png
WARNING 2025-05-15 15:19:30,207 log Not Found: /favicon.ico
WARNING 2025-05-15 15:19:30,207 basehttp "GET /apple-touch-icon.png HTTP/1.1" 404 4613
WARNING 2025-05-15 15:19:30,208 basehttp "GET /favicon.ico HTTP/1.1" 404 4586
WARNING 2025-05-15 15:19:30,208 basehttp "GET /apple-touch-icon-precomposed.png HTTP/1.1" 404 4649
INFO 2025-05-15 15:19:30,919 basehttp "GET /subscribers/import/ HTTP/1.1" 200 20311
INFO 2025-05-15 15:19:51,095 basehttp "POST /subscribers/import/ HTTP/1.1" 302 0
INFO 2025-05-15 15:19:51,126 basehttp "GET /subscribers/ HTTP/1.1" 200 131613
WARNING 2025-05-15 15:19:51,164 log Not Found: /apple-touch-icon-precomposed.png
WARNING 2025-05-15 15:19:51,165 log Not Found: /favicon.ico
WARNING 2025-05-15 15:19:51,166 log Not Found: /apple-touch-icon.png
WARNING 2025-05-15 15:19:51,166 basehttp "GET /favicon.ico HTTP/1.1" 404 4586
WARNING 2025-05-15 15:19:51,166 basehttp "GET /apple-touch-icon-precomposed.png HTTP/1.1" 404 4649
WARNING 2025-05-15 15:19:51,167 basehttp "GET /apple-touch-icon.png HTTP/1.1" 404 4613
INFO 2025-05-15 15:21:30,211 basehttp "GET /subscribers/import/ HTTP/1.1" 200 20311
INFO 2025-05-15 15:21:43,969 basehttp "POST /subscribers/import/ HTTP/1.1" 302 0
INFO 2025-05-15 15:21:44,027 basehttp "GET /subscribers/ HTTP/1.1" 200 273459
WARNING 2025-05-15 15:21:44,080 log Not Found: /apple-touch-icon-precomposed.png
WARNING 2025-05-15 15:21:44,081 log Not Found: /favicon.ico
WARNING 2025-05-15 15:21:44,082 log Not Found: /apple-touch-icon.png
WARNING 2025-05-15 15:21:44,083 basehttp "GET /apple-touch-icon-precomposed.png HTTP/1.1" 404 4649
WARNING 2025-05-15 15:21:44,083 basehttp "GET /apple-touch-icon.png HTTP/1.1" 404 4613
WARNING 2025-05-15 15:21:44,083 basehttp "GET /favicon.ico HTTP/1.1" 404 4586
INFO 2025-05-15 15:21:52,936 basehttp "GET /subscribers/groups/ HTTP/1.1" 200 17848
INFO 2025-05-15 15:21:54,496 basehttp "GET /subscribers/ HTTP/1.1" 200 272925
WARNING 2025-05-15 15:21:54,547 log Not Found: /favicon.ico
WARNING 2025-05-15 15:21:54,548 log Not Found: /apple-touch-icon.png
WARNING 2025-05-15 15:21:54,550 log Not Found: /apple-touch-icon-precomposed.png
WARNING 2025-05-15 15:21:54,550 basehttp "GET /apple-touch-icon.png HTTP/1.1" 404 4613
WARNING 2025-05-15 15:21:54,550 basehttp "GET /favicon.ico HTTP/1.1" 404 4586
WARNING 2025-05-15 15:21:54,550 basehttp "GET /apple-touch-icon-precomposed.png HTTP/1.1" 404 4649
INFO 2025-05-15 15:22:14,244 basehttp "GET /subscribers/groups/ HTTP/1.1" 200 17848
INFO 2025-05-15 15:22:21,366 basehttp "GET /subscribers/ HTTP/1.1" 200 272925
WARNING 2025-05-15 15:22:21,416 log Not Found: /apple-touch-icon-precomposed.png
WARNING 2025-05-15 15:22:21,417 log Not Found: /apple-touch-icon.png
WARNING 2025-05-15 15:22:21,418 basehttp "GET /apple-touch-icon-precomposed.png HTTP/1.1" 404 4649
WARNING 2025-05-15 15:22:21,418 basehttp "GET /apple-touch-icon.png HTTP/1.1" 404 4613
WARNING 2025-05-15 15:22:21,419 log Not Found: /favicon.ico
WARNING 2025-05-15 15:22:21,419 basehttp "GET /favicon.ico HTTP/1.1" 404 4586
INFO 2025-05-15 15:22:37,520 basehttp "GET /subscribers/?search=&group=5&consent= HTTP/1.1" 200 263602
INFO 2025-05-15 15:22:49,059 basehttp "GET /subscribers/?search=&group=5&consent=&page_size=500 HTTP/1.1" 200 1096148
INFO 2025-05-15 15:23:36,308 basehttp "POST /subscribers/bulk-action/ HTTP/1.1" 302 0
INFO 2025-05-15 15:23:36,366 basehttp "GET /subscribers/ HTTP/1.1" 200 273538
WARNING 2025-05-15 15:23:36,428 log Not Found: /apple-touch-icon.png
WARNING 2025-05-15 15:23:36,429 log Not Found: /favicon.ico
WARNING 2025-05-15 15:23:36,430 log Not Found: /apple-touch-icon-precomposed.png
WARNING 2025-05-15 15:23:36,431 basehttp "GET /apple-touch-icon.png HTTP/1.1" 404 4613
WARNING 2025-05-15 15:23:36,431 basehttp "GET /favicon.ico HTTP/1.1" 404 4586
WARNING 2025-05-15 15:23:36,431 basehttp "GET /apple-touch-icon-precomposed.png HTTP/1.1" 404 4649
INFO 2025-05-15 15:23:46,189 basehttp "GET /subscribers/?page=2 HTTP/1.1" 200 263300
INFO 2025-05-15 15:23:48,887 basehttp "GET /subscribers/?page=3 HTTP/1.1" 200 264597
INFO 2025-05-15 15:24:17,807 basehttp "GET /subscribers/?page=4 HTTP/1.1" 200 263465
INFO 2025-05-15 15:24:20,826 basehttp "GET /subscribers/?page=5 HTTP/1.1" 200 263414
INFO 2025-05-15 15:24:28,994 basehttp "GET /subscribers/?page=6 HTTP/1.1" 200 263308
INFO 2025-05-15 15:24:33,046 basehttp "GET /subscribers/?page=7 HTTP/1.1" 200 266119
INFO 2025-05-15 15:24:40,685 basehttp "GET /subscribers/?page=1 HTTP/1.1" 200 273091
INFO 2025-05-15 15:24:43,369 basehttp "GET /subscribers/?search=&consent=&page_size=500 HTTP/1.1" 200 1107655
INFO 2025-05-15 15:24:49,968 basehttp "GET /subscribers/?search=&consent=1 HTTP/1.1" 200 274944
INFO 2025-05-15 15:24:52,875 basehttp "GET /subscribers/?search=&consent=1&page_size=500 HTTP/1.1" 200 1046935
INFO 2025-05-15 15:25:34,993 basehttp "GET /dashboard/ HTTP/1.1" 200 11877
INFO 2025-05-15 18:12:50,866 autoreload /Users/rafal/VisualStudio/PythonProjects/XManager/apps/subscriber/forms.py changed, reloading.
INFO 2025-05-15 18:12:51,224 autoreload Watching for file changes with StatReloader
INFO 2025-05-15 18:13:44,451 autoreload /Users/rafal/VisualStudio/PythonProjects/XManager/apps/subscriber/views.py changed, reloading.
INFO 2025-05-15 18:13:44,727 autoreload Watching for file changes with StatReloader
INFO 2025-05-15 18:15:44,685 basehttp "GET /subscribers HTTP/1.1" 301 0
INFO 2025-05-15 18:15:44,760 basehttp "GET /subscribers/ HTTP/1.1" 200 273521
INFO 2025-05-15 18:15:44,878 basehttp "GET /static/css/style.css HTTP/1.1" 304 0
INFO 2025-05-15 18:15:44,988 basehttp "GET /static/js/main.js HTTP/1.1" 304 0
WARNING 2025-05-15 18:15:45,284 log Not Found: /favicon.ico
WARNING 2025-05-15 18:15:45,284 basehttp "GET /favicon.ico HTTP/1.1" 404 4586
INFO 2025-05-15 18:15:46,750 basehttp "GET /subscribers/groups/ HTTP/1.1" 200 17848
INFO 2025-05-15 18:15:47,248 basehttp "GET /subscribers/ HTTP/1.1" 200 273091
INFO 2025-05-15 18:15:50,909 basehttp "GET /subscribers/import/ HTTP/1.1" 200 21735
INFO 2025-05-15 18:16:16,173 basehttp "POST /subscribers/import/ HTTP/1.1" 302 0
INFO 2025-05-15 18:16:16,229 basehttp "GET /subscribers/ HTTP/1.1" 200 273625
INFO 2025-05-15 18:16:28,328 basehttp "GET /subscribers/groups/ HTTP/1.1" 200 17848
INFO 2025-05-15 18:16:31,897 basehttp "GET /subscribers/groups/view-subscribers/5/ HTTP/1.1" 200 799106
INFO 2025-05-15 18:19:05,450 autoreload /Users/rafal/VisualStudio/PythonProjects/XManager/apps/subscriber/views.py changed, reloading.
INFO 2025-05-15 18:19:05,787 autoreload Watching for file changes with StatReloader
INFO 2025-05-15 18:19:08,246 basehttp "GET /subscribers/groups/ HTTP/1.1" 200 17848
INFO 2025-05-15 18:19:10,414 basehttp "GET /subscribers/ HTTP/1.1" 200 273091
INFO 2025-05-15 18:19:11,499 basehttp "GET /subscribers/import/ HTTP/1.1" 200 21735
INFO 2025-05-15 18:19:25,242 basehttp "POST /subscribers/import/ HTTP/1.1" 302 0
INFO 2025-05-15 18:19:25,298 basehttp "GET /subscribers/ HTTP/1.1" 200 273127
INFO 2025-05-15 18:19:47,359 basehttp "GET /subscribers/ HTTP/1.1" 200 272593
INFO 2025-05-15 19:18:49,879 basehttp "GET /subscribers/?search=&group=5&consent= HTTP/1.1" 200 263202
INFO 2025-05-15 19:18:59,720 basehttp "GET /subscribers/?page=2&search=&group=5&consent= HTTP/1.1" 200 264132
INFO 2025-05-15 19:19:13,223 basehttp "GET /subscribers/ HTTP/1.1" 200 272593
INFO 2025-05-15 19:19:13,701 basehttp "GET /subscribers/groups/ HTTP/1.1" 200 17848
INFO 2025-05-15 19:19:21,915 basehttp "GET /subscribers/groups/update/1/ HTTP/1.1" 200 1196657
INFO 2025-05-15 19:19:31,209 basehttp "GET /subscribers/groups/ HTTP/1.1" 200 17848
INFO 2025-05-15 19:19:33,256 basehttp "GET /subscribers/groups/view-subscribers/1/ HTTP/1.1" 200 21974
INFO 2025-05-15 19:19:41,205 basehttp "GET /subscribers/groups/ HTTP/1.1" 200 17848
INFO 2025-05-15 19:19:49,995 basehttp "GET /subscribers/groups/update/1/ HTTP/1.1" 200 1196657
INFO 2025-05-15 19:20:05,801 basehttp "GET /subscribers/groups/ HTTP/1.1" 200 17848
INFO 2025-05-15 19:20:08,747 basehttp "GET /subscribers/groups/view-subscribers/1/ HTTP/1.1" 200 21974
INFO 2025-05-15 19:20:12,429 basehttp "GET /subscribers/update/49/ HTTP/1.1" 200 20705
INFO 2025-05-15 19:20:16,508 basehttp "GET /subscribers/ HTTP/1.1" 200 272593
INFO 2025-05-15 19:20:19,180 basehttp "GET /subscribers/groups/ HTTP/1.1" 200 17848
INFO 2025-05-15 19:20:20,928 basehttp "GET /subscribers/groups/update/1/ HTTP/1.1" 200 1196657
INFO 2025-05-15 19:23:29,690 autoreload /Users/rafal/VisualStudio/PythonProjects/XManager/apps/subscriber/views.py changed, reloading.
INFO 2025-05-15 19:23:30,041 autoreload Watching for file changes with StatReloader
INFO 2025-05-15 19:25:39,575 autoreload /Users/rafal/VisualStudio/PythonProjects/XManager/apps/subscriber/views.py changed, reloading.
INFO 2025-05-15 19:25:39,879 autoreload Watching for file changes with StatReloader
INFO 2025-05-15 19:27:36,889 basehttp "GET /subscribers/ HTTP/1.1" 200 272593
INFO 2025-05-15 19:27:37,332 basehttp "GET /subscribers/groups/ HTTP/1.1" 200 17848
INFO 2025-05-15 19:27:39,265 basehttp "GET /subscribers/groups/update/1/ HTTP/1.1" 200 1608138
INFO 2025-05-15 19:27:51,864 basehttp "GET /subscribers/groups/ HTTP/1.1" 200 17848
INFO 2025-05-15 19:27:57,375 basehttp "GET /subscribers/groups/update/5/ HTTP/1.1" 200 1620147
INFO 2025-05-15 19:28:14,561 basehttp "GET /subscribers/groups/update/5/?group_search=diverse HTTP/1.1" 200 62119
INFO 2025-05-15 19:28:34,878 basehttp "GET /subscribers/groups/update/5/?group_search= HTTP/1.1" 200 1620147
INFO 2025-05-15 19:28:43,787 basehttp "GET /subscribers/groups/ HTTP/1.1" 200 17848
INFO 2025-05-15 19:28:46,984 basehttp "GET /subscribers/groups/view-subscribers/1/ HTTP/1.1" 200 22737
INFO 2025-05-15 19:28:54,236 basehttp "GET /subscribers/groups/ HTTP/1.1" 200 17848
INFO 2025-05-15 19:28:55,672 basehttp "GET /subscribers/groups/update/1/ HTTP/1.1" 200 1608138
INFO 2025-05-15 19:30:36,217 basehttp "GET /subscribers/groups/ HTTP/1.1" 200 17848
INFO 2025-05-15 19:30:38,936 basehttp "GET /subscribers/groups/view-subscribers/1/ HTTP/1.1" 200 22737
INFO 2025-05-15 19:30:49,354 basehttp "GET /subscribers/groups/ HTTP/1.1" 200 17848
INFO 2025-05-15 19:30:52,221 basehttp "GET /subscribers/groups/update/1/ HTTP/1.1" 200 1608138
INFO 2025-05-15 19:30:56,616 basehttp "POST /subscribers/groups/update/1/ HTTP/1.1" 302 0
INFO 2025-05-15 19:30:56,661 basehttp "GET /subscribers/groups/update/1/ HTTP/1.1" 200 1608571
INFO 2025-05-15 19:31:12,139 basehttp "GET /subscribers/groups/ HTTP/1.1" 200 17848
INFO 2025-05-15 19:31:13,452 basehttp "GET /subscribers/groups/view-subscribers/1/ HTTP/1.1" 200 21880
INFO 2025-05-15 19:32:46,640 basehttp "GET /subscribers/groups/update/1/ HTTP/1.1" 200 1608125
INFO 2025-05-15 19:35:50,375 basehttp "GET /subscribers/groups/update/1/ HTTP/1.1" 200 1608125
INFO 2025-05-15 19:36:37,845 autoreload /Users/rafal/VisualStudio/PythonProjects/XManager/apps/subscriber/urls.py changed, reloading.
INFO 2025-05-15 19:36:38,136 autoreload Watching for file changes with StatReloader
INFO 2025-05-15 19:36:50,626 autoreload /Users/rafal/VisualStudio/PythonProjects/XManager/apps/subscriber/views.py changed, reloading.
INFO 2025-05-15 19:36:50,844 autoreload Watching for file changes with StatReloader
INFO 2025-05-15 19:38:25,218 basehttp "GET /subscribers/groups/ HTTP/1.1" 200 16198
INFO 2025-05-15 19:38:27,368 basehttp "GET /subscribers/groups/update/1/ HTTP/1.1" 200 1608125
INFO 2025-05-15 19:38:29,269 basehttp "GET /subscribers/groups/ HTTP/1.1" 200 16198
INFO 2025-05-15 19:38:35,306 basehttp "GET /subscribers/groups/delete/4/ HTTP/1.1" 200 7108
INFO 2025-05-15 19:38:41,714 basehttp "GET /subscribers/groups/ HTTP/1.1" 200 16198
INFO 2025-05-15 19:38:49,284 basehttp "GET /subscribers/ HTTP/1.1" 200 272454
INFO 2025-05-15 19:39:06,102 basehttp "GET /subscribers/update/21/ HTTP/1.1" 200 20705
INFO 2025-05-15 19:39:10,781 basehttp "GET /subscribers/ HTTP/1.1" 200 272454
INFO 2025-05-15 19:39:23,320 basehttp "GET /subscribers/?page=2 HTTP/1.1" 200 262700
INFO 2025-05-15 19:39:26,319 basehttp "GET /subscribers/?search=&consent=&page_size=200 HTTP/1.1" 200 480247
INFO 2025-05-15 19:39:50,730 basehttp "GET /subscribers/groups/ HTTP/1.1" 200 16198
INFO 2025-05-15 19:39:51,182 basehttp "GET /newsletter/ HTTP/1.1" 200 44456
INFO 2025-05-15 19:39:54,243 basehttp "GET /subscribers/groups/ HTTP/1.1" 200 16198
INFO 2025-05-15 19:39:55,595 basehttp "GET /newsletter/ HTTP/1.1" 200 44456
INFO 2025-05-15 19:39:58,792 basehttp "GET /newsletter/templates/ HTTP/1.1" 200 13931
INFO 2025-05-15 19:40:01,890 basehttp "GET /newsletter/ HTTP/1.1" 200 44456
INFO 2025-05-15 19:40:02,859 basehttp "GET /subscribers/groups/ HTTP/1.1" 200 16198
INFO 2025-05-15 19:40:03,828 basehttp "GET /subscribers/ HTTP/1.1" 200 272454
INFO 2025-05-15 19:40:08,058 basehttp "GET /partner/ HTTP/1.1" 200 168030
INFO 2025-05-15 19:40:17,259 basehttp "GET /dashboard/ HTTP/1.1" 200 11877
INFO 2025-05-15 19:40:20,971 basehttp "GET /partner/ HTTP/1.1" 200 168030
INFO 2025-05-15 19:40:22,102 basehttp "GET /dashboard/ HTTP/1.1" 200 11877
INFO 2025-05-15 19:40:24,223 basehttp "GET / HTTP/1.1" 200 11871
INFO 2025-05-15 19:40:27,842 basehttp "GET /dashboard/ HTTP/1.1" 200 11877
INFO 2025-05-15 19:40:31,374 basehttp "GET / HTTP/1.1" 200 11871
INFO 2025-05-15 19:40:32,207 basehttp "GET /dashboard/ HTTP/1.1" 200 11877
INFO 2025-05-15 19:40:33,049 basehttp "GET / HTTP/1.1" 200 11871
INFO 2025-05-15 19:40:33,550 basehttp "GET /dashboard/ HTTP/1.1" 200 11877
INFO 2025-05-15 19:40:35,651 basehttp "GET /partner/ HTTP/1.1" 200 168030
INFO 2025-05-15 19:40:36,327 basehttp "GET /subscribers/ HTTP/1.1" 200 272454
INFO 2025-05-15 19:40:36,744 basehttp "GET /subscribers/groups/ HTTP/1.1" 200 16198
INFO 2025-05-15 19:40:37,260 basehttp "GET /newsletter/ HTTP/1.1" 200 44456
INFO 2025-05-15 19:40:37,735 basehttp "GET /newsletter/templates/ HTTP/1.1" 200 13931
INFO 2025-05-15 19:43:40,140 basehttp "GET /dashboard/ HTTP/1.1" 200 11877
INFO 2025-05-15 19:43:40,693 basehttp "GET /partner/ HTTP/1.1" 200 168030
INFO 2025-05-15 19:43:41,322 basehttp "GET /subscribers/ HTTP/1.1" 200 272454
INFO 2025-05-15 19:43:41,950 basehttp "GET /subscribers/groups/ HTTP/1.1" 200 16198
INFO 2025-05-15 19:43:43,402 basehttp "GET /newsletter/ HTTP/1.1" 200 44456
INFO 2025-05-15 19:43:46,256 basehttp "GET /subscribers/groups/ HTTP/1.1" 200 16198
INFO 2025-05-15 19:43:47,484 basehttp "GET /subscribers/ HTTP/1.1" 200 272454
INFO 2025-05-15 19:43:48,295 basehttp "GET /partner/ HTTP/1.1" 200 168030
INFO 2025-05-15 19:43:49,250 basehttp "GET /subscribers/ HTTP/1.1" 200 272454
INFO 2025-05-15 19:43:49,682 basehttp "GET /subscribers/groups/ HTTP/1.1" 200 16198
INFO 2025-05-15 19:43:50,403 basehttp "GET /newsletter/ HTTP/1.1" 200 44456
INFO 2025-05-15 19:43:51,293 basehttp "GET /newsletter/templates/ HTTP/1.1" 200 13931
INFO 2025-05-15 19:43:52,670 basehttp "GET /newsletter/ HTTP/1.1" 200 44456
INFO 2025-05-15 19:45:20,558 basehttp "GET /newsletter/templates/ HTTP/1.1" 200 13931
INFO 2025-05-15 19:48:57,323 basehttp "GET /newsletter/ HTTP/1.1" 200 44456
INFO 2025-05-15 19:49:05,116 basehttp "GET /subscribers/groups/ HTTP/1.1" 200 16198
INFO 2025-05-15 19:49:06,141 basehttp "GET /newsletter/ HTTP/1.1" 200 44456
INFO 2025-05-15 19:49:06,681 basehttp "GET /newsletter/templates/ HTTP/1.1" 200 13931
INFO 2025-05-15 19:49:09,197 basehttp "GET /newsletter/ HTTP/1.1" 200 44456
INFO 2025-05-15 19:50:28,941 basehttp "GET /subscribers/groups/ HTTP/1.1" 200 16198
INFO 2025-05-15 19:50:29,804 basehttp "GET /newsletter/ HTTP/1.1" 200 44448
INFO 2025-05-15 19:50:33,462 basehttp "GET /subscribers/groups/ HTTP/1.1" 200 16198
INFO 2025-05-15 19:50:34,299 basehttp "GET /newsletter/ HTTP/1.1" 200 44448
INFO 2025-05-15 19:50:37,825 basehttp "GET /newsletter/templates/ HTTP/1.1" 200 13931
INFO 2025-05-15 19:50:38,971 basehttp "GET /newsletter/ HTTP/1.1" 200 44448
INFO 2025-05-15 19:51:03,340 basehttp "GET /newsletter/create/ HTTP/1.1" 200 83562
INFO 2025-05-15 19:51:03,380 basehttp "GET /newsletter/api/recipients/count/? HTTP/1.1" 200 56
INFO 2025-05-15 19:51:03,383 basehttp "GET /newsletter/api/subscriber-groups/ HTTP/1.1" 200 407
INFO 2025-05-15 19:51:05,001 basehttp "GET /newsletter/ HTTP/1.1" 200 44448
INFO 2025-05-15 19:51:07,247 basehttp "GET /newsletter/create/ HTTP/1.1" 200 83562
INFO 2025-05-15 19:51:07,286 basehttp "GET /newsletter/api/recipients/count/? HTTP/1.1" 200 56
INFO 2025-05-15 19:51:07,290 basehttp "GET /newsletter/api/subscriber-groups/ HTTP/1.1" 200 407
INFO 2025-05-15 19:51:09,120 basehttp "GET /newsletter/ HTTP/1.1" 200 44448
INFO 2025-05-15 19:51:15,643 basehttp "GET /dashboard/ HTTP/1.1" 200 11877
INFO 2025-05-15 19:51:16,358 basehttp "GET /partner/ HTTP/1.1" 200 168030
INFO 2025-05-15 19:51:24,088 basehttp "GET /subscribers/ HTTP/1.1" 200 272454
INFO 2025-05-15 19:51:26,373 basehttp "GET /partner/ HTTP/1.1" 200 168030
INFO 2025-05-15 19:51:57,076 basehttp "GET /partner/update/11/ HTTP/1.1" 200 105759
INFO 2025-05-15 19:52:06,726 basehttp "GET /partner/verify-vat/11/ HTTP/1.1" 302 0
INFO 2025-05-15 19:52:06,744 basehttp "GET /partner/update/11/ HTTP/1.1" 200 107029
INFO 2025-05-15 19:52:21,327 basehttp "POST /partner/update/11/ HTTP/1.1" 302 0
INFO 2025-05-15 19:52:21,336 basehttp "GET /partner/ HTTP/1.1" 200 168479
INFO 2025-05-15 19:52:41,972 basehttp "GET /subscribers/ HTTP/1.1" 200 272454
INFO 2025-05-15 19:52:43,866 basehttp "GET /subscribers/groups/ HTTP/1.1" 200 16198
INFO 2025-05-15 19:52:44,788 basehttp "GET /newsletter/ HTTP/1.1" 200 43684
INFO 2025-05-15 19:52:51,282 basehttp "GET /newsletter/?status=sending HTTP/1.1" 200 25356
INFO 2025-05-15 19:52:53,579 basehttp "GET /newsletter/?status=sent HTTP/1.1" 200 23105
INFO 2025-05-15 19:52:55,096 basehttp "GET /newsletter/?status=failed HTTP/1.1" 200 40444
INFO 2025-05-15 19:52:56,285 basehttp "GET /newsletter/?status=draft HTTP/1.1" 200 42264
INFO 2025-05-15 19:53:03,060 basehttp "GET /newsletter/ HTTP/1.1" 200 43684
INFO 2025-05-15 19:53:12,286 basehttp "GET /newsletter/templates/ HTTP/1.1" 200 13931
INFO 2025-05-15 19:53:13,236 basehttp "GET /newsletter/ HTTP/1.1" 200 43684
INFO 2025-05-15 19:53:13,764 basehttp "GET /subscribers/groups/ HTTP/1.1" 200 16198
INFO 2025-05-15 19:53:14,332 basehttp "GET /subscribers/ HTTP/1.1" 200 272454
INFO 2025-05-15 19:53:14,963 basehttp "GET /dashboard/ HTTP/1.1" 200 11877
INFO 2025-05-15 19:53:49,192 basehttp "GET /partner/ HTTP/1.1" 200 168037
INFO 2025-05-15 19:53:50,031 basehttp "GET /dashboard/ HTTP/1.1" 200 11877
INFO 2025-05-15 19:53:50,677 basehttp "GET /partner/ HTTP/1.1" 200 168037
INFO 2025-05-15 19:53:52,151 basehttp "GET /subscribers/ HTTP/1.1" 200 272454
INFO 2025-05-15 19:53:53,084 basehttp "GET /subscribers/groups/ HTTP/1.1" 200 16198
INFO 2025-05-15 19:53:53,733 basehttp "GET /newsletter/ HTTP/1.1" 200 43684
INFO 2025-05-15 19:53:57,713 basehttp "GET /newsletter/templates/ HTTP/1.1" 200 13931
INFO 2025-05-15 19:53:59,969 basehttp "GET /newsletter/ HTTP/1.1" 200 43684
INFO 2025-05-15 19:54:00,599 basehttp "GET /subscribers/groups/ HTTP/1.1" 200 16198
INFO 2025-05-15 19:54:01,285 basehttp "GET /subscribers/ HTTP/1.1" 200 272454
INFO 2025-05-15 19:54:01,876 basehttp "GET /partner/ HTTP/1.1" 200 168037
INFO 2025-05-15 19:54:11,508 basehttp "GET /newsletter/ HTTP/1.1" 200 43684
INFO 2025-05-15 19:54:19,531 basehttp "GET /dashboard/ HTTP/1.1" 200 11877
INFO 2025-05-16 15:05:32,616 basehttp "GET /partner/ HTTP/1.1" 200 168037
INFO 2025-05-16 15:05:32,625 basehttp "GET /static/css/style.css HTTP/1.1" 304 0
INFO 2025-05-16 15:05:36,316 basehttp "GET /subscribers/ HTTP/1.1" 200 272454
INFO 2025-05-16 15:06:11,985 basehttp "POST /subscribers/bulk-action/ HTTP/1.1" 302 0
INFO 2025-05-16 15:06:12,034 basehttp "GET /subscribers/ HTTP/1.1" 200 262536
INFO 2025-05-16 15:06:19,795 basehttp "GET /subscribers/?page=2 HTTP/1.1" 200 262711
INFO 2025-05-16 15:07:06,558 basehttp "GET /subscribers/?page=3 HTTP/1.1" 200 263971
INFO 2025-05-16 15:07:19,253 basehttp "GET /subscribers/?page=4 HTTP/1.1" 200 262845
INFO 2025-05-16 15:07:20,967 basehttp "GET /subscribers/ HTTP/1.1" 200 262097
INFO 2025-05-16 15:07:22,985 basehttp "GET /subscribers/groups/ HTTP/1.1" 200 16197
INFO 2025-05-16 16:03:05,846 autoreload /Users/rafal/VisualStudio/PythonProjects/XManager/XManager/settings.py changed, reloading.
INFO 2025-05-16 16:03:06,198 autoreload Watching for file changes with StatReloader
INFO 2025-05-16 16:04:03,343 autoreload /Users/rafal/VisualStudio/PythonProjects/XManager/XManager/urls.py changed, reloading.
INFO 2025-05-16 16:04:03,568 autoreload Watching for file changes with StatReloader
INFO 2025-05-16 16:22:13,366 autoreload /Users/rafal/VisualStudio/PythonProjects/XManager/apps/product/models.py changed, reloading.
INFO 2025-05-16 16:22:13,710 autoreload Watching for file changes with StatReloader
INFO 2025-05-16 16:22:45,315 autoreload Watching for file changes with StatReloader
INFO 2025-05-16 16:23:59,862 autoreload /Users/rafal/VisualStudio/PythonProjects/XManager/apps/product/models.py changed, reloading.
INFO 2025-05-16 16:24:00,230 autoreload Watching for file changes with StatReloader
INFO 2025-05-16 16:30:08,220 autoreload /Users/rafal/VisualStudio/PythonProjects/XManager/apps/core/validators.py changed, reloading.
INFO 2025-05-16 16:30:08,547 autoreload Watching for file changes with StatReloader
INFO 2025-05-16 16:32:52,902 autoreload /Users/rafal/VisualStudio/PythonProjects/XManager/apps/product/models.py changed, reloading.
INFO 2025-05-16 16:32:53,188 autoreload Watching for file changes with StatReloader
INFO 2025-05-16 16:34:43,607 autoreload /Users/rafal/VisualStudio/PythonProjects/XManager/apps/product/forms.py changed, reloading.
INFO 2025-05-16 16:34:43,841 autoreload Watching for file changes with StatReloader
INFO 2025-05-16 16:35:50,212 autoreload /Users/rafal/VisualStudio/PythonProjects/XManager/apps/product/admin.py changed, reloading.
INFO 2025-05-16 16:35:50,474 autoreload Watching for file changes with StatReloader
INFO 2025-05-16 16:45:24,560 autoreload /Users/rafal/VisualStudio/PythonProjects/XManager/apps/product/forms.py changed, reloading.
INFO 2025-05-16 16:45:24,967 autoreload Watching for file changes with StatReloader
INFO 2025-05-16 16:48:39,802 autoreload Watching for file changes with StatReloader
INFO 2025-05-16 16:56:08,126 autoreload /Users/rafal/VisualStudio/PythonProjects/XManager/apps/product/models.py changed, reloading.
INFO 2025-05-16 16:56:08,353 autoreload Watching for file changes with StatReloader
INFO 2025-05-16 16:56:30,432 autoreload Watching for file changes with StatReloader
INFO 2025-05-16 16:58:07,508 autoreload Watching for file changes with StatReloader
INFO 2025-05-16 17:00:50,144 autoreload Watching for file changes with StatReloader
INFO 2025-05-16 17:02:10,437 autoreload /Users/rafal/VisualStudio/PythonProjects/XManager/apps/product/forms.py changed, reloading.
INFO 2025-05-16 17:02:10,688 autoreload Watching for file changes with StatReloader
INFO 2025-05-16 17:02:41,839 autoreload Watching for file changes with StatReloader
INFO 2025-05-16 17:03:44,765 autoreload Watching for file changes with StatReloader
INFO 2025-05-16 17:05:41,746 autoreload /Users/rafal/VisualStudio/PythonProjects/XManager/apps/product/views.py changed, reloading.
INFO 2025-05-16 17:05:42,150 autoreload Watching for file changes with StatReloader
INFO 2025-05-16 17:10:30,929 autoreload /Users/rafal/VisualStudio/PythonProjects/XManager/XManager/urls.py changed, reloading.
INFO 2025-05-16 17:10:31,224 autoreload Watching for file changes with StatReloader
INFO 2025-05-16 17:11:27,756 basehttp "GET /subscribers/groups/ HTTP/1.1" 200 16197
INFO 2025-05-16 17:11:27,768 basehttp "GET /static/js/main.js HTTP/1.1" 304 0
INFO 2025-05-16 17:11:57,180 autoreload /Users/rafal/VisualStudio/PythonProjects/XManager/XManager/settings.py changed, reloading.
INFO 2025-05-16 17:11:57,497 autoreload Watching for file changes with StatReloader
INFO 2025-05-16 17:12:15,051 autoreload /Users/rafal/VisualStudio/PythonProjects/XManager/XManager/urls.py changed, reloading.
INFO 2025-05-16 17:12:15,299 autoreload Watching for file changes with StatReloader
INFO 2025-05-16 17:12:25,695 autoreload /Users/rafal/VisualStudio/PythonProjects/XManager/XManager/urls.py changed, reloading.
INFO 2025-05-16 17:12:25,955 autoreload Watching for file changes with StatReloader
INFO 2025-05-16 17:14:04,587 basehttp "GET /subscribers/groups/ HTTP/1.1" 200 16483
ERROR 2025-05-16 17:14:08,905 log Internal Server Error: /products/
Traceback (most recent call last):
  File "/Users/rafal/.local/share/virtualenvs/XManager-w8HXMJeE/lib/python3.13/site-packages/django/db/backends/utils.py", line 105, in _execute
    return self.cursor.execute(sql, params)
           ~~~~~~~~~~~~~~~~~~~^^^^^^^^^^^^^
  File "/Users/rafal/.local/share/virtualenvs/XManager-w8HXMJeE/lib/python3.13/site-packages/django/db/backends/sqlite3/base.py", line 360, in execute
    return super().execute(query, params)
           ~~~~~~~~~~~~~~~^^^^^^^^^^^^^^^
sqlite3.OperationalError: no such table: product_productcategory

The above exception was the direct cause of the following exception:

Traceback (most recent call last):
  File "/Users/rafal/.local/share/virtualenvs/XManager-w8HXMJeE/lib/python3.13/site-packages/django/core/handlers/exception.py", line 55, in inner
    response = get_response(request)
  File "/Users/rafal/.local/share/virtualenvs/XManager-w8HXMJeE/lib/python3.13/site-packages/django/core/handlers/base.py", line 220, in _get_response
    response = response.render()
  File "/Users/rafal/.local/share/virtualenvs/XManager-w8HXMJeE/lib/python3.13/site-packages/django/template/response.py", line 114, in render
    self.content = self.rendered_content
                   ^^^^^^^^^^^^^^^^^^^^^
  File "/Users/rafal/.local/share/virtualenvs/XManager-w8HXMJeE/lib/python3.13/site-packages/django/template/response.py", line 92, in rendered_content
    return template.render(context, self._request)
           ~~~~~~~~~~~~~~~^^^^^^^^^^^^^^^^^^^^^^^^
  File "/Users/rafal/.local/share/virtualenvs/XManager-w8HXMJeE/lib/python3.13/site-packages/django/template/backends/django.py", line 107, in render
    return self.template.render(context)
           ~~~~~~~~~~~~~~~~~~~~^^^^^^^^^
  File "/Users/rafal/.local/share/virtualenvs/XManager-w8HXMJeE/lib/python3.13/site-packages/django/template/base.py", line 171, in render
    return self._render(context)
           ~~~~~~~~~~~~^^^^^^^^^
  File "/Users/rafal/.local/share/virtualenvs/XManager-w8HXMJeE/lib/python3.13/site-packages/django/template/base.py", line 163, in _render
    return self.nodelist.render(context)
           ~~~~~~~~~~~~~~~~~~~~^^^^^^^^^
  File "/Users/rafal/.local/share/virtualenvs/XManager-w8HXMJeE/lib/python3.13/site-packages/django/template/base.py", line 1016, in render
    return SafeString("".join([node.render_annotated(context) for node in self]))
                               ~~~~~~~~~~~~~~~~~~~~~^^^^^^^^^
  File "/Users/rafal/.local/share/virtualenvs/XManager-w8HXMJeE/lib/python3.13/site-packages/django/template/base.py", line 977, in render_annotated
    return self.render(context)
           ~~~~~~~~~~~^^^^^^^^^
  File "/Users/rafal/.local/share/virtualenvs/XManager-w8HXMJeE/lib/python3.13/site-packages/django/template/loader_tags.py", line 159, in render
    return compiled_parent._render(context)
           ~~~~~~~~~~~~~~~~~~~~~~~^^^^^^^^^
  File "/Users/rafal/.local/share/virtualenvs/XManager-w8HXMJeE/lib/python3.13/site-packages/django/template/base.py", line 163, in _render
    return self.nodelist.render(context)
           ~~~~~~~~~~~~~~~~~~~~^^^^^^^^^
  File "/Users/rafal/.local/share/virtualenvs/XManager-w8HXMJeE/lib/python3.13/site-packages/django/template/base.py", line 1016, in render
    return SafeString("".join([node.render_annotated(context) for node in self]))
                               ~~~~~~~~~~~~~~~~~~~~~^^^^^^^^^
  File "/Users/rafal/.local/share/virtualenvs/XManager-w8HXMJeE/lib/python3.13/site-packages/django/template/base.py", line 977, in render_annotated
    return self.render(context)
           ~~~~~~~~~~~^^^^^^^^^
  File "/Users/rafal/.local/share/virtualenvs/XManager-w8HXMJeE/lib/python3.13/site-packages/django/template/loader_tags.py", line 65, in render
    result = block.nodelist.render(context)
  File "/Users/rafal/.local/share/virtualenvs/XManager-w8HXMJeE/lib/python3.13/site-packages/django/template/base.py", line 1016, in render
    return SafeString("".join([node.render_annotated(context) for node in self]))
                               ~~~~~~~~~~~~~~~~~~~~~^^^^^^^^^
  File "/Users/rafal/.local/share/virtualenvs/XManager-w8HXMJeE/lib/python3.13/site-packages/django/template/base.py", line 977, in render_annotated
    return self.render(context)
           ~~~~~~~~~~~^^^^^^^^^
  File "/Users/rafal/.local/share/virtualenvs/XManager-w8HXMJeE/lib/python3.13/site-packages/django/template/defaulttags.py", line 199, in render
    len_values = len(values)
  File "/Users/rafal/.local/share/virtualenvs/XManager-w8HXMJeE/lib/python3.13/site-packages/django/db/models/query.py", line 366, in __len__
    self._fetch_all()
    ~~~~~~~~~~~~~~~^^
  File "/Users/rafal/.local/share/virtualenvs/XManager-w8HXMJeE/lib/python3.13/site-packages/django/db/models/query.py", line 1945, in _fetch_all
    self._result_cache = list(self._iterable_class(self))
                         ~~~~^^^^^^^^^^^^^^^^^^^^^^^^^^^^
  File "/Users/rafal/.local/share/virtualenvs/XManager-w8HXMJeE/lib/python3.13/site-packages/django/db/models/query.py", line 91, in __iter__
    results = compiler.execute_sql(
        chunked_fetch=self.chunked_fetch, chunk_size=self.chunk_size
    )
  File "/Users/rafal/.local/share/virtualenvs/XManager-w8HXMJeE/lib/python3.13/site-packages/django/db/models/sql/compiler.py", line 1623, in execute_sql
    cursor.execute(sql, params)
    ~~~~~~~~~~~~~~^^^^^^^^^^^^^
  File "/Users/rafal/.local/share/virtualenvs/XManager-w8HXMJeE/lib/python3.13/site-packages/django/db/backends/utils.py", line 122, in execute
    return super().execute(sql, params)
           ~~~~~~~~~~~~~~~^^^^^^^^^^^^^
  File "/Users/rafal/.local/share/virtualenvs/XManager-w8HXMJeE/lib/python3.13/site-packages/django/db/backends/utils.py", line 79, in execute
    return self._execute_with_wrappers(
           ~~~~~~~~~~~~~~~~~~~~~~~~~~~^
        sql, params, many=False, executor=self._execute
        ^^^^^^^^^^^^^^^^^^^^^^^^^^^^^^^^^^^^^^^^^^^^^^^
    )
    ^
  File "/Users/rafal/.local/share/virtualenvs/XManager-w8HXMJeE/lib/python3.13/site-packages/django/db/backends/utils.py", line 92, in _execute_with_wrappers
    return executor(sql, params, many, context)
  File "/Users/rafal/.local/share/virtualenvs/XManager-w8HXMJeE/lib/python3.13/site-packages/django/db/backends/utils.py", line 100, in _execute
    with self.db.wrap_database_errors:
         ^^^^^^^^^^^^^^^^^^^^^^^^^^^^
  File "/Users/rafal/.local/share/virtualenvs/XManager-w8HXMJeE/lib/python3.13/site-packages/django/db/utils.py", line 91, in __exit__
    raise dj_exc_value.with_traceback(traceback) from exc_value
  File "/Users/rafal/.local/share/virtualenvs/XManager-w8HXMJeE/lib/python3.13/site-packages/django/db/backends/utils.py", line 105, in _execute
    return self.cursor.execute(sql, params)
           ~~~~~~~~~~~~~~~~~~~^^^^^^^^^^^^^
  File "/Users/rafal/.local/share/virtualenvs/XManager-w8HXMJeE/lib/python3.13/site-packages/django/db/backends/sqlite3/base.py", line 360, in execute
    return super().execute(query, params)
           ~~~~~~~~~~~~~~~^^^^^^^^^^^^^^^
django.db.utils.OperationalError: no such table: product_productcategory
ERROR 2025-05-16 17:14:08,907 basehttp "GET /products/ HTTP/1.1" 500 205220
INFO 2025-05-16 17:14:25,524 autoreload Watching for file changes with StatReloader
INFO 2025-05-16 17:26:35,074 autoreload /Users/rafal/VisualStudio/PythonProjects/XManager/apps/product/views.py changed, reloading.
INFO 2025-05-16 17:26:35,407 autoreload Watching for file changes with StatReloader
INFO 2025-05-16 17:26:46,879 autoreload /Users/rafal/VisualStudio/PythonProjects/XManager/apps/product/views.py changed, reloading.
INFO 2025-05-16 17:26:47,271 autoreload Watching for file changes with StatReloader
INFO 2025-05-16 17:27:15,068 autoreload /Users/rafal/VisualStudio/PythonProjects/XManager/apps/product/urls.py changed, reloading.
INFO 2025-05-16 17:27:15,300 autoreload Watching for file changes with StatReloader
INFO 2025-05-16 17:29:30,734 basehttp "GET /subscribers/groups/ HTTP/1.1" 200 16483
INFO 2025-05-16 17:29:31,475 basehttp "GET /subscribers/groups/ HTTP/1.1" 200 16483
ERROR 2025-05-16 17:29:32,362 log Internal Server Error: /products/
Traceback (most recent call last):
  File "/Users/rafal/.local/share/virtualenvs/XManager-w8HXMJeE/lib/python3.13/site-packages/django/template/base.py", line 891, in _resolve_lookup
    current = current[bit]
              ~~~~~~~^^^^^
  File "/Users/rafal/.local/share/virtualenvs/XManager-w8HXMJeE/lib/python3.13/site-packages/django/template/context.py", line 88, in __getitem__
    raise KeyError(key)
KeyError: 'default_page_size'

During handling of the above exception, another exception occurred:

Traceback (most recent call last):
  File "/Users/rafal/.local/share/virtualenvs/XManager-w8HXMJeE/lib/python3.13/site-packages/django/template/base.py", line 897, in _resolve_lookup
    if isinstance(current, BaseContext) and getattr(
                                            ~~~~~~~^
        type(current), bit
        ^^^^^^^^^^^^^^^^^^
    ):
    ^
AttributeError: type object 'RequestContext' has no attribute 'default_page_size'

During handling of the above exception, another exception occurred:

Traceback (most recent call last):
  File "/Users/rafal/.local/share/virtualenvs/XManager-w8HXMJeE/lib/python3.13/site-packages/django/template/base.py", line 907, in _resolve_lookup
    current = current[int(bit)]
                      ~~~^^^^^
ValueError: invalid literal for int() with base 10: 'default_page_size'

During handling of the above exception, another exception occurred:

Traceback (most recent call last):
  File "/Users/rafal/.local/share/virtualenvs/XManager-w8HXMJeE/lib/python3.13/site-packages/django/core/handlers/exception.py", line 55, in inner
    response = get_response(request)
  File "/Users/rafal/.local/share/virtualenvs/XManager-w8HXMJeE/lib/python3.13/site-packages/django/core/handlers/base.py", line 220, in _get_response
    response = response.render()
  File "/Users/rafal/.local/share/virtualenvs/XManager-w8HXMJeE/lib/python3.13/site-packages/django/template/response.py", line 114, in render
    self.content = self.rendered_content
                   ^^^^^^^^^^^^^^^^^^^^^
  File "/Users/rafal/.local/share/virtualenvs/XManager-w8HXMJeE/lib/python3.13/site-packages/django/template/response.py", line 92, in rendered_content
    return template.render(context, self._request)
           ~~~~~~~~~~~~~~~^^^^^^^^^^^^^^^^^^^^^^^^
  File "/Users/rafal/.local/share/virtualenvs/XManager-w8HXMJeE/lib/python3.13/site-packages/django/template/backends/django.py", line 107, in render
    return self.template.render(context)
           ~~~~~~~~~~~~~~~~~~~~^^^^^^^^^
  File "/Users/rafal/.local/share/virtualenvs/XManager-w8HXMJeE/lib/python3.13/site-packages/django/template/base.py", line 171, in render
    return self._render(context)
           ~~~~~~~~~~~~^^^^^^^^^
  File "/Users/rafal/.local/share/virtualenvs/XManager-w8HXMJeE/lib/python3.13/site-packages/django/template/base.py", line 163, in _render
    return self.nodelist.render(context)
           ~~~~~~~~~~~~~~~~~~~~^^^^^^^^^
  File "/Users/rafal/.local/share/virtualenvs/XManager-w8HXMJeE/lib/python3.13/site-packages/django/template/base.py", line 1016, in render
    return SafeString("".join([node.render_annotated(context) for node in self]))
                               ~~~~~~~~~~~~~~~~~~~~~^^^^^^^^^
  File "/Users/rafal/.local/share/virtualenvs/XManager-w8HXMJeE/lib/python3.13/site-packages/django/template/base.py", line 977, in render_annotated
    return self.render(context)
           ~~~~~~~~~~~^^^^^^^^^
  File "/Users/rafal/.local/share/virtualenvs/XManager-w8HXMJeE/lib/python3.13/site-packages/django/template/loader_tags.py", line 159, in render
    return compiled_parent._render(context)
           ~~~~~~~~~~~~~~~~~~~~~~~^^^^^^^^^
  File "/Users/rafal/.local/share/virtualenvs/XManager-w8HXMJeE/lib/python3.13/site-packages/django/template/base.py", line 163, in _render
    return self.nodelist.render(context)
           ~~~~~~~~~~~~~~~~~~~~^^^^^^^^^
  File "/Users/rafal/.local/share/virtualenvs/XManager-w8HXMJeE/lib/python3.13/site-packages/django/template/base.py", line 1016, in render
    return SafeString("".join([node.render_annotated(context) for node in self]))
                               ~~~~~~~~~~~~~~~~~~~~~^^^^^^^^^
  File "/Users/rafal/.local/share/virtualenvs/XManager-w8HXMJeE/lib/python3.13/site-packages/django/template/base.py", line 977, in render_annotated
    return self.render(context)
           ~~~~~~~~~~~^^^^^^^^^
  File "/Users/rafal/.local/share/virtualenvs/XManager-w8HXMJeE/lib/python3.13/site-packages/django/template/loader_tags.py", line 65, in render
    result = block.nodelist.render(context)
  File "/Users/rafal/.local/share/virtualenvs/XManager-w8HXMJeE/lib/python3.13/site-packages/django/template/base.py", line 1016, in render
    return SafeString("".join([node.render_annotated(context) for node in self]))
                               ~~~~~~~~~~~~~~~~~~~~~^^^^^^^^^
  File "/Users/rafal/.local/share/virtualenvs/XManager-w8HXMJeE/lib/python3.13/site-packages/django/template/base.py", line 977, in render_annotated
    return self.render(context)
           ~~~~~~~~~~~^^^^^^^^^
  File "/Users/rafal/.local/share/virtualenvs/XManager-w8HXMJeE/lib/python3.13/site-packages/django/template/base.py", line 1075, in render
    output = self.filter_expression.resolve(context)
  File "/Users/rafal/.local/share/virtualenvs/XManager-w8HXMJeE/lib/python3.13/site-packages/django/template/base.py", line 743, in resolve
    arg_vals.append(arg.resolve(context))
                    ~~~~~~~~~~~^^^^^^^^^
  File "/Users/rafal/.local/share/virtualenvs/XManager-w8HXMJeE/lib/python3.13/site-packages/django/template/base.py", line 854, in resolve
    value = self._resolve_lookup(context)
  File "/Users/rafal/.local/share/virtualenvs/XManager-w8HXMJeE/lib/python3.13/site-packages/django/template/base.py", line 914, in _resolve_lookup
    raise VariableDoesNotExist(
    ^^^^^^^^^^^^^^^^^^^^^^^^^^^
    ...<2 lines>...
    )  # missing attribute
    ^
django.template.base.VariableDoesNotExist: Failed lookup for key [default_page_size] in [{'True': True, 'False': False, 'None': None}, {}, {}, {'paginator': <django.core.paginator.Paginator object at 0x106b1f610>, 'page_obj': <Page 1 of 1>, 'is_paginated': False, 'object_list': <QuerySet [<Product: cos - cos>]>, 'products': <QuerySet [<Product: cos - cos>]>, 'view': <apps.product.views.ProductListView object at 0x1066863c0>, 'categories': <QuerySet []>, 'brands': <QuerySet []>}]
ERROR 2025-05-16 17:29:32,365 basehttp "GET /products/ HTTP/1.1" 500 197959
INFO 2025-05-16 17:31:03,994 autoreload /Users/rafal/VisualStudio/PythonProjects/XManager/apps/product/views.py changed, reloading.
INFO 2025-05-16 17:31:04,352 autoreload Watching for file changes with StatReloader
INFO 2025-05-16 17:32:35,279 autoreload /Users/rafal/VisualStudio/PythonProjects/XManager/apps/product/views.py changed, reloading.
INFO 2025-05-16 17:32:35,665 autoreload Watching for file changes with StatReloader
INFO 2025-05-16 17:32:47,372 basehttp "GET /subscribers/groups/ HTTP/1.1" 200 16483
ERROR 2025-05-16 17:32:48,462 log Internal Server Error: /products/
Traceback (most recent call last):
  File "/Users/rafal/.local/share/virtualenvs/XManager-w8HXMJeE/lib/python3.13/site-packages/django/core/handlers/exception.py", line 55, in inner
    response = get_response(request)
  File "/Users/rafal/.local/share/virtualenvs/XManager-w8HXMJeE/lib/python3.13/site-packages/django/core/handlers/base.py", line 220, in _get_response
    response = response.render()
  File "/Users/rafal/.local/share/virtualenvs/XManager-w8HXMJeE/lib/python3.13/site-packages/django/template/response.py", line 114, in render
    self.content = self.rendered_content
                   ^^^^^^^^^^^^^^^^^^^^^
  File "/Users/rafal/.local/share/virtualenvs/XManager-w8HXMJeE/lib/python3.13/site-packages/django/template/response.py", line 92, in rendered_content
    return template.render(context, self._request)
           ~~~~~~~~~~~~~~~^^^^^^^^^^^^^^^^^^^^^^^^
  File "/Users/rafal/.local/share/virtualenvs/XManager-w8HXMJeE/lib/python3.13/site-packages/django/template/backends/django.py", line 107, in render
    return self.template.render(context)
           ~~~~~~~~~~~~~~~~~~~~^^^^^^^^^
  File "/Users/rafal/.local/share/virtualenvs/XManager-w8HXMJeE/lib/python3.13/site-packages/django/template/base.py", line 171, in render
    return self._render(context)
           ~~~~~~~~~~~~^^^^^^^^^
  File "/Users/rafal/.local/share/virtualenvs/XManager-w8HXMJeE/lib/python3.13/site-packages/django/template/base.py", line 163, in _render
    return self.nodelist.render(context)
           ~~~~~~~~~~~~~~~~~~~~^^^^^^^^^
  File "/Users/rafal/.local/share/virtualenvs/XManager-w8HXMJeE/lib/python3.13/site-packages/django/template/base.py", line 1016, in render
    return SafeString("".join([node.render_annotated(context) for node in self]))
                               ~~~~~~~~~~~~~~~~~~~~~^^^^^^^^^
  File "/Users/rafal/.local/share/virtualenvs/XManager-w8HXMJeE/lib/python3.13/site-packages/django/template/base.py", line 977, in render_annotated
    return self.render(context)
           ~~~~~~~~~~~^^^^^^^^^
  File "/Users/rafal/.local/share/virtualenvs/XManager-w8HXMJeE/lib/python3.13/site-packages/django/template/loader_tags.py", line 159, in render
    return compiled_parent._render(context)
           ~~~~~~~~~~~~~~~~~~~~~~~^^^^^^^^^
  File "/Users/rafal/.local/share/virtualenvs/XManager-w8HXMJeE/lib/python3.13/site-packages/django/template/base.py", line 163, in _render
    return self.nodelist.render(context)
           ~~~~~~~~~~~~~~~~~~~~^^^^^^^^^
  File "/Users/rafal/.local/share/virtualenvs/XManager-w8HXMJeE/lib/python3.13/site-packages/django/template/base.py", line 1016, in render
    return SafeString("".join([node.render_annotated(context) for node in self]))
                               ~~~~~~~~~~~~~~~~~~~~~^^^^^^^^^
  File "/Users/rafal/.local/share/virtualenvs/XManager-w8HXMJeE/lib/python3.13/site-packages/django/template/base.py", line 977, in render_annotated
    return self.render(context)
           ~~~~~~~~~~~^^^^^^^^^
  File "/Users/rafal/.local/share/virtualenvs/XManager-w8HXMJeE/lib/python3.13/site-packages/django/template/loader_tags.py", line 65, in render
    result = block.nodelist.render(context)
  File "/Users/rafal/.local/share/virtualenvs/XManager-w8HXMJeE/lib/python3.13/site-packages/django/template/base.py", line 1016, in render
    return SafeString("".join([node.render_annotated(context) for node in self]))
                               ~~~~~~~~~~~~~~~~~~~~~^^^^^^^^^
  File "/Users/rafal/.local/share/virtualenvs/XManager-w8HXMJeE/lib/python3.13/site-packages/django/template/base.py", line 977, in render_annotated
    return self.render(context)
           ~~~~~~~~~~~^^^^^^^^^
  File "/Users/rafal/.local/share/virtualenvs/XManager-w8HXMJeE/lib/python3.13/site-packages/django/template/defaulttags.py", line 327, in render
    return nodelist.render(context)
           ~~~~~~~~~~~~~~~^^^^^^^^^
  File "/Users/rafal/.local/share/virtualenvs/XManager-w8HXMJeE/lib/python3.13/site-packages/django/template/base.py", line 1016, in render
    return SafeString("".join([node.render_annotated(context) for node in self]))
                               ~~~~~~~~~~~~~~~~~~~~~^^^^^^^^^
  File "/Users/rafal/.local/share/virtualenvs/XManager-w8HXMJeE/lib/python3.13/site-packages/django/template/base.py", line 977, in render_annotated
    return self.render(context)
           ~~~~~~~~~~~^^^^^^^^^
  File "/Users/rafal/.local/share/virtualenvs/XManager-w8HXMJeE/lib/python3.13/site-packages/django/template/defaulttags.py", line 243, in render
    nodelist.append(node.render_annotated(context))
                    ~~~~~~~~~~~~~~~~~~~~~^^^^^^^^^
  File "/Users/rafal/.local/share/virtualenvs/XManager-w8HXMJeE/lib/python3.13/site-packages/django/template/base.py", line 977, in render_annotated
    return self.render(context)
           ~~~~~~~~~~~^^^^^^^^^
  File "/Users/rafal/.local/share/virtualenvs/XManager-w8HXMJeE/lib/python3.13/site-packages/django/template/defaulttags.py", line 480, in render
    url = reverse(view_name, args=args, kwargs=kwargs, current_app=current_app)
  File "/Users/rafal/.local/share/virtualenvs/XManager-w8HXMJeE/lib/python3.13/site-packages/django/urls/base.py", line 98, in reverse
    resolved_url = resolver._reverse_with_prefix(view, prefix, *args, **kwargs)
  File "/Users/rafal/.local/share/virtualenvs/XManager-w8HXMJeE/lib/python3.13/site-packages/django/urls/resolvers.py", line 831, in _reverse_with_prefix
    raise NoReverseMatch(msg)
django.urls.exceptions.NoReverseMatch: Reverse for 'product_detail' not found. 'product_detail' is not a valid view function or pattern name.
ERROR 2025-05-16 17:32:48,464 basehttp "GET /products/ HTTP/1.1" 500 202314
INFO 2025-05-16 17:33:36,148 autoreload /Users/rafal/VisualStudio/PythonProjects/XManager/apps/product/urls.py changed, reloading.
INFO 2025-05-16 17:33:36,560 autoreload Watching for file changes with StatReloader
INFO 2025-05-16 17:33:45,982 autoreload /Users/rafal/VisualStudio/PythonProjects/XManager/apps/product/urls.py changed, reloading.
INFO 2025-05-16 17:33:46,276 autoreload Watching for file changes with StatReloader
INFO 2025-05-16 17:34:10,976 autoreload /Users/rafal/VisualStudio/PythonProjects/XManager/apps/product/urls.py changed, reloading.
INFO 2025-05-16 17:34:11,226 autoreload Watching for file changes with StatReloader
INFO 2025-05-16 17:34:41,947 autoreload /Users/rafal/VisualStudio/PythonProjects/XManager/apps/product/views.py changed, reloading.
INFO 2025-05-16 17:34:42,192 autoreload Watching for file changes with StatReloader
INFO 2025-05-16 17:37:14,338 autoreload /Users/rafal/VisualStudio/PythonProjects/XManager/apps/product/forms.py changed, reloading.
INFO 2025-05-16 17:37:14,602 autoreload Watching for file changes with StatReloader
INFO 2025-05-16 17:37:20,169 basehttp "GET /subscribers/groups/ HTTP/1.1" 200 16483
INFO 2025-05-16 17:37:21,132 basehttp "GET /products/ HTTP/1.1" 200 41223
INFO 2025-05-16 17:37:28,533 basehttp "POST /products/bulk-edit/ HTTP/1.1" 302 0
INFO 2025-05-16 17:37:28,543 basehttp "GET /products/ HTTP/1.1" 200 41681
ERROR 2025-05-16 17:37:38,663 log Internal Server Error: /products/1/update/
Traceback (most recent call last):
  File "/Users/rafal/.local/share/virtualenvs/XManager-w8HXMJeE/lib/python3.13/site-packages/django/core/handlers/exception.py", line 55, in inner
    response = get_response(request)
  File "/Users/rafal/.local/share/virtualenvs/XManager-w8HXMJeE/lib/python3.13/site-packages/django/core/handlers/base.py", line 220, in _get_response
    response = response.render()
  File "/Users/rafal/.local/share/virtualenvs/XManager-w8HXMJeE/lib/python3.13/site-packages/django/template/response.py", line 114, in render
    self.content = self.rendered_content
                   ^^^^^^^^^^^^^^^^^^^^^
  File "/Users/rafal/.local/share/virtualenvs/XManager-w8HXMJeE/lib/python3.13/site-packages/django/template/response.py", line 90, in rendered_content
    template = self.resolve_template(self.template_name)
  File "/Users/rafal/.local/share/virtualenvs/XManager-w8HXMJeE/lib/python3.13/site-packages/django/template/response.py", line 72, in resolve_template
    return select_template(template, using=self.using)
  File "/Users/rafal/.local/share/virtualenvs/XManager-w8HXMJeE/lib/python3.13/site-packages/django/template/loader.py", line 42, in select_template
    return engine.get_template(template_name)
           ~~~~~~~~~~~~~~~~~~~^^^^^^^^^^^^^^^
  File "/Users/rafal/.local/share/virtualenvs/XManager-w8HXMJeE/lib/python3.13/site-packages/django/template/backends/django.py", line 79, in get_template
    return Template(self.engine.get_template(template_name), self)
                    ~~~~~~~~~~~~~~~~~~~~~~~~^^^^^^^^^^^^^^^
  File "/Users/rafal/.local/share/virtualenvs/XManager-w8HXMJeE/lib/python3.13/site-packages/django/template/engine.py", line 177, in get_template
    template, origin = self.find_template(template_name)
                       ~~~~~~~~~~~~~~~~~~^^^^^^^^^^^^^^^
  File "/Users/rafal/.local/share/virtualenvs/XManager-w8HXMJeE/lib/python3.13/site-packages/django/template/engine.py", line 159, in find_template
    template = loader.get_template(name, skip=skip)
  File "/Users/rafal/.local/share/virtualenvs/XManager-w8HXMJeE/lib/python3.13/site-packages/django/template/loaders/cached.py", line 57, in get_template
    template = super().get_template(template_name, skip)
  File "/Users/rafal/.local/share/virtualenvs/XManager-w8HXMJeE/lib/python3.13/site-packages/django/template/loaders/base.py", line 28, in get_template
    return Template(
        contents,
    ...<2 lines>...
        self.engine,
    )
  File "/Users/rafal/.local/share/virtualenvs/XManager-w8HXMJeE/lib/python3.13/site-packages/django/template/base.py", line 154, in __init__
    self.nodelist = self.compile_nodelist()
                    ~~~~~~~~~~~~~~~~~~~~~^^
  File "/Users/rafal/.local/share/virtualenvs/XManager-w8HXMJeE/lib/python3.13/site-packages/django/template/base.py", line 196, in compile_nodelist
    nodelist = parser.parse()
  File "/Users/rafal/.local/share/virtualenvs/XManager-w8HXMJeE/lib/python3.13/site-packages/django/template/base.py", line 518, in parse
    raise self.error(token, e)
  File "/Users/rafal/.local/share/virtualenvs/XManager-w8HXMJeE/lib/python3.13/site-packages/django/template/base.py", line 516, in parse
    compiled_result = compile_func(self, token)
  File "/Users/rafal/.local/share/virtualenvs/XManager-w8HXMJeE/lib/python3.13/site-packages/django/template/loader_tags.py", line 299, in do_extends
    nodelist = parser.parse()
  File "/Users/rafal/.local/share/virtualenvs/XManager-w8HXMJeE/lib/python3.13/site-packages/django/template/base.py", line 518, in parse
    raise self.error(token, e)
  File "/Users/rafal/.local/share/virtualenvs/XManager-w8HXMJeE/lib/python3.13/site-packages/django/template/base.py", line 516, in parse
    compiled_result = compile_func(self, token)
  File "/Users/rafal/.local/share/virtualenvs/XManager-w8HXMJeE/lib/python3.13/site-packages/django/template/loader_tags.py", line 234, in do_block
    nodelist = parser.parse(("endblock",))
  File "/Users/rafal/.local/share/virtualenvs/XManager-w8HXMJeE/lib/python3.13/site-packages/django/template/base.py", line 489, in parse
    raise self.error(token, e)
  File "/Users/rafal/.local/share/virtualenvs/XManager-w8HXMJeE/lib/python3.13/site-packages/django/template/base.py", line 487, in parse
    filter_expression = self.compile_filter(token.contents)
  File "/Users/rafal/.local/share/virtualenvs/XManager-w8HXMJeE/lib/python3.13/site-packages/django/template/base.py", line 609, in compile_filter
    return FilterExpression(token, self)
  File "/Users/rafal/.local/share/virtualenvs/XManager-w8HXMJeE/lib/python3.13/site-packages/django/template/base.py", line 705, in __init__
    filter_func = parser.find_filter(filter_name)
  File "/Users/rafal/.local/share/virtualenvs/XManager-w8HXMJeE/lib/python3.13/site-packages/django/template/base.py", line 615, in find_filter
    raise TemplateSyntaxError("Invalid filter: '%s'" % filter_name)
django.template.exceptions.TemplateSyntaxError: Invalid filter: 'add_class'
ERROR 2025-05-16 17:37:38,665 basehttp "GET /products/1/update/ HTTP/1.1" 500 268084
INFO 2025-05-16 17:38:28,967 basehttp "GET /products/ HTTP/1.1" 200 41223
INFO 2025-05-16 17:39:48,538 basehttp "GET /products/ HTTP/1.1" 200 41223
INFO 2025-05-16 17:39:50,057 basehttp "GET /products/create/ HTTP/1.1" 200 12884
INFO 2025-05-16 17:40:07,009 basehttp "GET /products/ HTTP/1.1" 200 41223
INFO 2025-05-16 17:40:08,951 basehttp "GET /products/create/ HTTP/1.1" 200 12884
INFO 2025-05-16 17:40:11,747 basehttp "GET /products/ HTTP/1.1" 200 41223
INFO 2025-05-16 18:50:56,277 basehttp "GET /products/1/update/ HTTP/1.1" 200 12906
INFO 2025-05-16 18:55:41,832 autoreload /Users/rafal/VisualStudio/PythonProjects/XManager/apps/product/models.py changed, reloading.
INFO 2025-05-16 18:55:42,207 autoreload Watching for file changes with StatReloader
INFO 2025-05-16 18:57:32,741 autoreload /Users/rafal/VisualStudio/PythonProjects/XManager/apps/product/models.py changed, reloading.
INFO 2025-05-16 18:57:32,973 autoreload Watching for file changes with StatReloader
INFO 2025-05-16 19:00:58,181 autoreload /Users/rafal/VisualStudio/PythonProjects/XManager/apps/product/models.py changed, reloading.
INFO 2025-05-16 19:00:58,412 autoreload Watching for file changes with StatReloader
INFO 2025-05-16 19:01:34,646 basehttp "GET /products/ HTTP/1.1" 200 41223
INFO 2025-05-16 19:01:36,116 basehttp "GET /products/ HTTP/1.1" 200 41223
INFO 2025-05-16 19:01:38,075 basehttp "GET /products/create/ HTTP/1.1" 200 12885
ERROR 2025-05-16 19:14:58,705 log Internal Server Error: /products/
Traceback (most recent call last):
  File "/Users/rafal/.local/share/virtualenvs/XManager-w8HXMJeE/lib/python3.13/site-packages/django/core/handlers/exception.py", line 55, in inner
    response = get_response(request)
  File "/Users/rafal/.local/share/virtualenvs/XManager-w8HXMJeE/lib/python3.13/site-packages/django/core/handlers/base.py", line 220, in _get_response
    response = response.render()
  File "/Users/rafal/.local/share/virtualenvs/XManager-w8HXMJeE/lib/python3.13/site-packages/django/template/response.py", line 114, in render
    self.content = self.rendered_content
                   ^^^^^^^^^^^^^^^^^^^^^
  File "/Users/rafal/.local/share/virtualenvs/XManager-w8HXMJeE/lib/python3.13/site-packages/django/template/response.py", line 92, in rendered_content
    return template.render(context, self._request)
           ~~~~~~~~~~~~~~~^^^^^^^^^^^^^^^^^^^^^^^^
  File "/Users/rafal/.local/share/virtualenvs/XManager-w8HXMJeE/lib/python3.13/site-packages/django/template/backends/django.py", line 107, in render
    return self.template.render(context)
           ~~~~~~~~~~~~~~~~~~~~^^^^^^^^^
  File "/Users/rafal/.local/share/virtualenvs/XManager-w8HXMJeE/lib/python3.13/site-packages/django/template/base.py", line 171, in render
    return self._render(context)
           ~~~~~~~~~~~~^^^^^^^^^
  File "/Users/rafal/.local/share/virtualenvs/XManager-w8HXMJeE/lib/python3.13/site-packages/django/template/base.py", line 163, in _render
    return self.nodelist.render(context)
           ~~~~~~~~~~~~~~~~~~~~^^^^^^^^^
  File "/Users/rafal/.local/share/virtualenvs/XManager-w8HXMJeE/lib/python3.13/site-packages/django/template/base.py", line 1016, in render
    return SafeString("".join([node.render_annotated(context) for node in self]))
                               ~~~~~~~~~~~~~~~~~~~~~^^^^^^^^^
  File "/Users/rafal/.local/share/virtualenvs/XManager-w8HXMJeE/lib/python3.13/site-packages/django/template/base.py", line 977, in render_annotated
    return self.render(context)
           ~~~~~~~~~~~^^^^^^^^^
  File "/Users/rafal/.local/share/virtualenvs/XManager-w8HXMJeE/lib/python3.13/site-packages/django/template/loader_tags.py", line 159, in render
    return compiled_parent._render(context)
           ~~~~~~~~~~~~~~~~~~~~~~~^^^^^^^^^
  File "/Users/rafal/.local/share/virtualenvs/XManager-w8HXMJeE/lib/python3.13/site-packages/django/template/base.py", line 163, in _render
    return self.nodelist.render(context)
           ~~~~~~~~~~~~~~~~~~~~^^^^^^^^^
  File "/Users/rafal/.local/share/virtualenvs/XManager-w8HXMJeE/lib/python3.13/site-packages/django/template/base.py", line 1016, in render
    return SafeString("".join([node.render_annotated(context) for node in self]))
                               ~~~~~~~~~~~~~~~~~~~~~^^^^^^^^^
  File "/Users/rafal/.local/share/virtualenvs/XManager-w8HXMJeE/lib/python3.13/site-packages/django/template/base.py", line 977, in render_annotated
    return self.render(context)
           ~~~~~~~~~~~^^^^^^^^^
  File "/Users/rafal/.local/share/virtualenvs/XManager-w8HXMJeE/lib/python3.13/site-packages/django/template/loader_tags.py", line 65, in render
    result = block.nodelist.render(context)
  File "/Users/rafal/.local/share/virtualenvs/XManager-w8HXMJeE/lib/python3.13/site-packages/django/template/base.py", line 1016, in render
    return SafeString("".join([node.render_annotated(context) for node in self]))
                               ~~~~~~~~~~~~~~~~~~~~~^^^^^^^^^
  File "/Users/rafal/.local/share/virtualenvs/XManager-w8HXMJeE/lib/python3.13/site-packages/django/template/base.py", line 977, in render_annotated
    return self.render(context)
           ~~~~~~~~~~~^^^^^^^^^
  File "/Users/rafal/.local/share/virtualenvs/XManager-w8HXMJeE/lib/python3.13/site-packages/django/template/loader_tags.py", line 210, in render
    return template.render(context)
           ~~~~~~~~~~~~~~~^^^^^^^^^
  File "/Users/rafal/.local/share/virtualenvs/XManager-w8HXMJeE/lib/python3.13/site-packages/django/template/base.py", line 173, in render
    return self._render(context)
           ~~~~~~~~~~~~^^^^^^^^^
  File "/Users/rafal/.local/share/virtualenvs/XManager-w8HXMJeE/lib/python3.13/site-packages/django/template/base.py", line 163, in _render
    return self.nodelist.render(context)
           ~~~~~~~~~~~~~~~~~~~~^^^^^^^^^
  File "/Users/rafal/.local/share/virtualenvs/XManager-w8HXMJeE/lib/python3.13/site-packages/django/template/base.py", line 1016, in render
    return SafeString("".join([node.render_annotated(context) for node in self]))
                               ~~~~~~~~~~~~~~~~~~~~~^^^^^^^^^
  File "/Users/rafal/.local/share/virtualenvs/XManager-w8HXMJeE/lib/python3.13/site-packages/django/template/base.py", line 977, in render_annotated
    return self.render(context)
           ~~~~~~~~~~~^^^^^^^^^
  File "/Users/rafal/.local/share/virtualenvs/XManager-w8HXMJeE/lib/python3.13/site-packages/django/template/loader_tags.py", line 56, in render
    result = self.nodelist.render(context)
  File "/Users/rafal/.local/share/virtualenvs/XManager-w8HXMJeE/lib/python3.13/site-packages/django/template/base.py", line 1016, in render
    return SafeString("".join([node.render_annotated(context) for node in self]))
                               ~~~~~~~~~~~~~~~~~~~~~^^^^^^^^^
  File "/Users/rafal/.local/share/virtualenvs/XManager-w8HXMJeE/lib/python3.13/site-packages/django/template/base.py", line 977, in render_annotated
    return self.render(context)
           ~~~~~~~~~~~^^^^^^^^^
  File "/Users/rafal/.local/share/virtualenvs/XManager-w8HXMJeE/lib/python3.13/site-packages/django/template/defaulttags.py", line 480, in render
    url = reverse(view_name, args=args, kwargs=kwargs, current_app=current_app)
  File "/Users/rafal/.local/share/virtualenvs/XManager-w8HXMJeE/lib/python3.13/site-packages/django/urls/base.py", line 98, in reverse
    resolved_url = resolver._reverse_with_prefix(view, prefix, *args, **kwargs)
  File "/Users/rafal/.local/share/virtualenvs/XManager-w8HXMJeE/lib/python3.13/site-packages/django/urls/resolvers.py", line 831, in _reverse_with_prefix
    raise NoReverseMatch(msg)
django.urls.exceptions.NoReverseMatch: Reverse for 'category_list' not found. 'category_list' is not a valid view function or pattern name.
ERROR 2025-05-16 19:14:58,707 basehttp "GET /products/ HTTP/1.1" 500 221281
ERROR 2025-05-16 19:17:35,566 log Internal Server Error: /products/1/update/
Traceback (most recent call last):
  File "/Users/rafal/.local/share/virtualenvs/XManager-w8HXMJeE/lib/python3.13/site-packages/django/core/handlers/exception.py", line 55, in inner
    response = get_response(request)
  File "/Users/rafal/.local/share/virtualenvs/XManager-w8HXMJeE/lib/python3.13/site-packages/django/core/handlers/base.py", line 220, in _get_response
    response = response.render()
  File "/Users/rafal/.local/share/virtualenvs/XManager-w8HXMJeE/lib/python3.13/site-packages/django/template/response.py", line 114, in render
    self.content = self.rendered_content
                   ^^^^^^^^^^^^^^^^^^^^^
  File "/Users/rafal/.local/share/virtualenvs/XManager-w8HXMJeE/lib/python3.13/site-packages/django/template/response.py", line 92, in rendered_content
    return template.render(context, self._request)
           ~~~~~~~~~~~~~~~^^^^^^^^^^^^^^^^^^^^^^^^
  File "/Users/rafal/.local/share/virtualenvs/XManager-w8HXMJeE/lib/python3.13/site-packages/django/template/backends/django.py", line 107, in render
    return self.template.render(context)
           ~~~~~~~~~~~~~~~~~~~~^^^^^^^^^
  File "/Users/rafal/.local/share/virtualenvs/XManager-w8HXMJeE/lib/python3.13/site-packages/django/template/base.py", line 171, in render
    return self._render(context)
           ~~~~~~~~~~~~^^^^^^^^^
  File "/Users/rafal/.local/share/virtualenvs/XManager-w8HXMJeE/lib/python3.13/site-packages/django/template/base.py", line 163, in _render
    return self.nodelist.render(context)
           ~~~~~~~~~~~~~~~~~~~~^^^^^^^^^
  File "/Users/rafal/.local/share/virtualenvs/XManager-w8HXMJeE/lib/python3.13/site-packages/django/template/base.py", line 1016, in render
    return SafeString("".join([node.render_annotated(context) for node in self]))
                               ~~~~~~~~~~~~~~~~~~~~~^^^^^^^^^
  File "/Users/rafal/.local/share/virtualenvs/XManager-w8HXMJeE/lib/python3.13/site-packages/django/template/base.py", line 977, in render_annotated
    return self.render(context)
           ~~~~~~~~~~~^^^^^^^^^
  File "/Users/rafal/.local/share/virtualenvs/XManager-w8HXMJeE/lib/python3.13/site-packages/django/template/loader_tags.py", line 159, in render
    return compiled_parent._render(context)
           ~~~~~~~~~~~~~~~~~~~~~~~^^^^^^^^^
  File "/Users/rafal/.local/share/virtualenvs/XManager-w8HXMJeE/lib/python3.13/site-packages/django/template/base.py", line 163, in _render
    return self.nodelist.render(context)
           ~~~~~~~~~~~~~~~~~~~~^^^^^^^^^
  File "/Users/rafal/.local/share/virtualenvs/XManager-w8HXMJeE/lib/python3.13/site-packages/django/template/base.py", line 1016, in render
    return SafeString("".join([node.render_annotated(context) for node in self]))
                               ~~~~~~~~~~~~~~~~~~~~~^^^^^^^^^
  File "/Users/rafal/.local/share/virtualenvs/XManager-w8HXMJeE/lib/python3.13/site-packages/django/template/base.py", line 977, in render_annotated
    return self.render(context)
           ~~~~~~~~~~~^^^^^^^^^
  File "/Users/rafal/.local/share/virtualenvs/XManager-w8HXMJeE/lib/python3.13/site-packages/django/template/loader_tags.py", line 65, in render
    result = block.nodelist.render(context)
  File "/Users/rafal/.local/share/virtualenvs/XManager-w8HXMJeE/lib/python3.13/site-packages/django/template/base.py", line 1016, in render
    return SafeString("".join([node.render_annotated(context) for node in self]))
                               ~~~~~~~~~~~~~~~~~~~~~^^^^^^^^^
  File "/Users/rafal/.local/share/virtualenvs/XManager-w8HXMJeE/lib/python3.13/site-packages/django/template/base.py", line 977, in render_annotated
    return self.render(context)
           ~~~~~~~~~~~^^^^^^^^^
  File "/Users/rafal/.local/share/virtualenvs/XManager-w8HXMJeE/lib/python3.13/site-packages/django/template/loader_tags.py", line 210, in render
    return template.render(context)
           ~~~~~~~~~~~~~~~^^^^^^^^^
  File "/Users/rafal/.local/share/virtualenvs/XManager-w8HXMJeE/lib/python3.13/site-packages/django/template/base.py", line 173, in render
    return self._render(context)
           ~~~~~~~~~~~~^^^^^^^^^
  File "/Users/rafal/.local/share/virtualenvs/XManager-w8HXMJeE/lib/python3.13/site-packages/django/template/base.py", line 163, in _render
    return self.nodelist.render(context)
           ~~~~~~~~~~~~~~~~~~~~^^^^^^^^^
  File "/Users/rafal/.local/share/virtualenvs/XManager-w8HXMJeE/lib/python3.13/site-packages/django/template/base.py", line 1016, in render
    return SafeString("".join([node.render_annotated(context) for node in self]))
                               ~~~~~~~~~~~~~~~~~~~~~^^^^^^^^^
  File "/Users/rafal/.local/share/virtualenvs/XManager-w8HXMJeE/lib/python3.13/site-packages/django/template/base.py", line 977, in render_annotated
    return self.render(context)
           ~~~~~~~~~~~^^^^^^^^^
  File "/Users/rafal/.local/share/virtualenvs/XManager-w8HXMJeE/lib/python3.13/site-packages/django/template/loader_tags.py", line 56, in render
    result = self.nodelist.render(context)
  File "/Users/rafal/.local/share/virtualenvs/XManager-w8HXMJeE/lib/python3.13/site-packages/django/template/base.py", line 1016, in render
    return SafeString("".join([node.render_annotated(context) for node in self]))
                               ~~~~~~~~~~~~~~~~~~~~~^^^^^^^^^
  File "/Users/rafal/.local/share/virtualenvs/XManager-w8HXMJeE/lib/python3.13/site-packages/django/template/base.py", line 977, in render_annotated
    return self.render(context)
           ~~~~~~~~~~~^^^^^^^^^
  File "/Users/rafal/.local/share/virtualenvs/XManager-w8HXMJeE/lib/python3.13/site-packages/django/template/defaulttags.py", line 480, in render
    url = reverse(view_name, args=args, kwargs=kwargs, current_app=current_app)
  File "/Users/rafal/.local/share/virtualenvs/XManager-w8HXMJeE/lib/python3.13/site-packages/django/urls/base.py", line 98, in reverse
    resolved_url = resolver._reverse_with_prefix(view, prefix, *args, **kwargs)
  File "/Users/rafal/.local/share/virtualenvs/XManager-w8HXMJeE/lib/python3.13/site-packages/django/urls/resolvers.py", line 831, in _reverse_with_prefix
    raise NoReverseMatch(msg)
django.urls.exceptions.NoReverseMatch: Reverse for 'category_list' not found. 'category_list' is not a valid view function or pattern name.
ERROR 2025-05-16 19:17:35,567 basehttp "GET /products/1/update/ HTTP/1.1" 500 212863
ERROR 2025-05-16 19:17:38,900 log Internal Server Error: /dashboard/
Traceback (most recent call last):
  File "/Users/rafal/.local/share/virtualenvs/XManager-w8HXMJeE/lib/python3.13/site-packages/django/core/handlers/exception.py", line 55, in inner
    response = get_response(request)
  File "/Users/rafal/.local/share/virtualenvs/XManager-w8HXMJeE/lib/python3.13/site-packages/django/core/handlers/base.py", line 197, in _get_response
    response = wrapped_callback(request, *callback_args, **callback_kwargs)
  File "/Users/rafal/.local/share/virtualenvs/XManager-w8HXMJeE/lib/python3.13/site-packages/django/contrib/auth/decorators.py", line 59, in _view_wrapper
    return view_func(request, *args, **kwargs)
  File "/Users/rafal/VisualStudio/PythonProjects/XManager/apps/core/views.py", line 218, in dashboard_view
    return render(request, 'dashboard.html', context)
  File "/Users/rafal/.local/share/virtualenvs/XManager-w8HXMJeE/lib/python3.13/site-packages/django/shortcuts.py", line 25, in render
    content = loader.render_to_string(template_name, context, request, using=using)
  File "/Users/rafal/.local/share/virtualenvs/XManager-w8HXMJeE/lib/python3.13/site-packages/django/template/loader.py", line 62, in render_to_string
    return template.render(context, request)
           ~~~~~~~~~~~~~~~^^^^^^^^^^^^^^^^^^
  File "/Users/rafal/.local/share/virtualenvs/XManager-w8HXMJeE/lib/python3.13/site-packages/django/template/backends/django.py", line 107, in render
    return self.template.render(context)
           ~~~~~~~~~~~~~~~~~~~~^^^^^^^^^
  File "/Users/rafal/.local/share/virtualenvs/XManager-w8HXMJeE/lib/python3.13/site-packages/django/template/base.py", line 171, in render
    return self._render(context)
           ~~~~~~~~~~~~^^^^^^^^^
  File "/Users/rafal/.local/share/virtualenvs/XManager-w8HXMJeE/lib/python3.13/site-packages/django/template/base.py", line 163, in _render
    return self.nodelist.render(context)
           ~~~~~~~~~~~~~~~~~~~~^^^^^^^^^
  File "/Users/rafal/.local/share/virtualenvs/XManager-w8HXMJeE/lib/python3.13/site-packages/django/template/base.py", line 1016, in render
    return SafeString("".join([node.render_annotated(context) for node in self]))
                               ~~~~~~~~~~~~~~~~~~~~~^^^^^^^^^
  File "/Users/rafal/.local/share/virtualenvs/XManager-w8HXMJeE/lib/python3.13/site-packages/django/template/base.py", line 977, in render_annotated
    return self.render(context)
           ~~~~~~~~~~~^^^^^^^^^
  File "/Users/rafal/.local/share/virtualenvs/XManager-w8HXMJeE/lib/python3.13/site-packages/django/template/loader_tags.py", line 159, in render
    return compiled_parent._render(context)
           ~~~~~~~~~~~~~~~~~~~~~~~^^^^^^^^^
  File "/Users/rafal/.local/share/virtualenvs/XManager-w8HXMJeE/lib/python3.13/site-packages/django/template/base.py", line 163, in _render
    return self.nodelist.render(context)
           ~~~~~~~~~~~~~~~~~~~~^^^^^^^^^
  File "/Users/rafal/.local/share/virtualenvs/XManager-w8HXMJeE/lib/python3.13/site-packages/django/template/base.py", line 1016, in render
    return SafeString("".join([node.render_annotated(context) for node in self]))
                               ~~~~~~~~~~~~~~~~~~~~~^^^^^^^^^
  File "/Users/rafal/.local/share/virtualenvs/XManager-w8HXMJeE/lib/python3.13/site-packages/django/template/base.py", line 977, in render_annotated
    return self.render(context)
           ~~~~~~~~~~~^^^^^^^^^
  File "/Users/rafal/.local/share/virtualenvs/XManager-w8HXMJeE/lib/python3.13/site-packages/django/template/loader_tags.py", line 65, in render
    result = block.nodelist.render(context)
  File "/Users/rafal/.local/share/virtualenvs/XManager-w8HXMJeE/lib/python3.13/site-packages/django/template/base.py", line 1016, in render
    return SafeString("".join([node.render_annotated(context) for node in self]))
                               ~~~~~~~~~~~~~~~~~~~~~^^^^^^^^^
  File "/Users/rafal/.local/share/virtualenvs/XManager-w8HXMJeE/lib/python3.13/site-packages/django/template/base.py", line 977, in render_annotated
    return self.render(context)
           ~~~~~~~~~~~^^^^^^^^^
  File "/Users/rafal/.local/share/virtualenvs/XManager-w8HXMJeE/lib/python3.13/site-packages/django/template/loader_tags.py", line 210, in render
    return template.render(context)
           ~~~~~~~~~~~~~~~^^^^^^^^^
  File "/Users/rafal/.local/share/virtualenvs/XManager-w8HXMJeE/lib/python3.13/site-packages/django/template/base.py", line 173, in render
    return self._render(context)
           ~~~~~~~~~~~~^^^^^^^^^
  File "/Users/rafal/.local/share/virtualenvs/XManager-w8HXMJeE/lib/python3.13/site-packages/django/template/base.py", line 163, in _render
    return self.nodelist.render(context)
           ~~~~~~~~~~~~~~~~~~~~^^^^^^^^^
  File "/Users/rafal/.local/share/virtualenvs/XManager-w8HXMJeE/lib/python3.13/site-packages/django/template/base.py", line 1016, in render
    return SafeString("".join([node.render_annotated(context) for node in self]))
                               ~~~~~~~~~~~~~~~~~~~~~^^^^^^^^^
  File "/Users/rafal/.local/share/virtualenvs/XManager-w8HXMJeE/lib/python3.13/site-packages/django/template/base.py", line 977, in render_annotated
    return self.render(context)
           ~~~~~~~~~~~^^^^^^^^^
  File "/Users/rafal/.local/share/virtualenvs/XManager-w8HXMJeE/lib/python3.13/site-packages/django/template/loader_tags.py", line 56, in render
    result = self.nodelist.render(context)
  File "/Users/rafal/.local/share/virtualenvs/XManager-w8HXMJeE/lib/python3.13/site-packages/django/template/base.py", line 1016, in render
    return SafeString("".join([node.render_annotated(context) for node in self]))
                               ~~~~~~~~~~~~~~~~~~~~~^^^^^^^^^
  File "/Users/rafal/.local/share/virtualenvs/XManager-w8HXMJeE/lib/python3.13/site-packages/django/template/base.py", line 977, in render_annotated
    return self.render(context)
           ~~~~~~~~~~~^^^^^^^^^
  File "/Users/rafal/.local/share/virtualenvs/XManager-w8HXMJeE/lib/python3.13/site-packages/django/template/defaulttags.py", line 480, in render
    url = reverse(view_name, args=args, kwargs=kwargs, current_app=current_app)
  File "/Users/rafal/.local/share/virtualenvs/XManager-w8HXMJeE/lib/python3.13/site-packages/django/urls/base.py", line 98, in reverse
    resolved_url = resolver._reverse_with_prefix(view, prefix, *args, **kwargs)
  File "/Users/rafal/.local/share/virtualenvs/XManager-w8HXMJeE/lib/python3.13/site-packages/django/urls/resolvers.py", line 831, in _reverse_with_prefix
    raise NoReverseMatch(msg)
django.urls.exceptions.NoReverseMatch: Reverse for 'category_list' not found. 'category_list' is not a valid view function or pattern name.
ERROR 2025-05-16 19:17:38,901 basehttp "GET /dashboard/ HTTP/1.1" 500 226531
INFO 2025-05-16 19:18:20,511 autoreload /Users/rafal/VisualStudio/PythonProjects/XManager/apps/product/urls.py changed, reloading.
INFO 2025-05-16 19:18:20,867 autoreload Watching for file changes with StatReloader
INFO 2025-05-16 19:18:35,359 autoreload /Users/rafal/VisualStudio/PythonProjects/XManager/apps/product/urls.py changed, reloading.
INFO 2025-05-16 19:18:35,669 autoreload Watching for file changes with StatReloader
INFO 2025-05-16 19:20:47,339 autoreload /Users/rafal/VisualStudio/PythonProjects/XManager/apps/product/views.py changed, reloading.
INFO 2025-05-16 19:20:47,768 autoreload Watching for file changes with StatReloader
INFO 2025-05-16 19:21:43,241 autoreload /Users/rafal/VisualStudio/PythonProjects/XManager/apps/product/views.py changed, reloading.
INFO 2025-05-16 19:21:43,478 autoreload Watching for file changes with StatReloader
INFO 2025-05-16 19:21:47,041 basehttp "GET /dashboard/ HTTP/1.1" 200 16258
INFO 2025-05-16 19:21:55,966 basehttp "GET /products/ HTTP/1.1" 200 45327
INFO 2025-05-16 19:21:57,953 basehttp "GET /products/categories/ HTTP/1.1" 200 11027
ERROR 2025-05-16 19:22:00,314 log Internal Server Error: /products/categories/create/
Traceback (most recent call last):
  File "/Users/rafal/.local/share/virtualenvs/XManager-w8HXMJeE/lib/python3.13/site-packages/django/core/handlers/exception.py", line 55, in inner
    response = get_response(request)
  File "/Users/rafal/.local/share/virtualenvs/XManager-w8HXMJeE/lib/python3.13/site-packages/django/core/handlers/base.py", line 220, in _get_response
    response = response.render()
  File "/Users/rafal/.local/share/virtualenvs/XManager-w8HXMJeE/lib/python3.13/site-packages/django/template/response.py", line 114, in render
    self.content = self.rendered_content
                   ^^^^^^^^^^^^^^^^^^^^^
  File "/Users/rafal/.local/share/virtualenvs/XManager-w8HXMJeE/lib/python3.13/site-packages/django/template/response.py", line 90, in rendered_content
    template = self.resolve_template(self.template_name)
  File "/Users/rafal/.local/share/virtualenvs/XManager-w8HXMJeE/lib/python3.13/site-packages/django/template/response.py", line 72, in resolve_template
    return select_template(template, using=self.using)
  File "/Users/rafal/.local/share/virtualenvs/XManager-w8HXMJeE/lib/python3.13/site-packages/django/template/loader.py", line 42, in select_template
    return engine.get_template(template_name)
           ~~~~~~~~~~~~~~~~~~~^^^^^^^^^^^^^^^
  File "/Users/rafal/.local/share/virtualenvs/XManager-w8HXMJeE/lib/python3.13/site-packages/django/template/backends/django.py", line 79, in get_template
    return Template(self.engine.get_template(template_name), self)
                    ~~~~~~~~~~~~~~~~~~~~~~~~^^^^^^^^^^^^^^^
  File "/Users/rafal/.local/share/virtualenvs/XManager-w8HXMJeE/lib/python3.13/site-packages/django/template/engine.py", line 177, in get_template
    template, origin = self.find_template(template_name)
                       ~~~~~~~~~~~~~~~~~~^^^^^^^^^^^^^^^
  File "/Users/rafal/.local/share/virtualenvs/XManager-w8HXMJeE/lib/python3.13/site-packages/django/template/engine.py", line 159, in find_template
    template = loader.get_template(name, skip=skip)
  File "/Users/rafal/.local/share/virtualenvs/XManager-w8HXMJeE/lib/python3.13/site-packages/django/template/loaders/cached.py", line 57, in get_template
    template = super().get_template(template_name, skip)
  File "/Users/rafal/.local/share/virtualenvs/XManager-w8HXMJeE/lib/python3.13/site-packages/django/template/loaders/base.py", line 28, in get_template
    return Template(
        contents,
    ...<2 lines>...
        self.engine,
    )
  File "/Users/rafal/.local/share/virtualenvs/XManager-w8HXMJeE/lib/python3.13/site-packages/django/template/base.py", line 154, in __init__
    self.nodelist = self.compile_nodelist()
                    ~~~~~~~~~~~~~~~~~~~~~^^
  File "/Users/rafal/.local/share/virtualenvs/XManager-w8HXMJeE/lib/python3.13/site-packages/django/template/base.py", line 196, in compile_nodelist
    nodelist = parser.parse()
  File "/Users/rafal/.local/share/virtualenvs/XManager-w8HXMJeE/lib/python3.13/site-packages/django/template/base.py", line 518, in parse
    raise self.error(token, e)
  File "/Users/rafal/.local/share/virtualenvs/XManager-w8HXMJeE/lib/python3.13/site-packages/django/template/base.py", line 516, in parse
    compiled_result = compile_func(self, token)
  File "/Users/rafal/.local/share/virtualenvs/XManager-w8HXMJeE/lib/python3.13/site-packages/django/template/loader_tags.py", line 299, in do_extends
    nodelist = parser.parse()
  File "/Users/rafal/.local/share/virtualenvs/XManager-w8HXMJeE/lib/python3.13/site-packages/django/template/base.py", line 518, in parse
    raise self.error(token, e)
  File "/Users/rafal/.local/share/virtualenvs/XManager-w8HXMJeE/lib/python3.13/site-packages/django/template/base.py", line 516, in parse
    compiled_result = compile_func(self, token)
  File "/Users/rafal/.local/share/virtualenvs/XManager-w8HXMJeE/lib/python3.13/site-packages/django/template/loader_tags.py", line 234, in do_block
    nodelist = parser.parse(("endblock",))
  File "/Users/rafal/.local/share/virtualenvs/XManager-w8HXMJeE/lib/python3.13/site-packages/django/template/base.py", line 489, in parse
    raise self.error(token, e)
  File "/Users/rafal/.local/share/virtualenvs/XManager-w8HXMJeE/lib/python3.13/site-packages/django/template/base.py", line 487, in parse
    filter_expression = self.compile_filter(token.contents)
  File "/Users/rafal/.local/share/virtualenvs/XManager-w8HXMJeE/lib/python3.13/site-packages/django/template/base.py", line 609, in compile_filter
    return FilterExpression(token, self)
  File "/Users/rafal/.local/share/virtualenvs/XManager-w8HXMJeE/lib/python3.13/site-packages/django/template/base.py", line 705, in __init__
    filter_func = parser.find_filter(filter_name)
  File "/Users/rafal/.local/share/virtualenvs/XManager-w8HXMJeE/lib/python3.13/site-packages/django/template/base.py", line 615, in find_filter
    raise TemplateSyntaxError("Invalid filter: '%s'" % filter_name)
django.template.exceptions.TemplateSyntaxError: Invalid filter: 'add_class'
ERROR 2025-05-16 19:22:00,316 basehttp "GET /products/categories/create/ HTTP/1.1" 500 268015
INFO 2025-05-16 19:22:07,089 basehttp "GET /products/brands/ HTTP/1.1" 200 11003
ERROR 2025-05-16 19:22:09,403 log Internal Server Error: /products/brands/create/
Traceback (most recent call last):
  File "/Users/rafal/.local/share/virtualenvs/XManager-w8HXMJeE/lib/python3.13/site-packages/django/core/handlers/exception.py", line 55, in inner
    response = get_response(request)
  File "/Users/rafal/.local/share/virtualenvs/XManager-w8HXMJeE/lib/python3.13/site-packages/django/core/handlers/base.py", line 220, in _get_response
    response = response.render()
  File "/Users/rafal/.local/share/virtualenvs/XManager-w8HXMJeE/lib/python3.13/site-packages/django/template/response.py", line 114, in render
    self.content = self.rendered_content
                   ^^^^^^^^^^^^^^^^^^^^^
  File "/Users/rafal/.local/share/virtualenvs/XManager-w8HXMJeE/lib/python3.13/site-packages/django/template/response.py", line 90, in rendered_content
    template = self.resolve_template(self.template_name)
  File "/Users/rafal/.local/share/virtualenvs/XManager-w8HXMJeE/lib/python3.13/site-packages/django/template/response.py", line 72, in resolve_template
    return select_template(template, using=self.using)
  File "/Users/rafal/.local/share/virtualenvs/XManager-w8HXMJeE/lib/python3.13/site-packages/django/template/loader.py", line 42, in select_template
    return engine.get_template(template_name)
           ~~~~~~~~~~~~~~~~~~~^^^^^^^^^^^^^^^
  File "/Users/rafal/.local/share/virtualenvs/XManager-w8HXMJeE/lib/python3.13/site-packages/django/template/backends/django.py", line 79, in get_template
    return Template(self.engine.get_template(template_name), self)
                    ~~~~~~~~~~~~~~~~~~~~~~~~^^^^^^^^^^^^^^^
  File "/Users/rafal/.local/share/virtualenvs/XManager-w8HXMJeE/lib/python3.13/site-packages/django/template/engine.py", line 177, in get_template
    template, origin = self.find_template(template_name)
                       ~~~~~~~~~~~~~~~~~~^^^^^^^^^^^^^^^
  File "/Users/rafal/.local/share/virtualenvs/XManager-w8HXMJeE/lib/python3.13/site-packages/django/template/engine.py", line 159, in find_template
    template = loader.get_template(name, skip=skip)
  File "/Users/rafal/.local/share/virtualenvs/XManager-w8HXMJeE/lib/python3.13/site-packages/django/template/loaders/cached.py", line 57, in get_template
    template = super().get_template(template_name, skip)
  File "/Users/rafal/.local/share/virtualenvs/XManager-w8HXMJeE/lib/python3.13/site-packages/django/template/loaders/base.py", line 28, in get_template
    return Template(
        contents,
    ...<2 lines>...
        self.engine,
    )
  File "/Users/rafal/.local/share/virtualenvs/XManager-w8HXMJeE/lib/python3.13/site-packages/django/template/base.py", line 154, in __init__
    self.nodelist = self.compile_nodelist()
                    ~~~~~~~~~~~~~~~~~~~~~^^
  File "/Users/rafal/.local/share/virtualenvs/XManager-w8HXMJeE/lib/python3.13/site-packages/django/template/base.py", line 196, in compile_nodelist
    nodelist = parser.parse()
  File "/Users/rafal/.local/share/virtualenvs/XManager-w8HXMJeE/lib/python3.13/site-packages/django/template/base.py", line 518, in parse
    raise self.error(token, e)
  File "/Users/rafal/.local/share/virtualenvs/XManager-w8HXMJeE/lib/python3.13/site-packages/django/template/base.py", line 516, in parse
    compiled_result = compile_func(self, token)
  File "/Users/rafal/.local/share/virtualenvs/XManager-w8HXMJeE/lib/python3.13/site-packages/django/template/loader_tags.py", line 299, in do_extends
    nodelist = parser.parse()
  File "/Users/rafal/.local/share/virtualenvs/XManager-w8HXMJeE/lib/python3.13/site-packages/django/template/base.py", line 518, in parse
    raise self.error(token, e)
  File "/Users/rafal/.local/share/virtualenvs/XManager-w8HXMJeE/lib/python3.13/site-packages/django/template/base.py", line 516, in parse
    compiled_result = compile_func(self, token)
  File "/Users/rafal/.local/share/virtualenvs/XManager-w8HXMJeE/lib/python3.13/site-packages/django/template/loader_tags.py", line 234, in do_block
    nodelist = parser.parse(("endblock",))
  File "/Users/rafal/.local/share/virtualenvs/XManager-w8HXMJeE/lib/python3.13/site-packages/django/template/base.py", line 489, in parse
    raise self.error(token, e)
  File "/Users/rafal/.local/share/virtualenvs/XManager-w8HXMJeE/lib/python3.13/site-packages/django/template/base.py", line 487, in parse
    filter_expression = self.compile_filter(token.contents)
  File "/Users/rafal/.local/share/virtualenvs/XManager-w8HXMJeE/lib/python3.13/site-packages/django/template/base.py", line 609, in compile_filter
    return FilterExpression(token, self)
  File "/Users/rafal/.local/share/virtualenvs/XManager-w8HXMJeE/lib/python3.13/site-packages/django/template/base.py", line 705, in __init__
    filter_func = parser.find_filter(filter_name)
  File "/Users/rafal/.local/share/virtualenvs/XManager-w8HXMJeE/lib/python3.13/site-packages/django/template/base.py", line 615, in find_filter
    raise TemplateSyntaxError("Invalid filter: '%s'" % filter_name)
django.template.exceptions.TemplateSyntaxError: Invalid filter: 'add_class'
ERROR 2025-05-16 19:22:09,404 basehttp "GET /products/brands/create/ HTTP/1.1" 500 260463
INFO 2025-05-16 19:22:40,075 basehttp "GET /partner/ HTTP/1.1" 200 172417
INFO 2025-05-16 19:24:39,806 basehttp "GET /subscribers/ HTTP/1.1" 200 266487
INFO 2025-05-16 19:24:46,954 basehttp "GET /products/ HTTP/1.1" 200 45327
INFO 2025-05-16 19:24:58,505 basehttp "GET /products/?search=&status=&featured=&page_size=100 HTTP/1.1" 200 45371
INFO 2025-05-16 19:25:55,036 basehttp "GET /dashboard/ HTTP/1.1" 200 17734
INFO 2025-05-16 19:25:56,183 basehttp "GET /dashboard/ HTTP/1.1" 200 17734
INFO 2025-05-16 19:25:56,640 basehttp "GET /dashboard/ HTTP/1.1" 200 17734
INFO 2025-05-16 19:25:56,810 basehttp "GET /dashboard/ HTTP/1.1" 200 17734
INFO 2025-05-16 19:25:56,958 basehttp "GET /dashboard/ HTTP/1.1" 200 17734
INFO 2025-05-16 19:26:00,538 basehttp "GET /products/ HTTP/1.1" 200 46801
INFO 2025-05-16 19:26:03,521 basehttp "GET /products/categories/ HTTP/1.1" 200 12501
INFO 2025-05-16 19:26:04,921 basehttp "GET /products/brands/ HTTP/1.1" 200 12477
INFO 2025-05-16 19:26:05,862 basehttp "GET /products/categories/ HTTP/1.1" 200 12501
ERROR 2025-05-16 19:26:09,634 log Internal Server Error: /products/categories/create/
Traceback (most recent call last):
  File "/Users/rafal/.local/share/virtualenvs/XManager-w8HXMJeE/lib/python3.13/site-packages/django/core/handlers/exception.py", line 55, in inner
    response = get_response(request)
  File "/Users/rafal/.local/share/virtualenvs/XManager-w8HXMJeE/lib/python3.13/site-packages/django/core/handlers/base.py", line 220, in _get_response
    response = response.render()
  File "/Users/rafal/.local/share/virtualenvs/XManager-w8HXMJeE/lib/python3.13/site-packages/django/template/response.py", line 114, in render
    self.content = self.rendered_content
                   ^^^^^^^^^^^^^^^^^^^^^
  File "/Users/rafal/.local/share/virtualenvs/XManager-w8HXMJeE/lib/python3.13/site-packages/django/template/response.py", line 90, in rendered_content
    template = self.resolve_template(self.template_name)
  File "/Users/rafal/.local/share/virtualenvs/XManager-w8HXMJeE/lib/python3.13/site-packages/django/template/response.py", line 72, in resolve_template
    return select_template(template, using=self.using)
  File "/Users/rafal/.local/share/virtualenvs/XManager-w8HXMJeE/lib/python3.13/site-packages/django/template/loader.py", line 42, in select_template
    return engine.get_template(template_name)
           ~~~~~~~~~~~~~~~~~~~^^^^^^^^^^^^^^^
  File "/Users/rafal/.local/share/virtualenvs/XManager-w8HXMJeE/lib/python3.13/site-packages/django/template/backends/django.py", line 79, in get_template
    return Template(self.engine.get_template(template_name), self)
                    ~~~~~~~~~~~~~~~~~~~~~~~~^^^^^^^^^^^^^^^
  File "/Users/rafal/.local/share/virtualenvs/XManager-w8HXMJeE/lib/python3.13/site-packages/django/template/engine.py", line 177, in get_template
    template, origin = self.find_template(template_name)
                       ~~~~~~~~~~~~~~~~~~^^^^^^^^^^^^^^^
  File "/Users/rafal/.local/share/virtualenvs/XManager-w8HXMJeE/lib/python3.13/site-packages/django/template/engine.py", line 159, in find_template
    template = loader.get_template(name, skip=skip)
  File "/Users/rafal/.local/share/virtualenvs/XManager-w8HXMJeE/lib/python3.13/site-packages/django/template/loaders/cached.py", line 57, in get_template
    template = super().get_template(template_name, skip)
  File "/Users/rafal/.local/share/virtualenvs/XManager-w8HXMJeE/lib/python3.13/site-packages/django/template/loaders/base.py", line 28, in get_template
    return Template(
        contents,
    ...<2 lines>...
        self.engine,
    )
  File "/Users/rafal/.local/share/virtualenvs/XManager-w8HXMJeE/lib/python3.13/site-packages/django/template/base.py", line 154, in __init__
    self.nodelist = self.compile_nodelist()
                    ~~~~~~~~~~~~~~~~~~~~~^^
  File "/Users/rafal/.local/share/virtualenvs/XManager-w8HXMJeE/lib/python3.13/site-packages/django/template/base.py", line 196, in compile_nodelist
    nodelist = parser.parse()
  File "/Users/rafal/.local/share/virtualenvs/XManager-w8HXMJeE/lib/python3.13/site-packages/django/template/base.py", line 518, in parse
    raise self.error(token, e)
  File "/Users/rafal/.local/share/virtualenvs/XManager-w8HXMJeE/lib/python3.13/site-packages/django/template/base.py", line 516, in parse
    compiled_result = compile_func(self, token)
  File "/Users/rafal/.local/share/virtualenvs/XManager-w8HXMJeE/lib/python3.13/site-packages/django/template/loader_tags.py", line 299, in do_extends
    nodelist = parser.parse()
  File "/Users/rafal/.local/share/virtualenvs/XManager-w8HXMJeE/lib/python3.13/site-packages/django/template/base.py", line 518, in parse
    raise self.error(token, e)
  File "/Users/rafal/.local/share/virtualenvs/XManager-w8HXMJeE/lib/python3.13/site-packages/django/template/base.py", line 516, in parse
    compiled_result = compile_func(self, token)
  File "/Users/rafal/.local/share/virtualenvs/XManager-w8HXMJeE/lib/python3.13/site-packages/django/template/loader_tags.py", line 234, in do_block
    nodelist = parser.parse(("endblock",))
  File "/Users/rafal/.local/share/virtualenvs/XManager-w8HXMJeE/lib/python3.13/site-packages/django/template/base.py", line 489, in parse
    raise self.error(token, e)
  File "/Users/rafal/.local/share/virtualenvs/XManager-w8HXMJeE/lib/python3.13/site-packages/django/template/base.py", line 487, in parse
    filter_expression = self.compile_filter(token.contents)
  File "/Users/rafal/.local/share/virtualenvs/XManager-w8HXMJeE/lib/python3.13/site-packages/django/template/base.py", line 609, in compile_filter
    return FilterExpression(token, self)
  File "/Users/rafal/.local/share/virtualenvs/XManager-w8HXMJeE/lib/python3.13/site-packages/django/template/base.py", line 705, in __init__
    filter_func = parser.find_filter(filter_name)
  File "/Users/rafal/.local/share/virtualenvs/XManager-w8HXMJeE/lib/python3.13/site-packages/django/template/base.py", line 615, in find_filter
    raise TemplateSyntaxError("Invalid filter: '%s'" % filter_name)
django.template.exceptions.TemplateSyntaxError: Invalid filter: 'add_class'
ERROR 2025-05-16 19:26:09,635 basehttp "GET /products/categories/create/ HTTP/1.1" 500 268015
INFO 2025-05-16 19:26:24,704 basehttp "GET /products/brands/ HTTP/1.1" 200 12477
ERROR 2025-05-16 19:26:25,671 log Internal Server Error: /products/brands/create/
Traceback (most recent call last):
  File "/Users/rafal/.local/share/virtualenvs/XManager-w8HXMJeE/lib/python3.13/site-packages/django/core/handlers/exception.py", line 55, in inner
    response = get_response(request)
  File "/Users/rafal/.local/share/virtualenvs/XManager-w8HXMJeE/lib/python3.13/site-packages/django/core/handlers/base.py", line 220, in _get_response
    response = response.render()
  File "/Users/rafal/.local/share/virtualenvs/XManager-w8HXMJeE/lib/python3.13/site-packages/django/template/response.py", line 114, in render
    self.content = self.rendered_content
                   ^^^^^^^^^^^^^^^^^^^^^
  File "/Users/rafal/.local/share/virtualenvs/XManager-w8HXMJeE/lib/python3.13/site-packages/django/template/response.py", line 90, in rendered_content
    template = self.resolve_template(self.template_name)
  File "/Users/rafal/.local/share/virtualenvs/XManager-w8HXMJeE/lib/python3.13/site-packages/django/template/response.py", line 72, in resolve_template
    return select_template(template, using=self.using)
  File "/Users/rafal/.local/share/virtualenvs/XManager-w8HXMJeE/lib/python3.13/site-packages/django/template/loader.py", line 42, in select_template
    return engine.get_template(template_name)
           ~~~~~~~~~~~~~~~~~~~^^^^^^^^^^^^^^^
  File "/Users/rafal/.local/share/virtualenvs/XManager-w8HXMJeE/lib/python3.13/site-packages/django/template/backends/django.py", line 79, in get_template
    return Template(self.engine.get_template(template_name), self)
                    ~~~~~~~~~~~~~~~~~~~~~~~~^^^^^^^^^^^^^^^
  File "/Users/rafal/.local/share/virtualenvs/XManager-w8HXMJeE/lib/python3.13/site-packages/django/template/engine.py", line 177, in get_template
    template, origin = self.find_template(template_name)
                       ~~~~~~~~~~~~~~~~~~^^^^^^^^^^^^^^^
  File "/Users/rafal/.local/share/virtualenvs/XManager-w8HXMJeE/lib/python3.13/site-packages/django/template/engine.py", line 159, in find_template
    template = loader.get_template(name, skip=skip)
  File "/Users/rafal/.local/share/virtualenvs/XManager-w8HXMJeE/lib/python3.13/site-packages/django/template/loaders/cached.py", line 57, in get_template
    template = super().get_template(template_name, skip)
  File "/Users/rafal/.local/share/virtualenvs/XManager-w8HXMJeE/lib/python3.13/site-packages/django/template/loaders/base.py", line 28, in get_template
    return Template(
        contents,
    ...<2 lines>...
        self.engine,
    )
  File "/Users/rafal/.local/share/virtualenvs/XManager-w8HXMJeE/lib/python3.13/site-packages/django/template/base.py", line 154, in __init__
    self.nodelist = self.compile_nodelist()
                    ~~~~~~~~~~~~~~~~~~~~~^^
  File "/Users/rafal/.local/share/virtualenvs/XManager-w8HXMJeE/lib/python3.13/site-packages/django/template/base.py", line 196, in compile_nodelist
    nodelist = parser.parse()
  File "/Users/rafal/.local/share/virtualenvs/XManager-w8HXMJeE/lib/python3.13/site-packages/django/template/base.py", line 518, in parse
    raise self.error(token, e)
  File "/Users/rafal/.local/share/virtualenvs/XManager-w8HXMJeE/lib/python3.13/site-packages/django/template/base.py", line 516, in parse
    compiled_result = compile_func(self, token)
  File "/Users/rafal/.local/share/virtualenvs/XManager-w8HXMJeE/lib/python3.13/site-packages/django/template/loader_tags.py", line 299, in do_extends
    nodelist = parser.parse()
  File "/Users/rafal/.local/share/virtualenvs/XManager-w8HXMJeE/lib/python3.13/site-packages/django/template/base.py", line 518, in parse
    raise self.error(token, e)
  File "/Users/rafal/.local/share/virtualenvs/XManager-w8HXMJeE/lib/python3.13/site-packages/django/template/base.py", line 516, in parse
    compiled_result = compile_func(self, token)
  File "/Users/rafal/.local/share/virtualenvs/XManager-w8HXMJeE/lib/python3.13/site-packages/django/template/loader_tags.py", line 234, in do_block
    nodelist = parser.parse(("endblock",))
  File "/Users/rafal/.local/share/virtualenvs/XManager-w8HXMJeE/lib/python3.13/site-packages/django/template/base.py", line 489, in parse
    raise self.error(token, e)
  File "/Users/rafal/.local/share/virtualenvs/XManager-w8HXMJeE/lib/python3.13/site-packages/django/template/base.py", line 487, in parse
    filter_expression = self.compile_filter(token.contents)
  File "/Users/rafal/.local/share/virtualenvs/XManager-w8HXMJeE/lib/python3.13/site-packages/django/template/base.py", line 609, in compile_filter
    return FilterExpression(token, self)
  File "/Users/rafal/.local/share/virtualenvs/XManager-w8HXMJeE/lib/python3.13/site-packages/django/template/base.py", line 705, in __init__
    filter_func = parser.find_filter(filter_name)
  File "/Users/rafal/.local/share/virtualenvs/XManager-w8HXMJeE/lib/python3.13/site-packages/django/template/base.py", line 615, in find_filter
    raise TemplateSyntaxError("Invalid filter: '%s'" % filter_name)
django.template.exceptions.TemplateSyntaxError: Invalid filter: 'add_class'
ERROR 2025-05-16 19:26:25,673 basehttp "GET /products/brands/create/ HTTP/1.1" 500 260463
INFO 2025-05-16 19:27:18,590 basehttp "GET /products/categories/ HTTP/1.1" 200 12501
INFO 2025-05-16 19:27:19,278 basehttp "GET /products/brands/ HTTP/1.1" 200 12477
INFO 2025-05-16 19:27:19,821 basehttp "GET /products/categories/ HTTP/1.1" 200 12501
INFO 2025-05-16 19:27:20,794 basehttp "GET /products/categories/create/ HTTP/1.1" 200 17146
INFO 2025-05-16 19:28:00,029 basehttp "GET /products/categories/create/ HTTP/1.1" 200 17146
INFO 2025-05-16 19:28:13,125 basehttp "GET /products/brands/ HTTP/1.1" 200 12477
INFO 2025-05-16 19:28:15,900 basehttp "GET /products/categories/ HTTP/1.1" 200 12501
INFO 2025-05-16 19:28:18,860 basehttp "GET /products/brands/ HTTP/1.1" 200 12477
INFO 2025-05-16 19:28:26,509 basehttp "GET /products/brands/create/ HTTP/1.1" 200 16036
INFO 2025-05-16 19:28:32,794 basehttp "POST /products/brands/create/ HTTP/1.1" 302 0
INFO 2025-05-16 19:28:32,801 basehttp "GET /products/brands/ HTTP/1.1" 200 14561
INFO 2025-05-16 19:28:35,266 basehttp "GET /products/brands/create/ HTTP/1.1" 200 16036
INFO 2025-05-16 19:28:40,084 basehttp "POST /products/brands/create/ HTTP/1.1" 302 0
INFO 2025-05-16 19:28:40,091 basehttp "GET /products/brands/ HTTP/1.1" 200 15662
INFO 2025-05-16 19:28:45,908 basehttp "GET /products/categories/ HTTP/1.1" 200 12501
INFO 2025-05-16 19:29:15,623 basehttp "GET /products/categories/create/ HTTP/1.1" 200 17146
INFO 2025-05-16 19:29:36,422 basehttp "POST /products/categories/create/ HTTP/1.1" 302 0
INFO 2025-05-16 19:29:36,428 basehttp "GET /products/categories/ HTTP/1.1" 200 14767
INFO 2025-05-16 19:29:37,887 basehttp "GET /products/categories/create/ HTTP/1.1" 200 17416
INFO 2025-05-16 19:29:47,487 basehttp "POST /products/categories/create/ HTTP/1.1" 302 0
INFO 2025-05-16 19:29:47,493 basehttp "GET /products/categories/ HTTP/1.1" 200 16013
INFO 2025-05-16 19:29:52,071 basehttp "GET /products/brands/ HTTP/1.1" 200 15216
INFO 2025-05-16 19:29:52,767 basehttp "GET /products/categories/ HTTP/1.1" 200 15563
INFO 2025-05-16 19:31:00,530 basehttp "GET /products/brands/ HTTP/1.1" 200 15216
INFO 2025-05-16 19:31:02,668 basehttp "GET /products/ HTTP/1.1" 200 51201
INFO 2025-05-16 19:31:06,355 basehttp "GET /products/1/update/ HTTP/1.1" 200 18634
INFO 2025-05-16 19:31:36,104 basehttp "POST /products/1/update/ HTTP/1.1" 200 19009
INFO 2025-05-16 19:32:35,751 basehttp "GET /dashboard/ HTTP/1.1" 200 17734
INFO 2025-05-16 19:32:38,210 basehttp "GET /products/categories/ HTTP/1.1" 200 13115
INFO 2025-05-16 19:32:41,787 basehttp "GET /products/categories/ HTTP/1.1" 200 13115
INFO 2025-05-16 19:32:42,223 basehttp "GET /products/categories/ HTTP/1.1" 200 13115
INFO 2025-05-16 19:32:42,397 basehttp "GET /products/categories/ HTTP/1.1" 200 13115
INFO 2025-05-16 19:32:42,592 basehttp "GET /products/categories/ HTTP/1.1" 200 13115
INFO 2025-05-16 19:32:42,772 basehttp "GET /products/categories/ HTTP/1.1" 200 13115
INFO 2025-05-16 19:32:42,939 basehttp "GET /products/categories/ HTTP/1.1" 200 13115
INFO 2025-05-16 19:32:45,886 basehttp "GET /products/brands/ HTTP/1.1" 200 15216
INFO 2025-05-16 19:32:47,165 basehttp "GET /products/categories/ HTTP/1.1" 200 13115
INFO 2025-05-16 19:32:50,533 basehttp "GET /products/categories/create/ HTTP/1.1" 200 17687
INFO 2025-05-16 19:32:51,782 basehttp "GET /products/categories/ HTTP/1.1" 200 13115
INFO 2025-05-16 19:33:00,491 basehttp "GET /products/categories/ HTTP/1.1" 200 15563
INFO 2025-05-16 19:35:06,088 autoreload /Users/rafal/VisualStudio/PythonProjects/XManager/apps/product/views.py changed, reloading.
INFO 2025-05-16 19:35:06,353 autoreload Watching for file changes with StatReloader
INFO 2025-05-16 19:36:34,591 basehttp "GET /dashboard/ HTTP/1.1" 200 17734
INFO 2025-05-16 19:36:36,311 basehttp "GET /products/ HTTP/1.1" 200 51201
ERROR 2025-05-16 19:36:38,529 log Internal Server Error: /products/categories/
Traceback (most recent call last):
  File "/Users/rafal/.local/share/virtualenvs/XManager-w8HXMJeE/lib/python3.13/site-packages/django/template/defaulttags.py", line 1035, in find_library
    return parser.libraries[name]
           ~~~~~~~~~~~~~~~~^^^^^^
KeyError: 'product_tags'

During handling of the above exception, another exception occurred:

Traceback (most recent call last):
  File "/Users/rafal/.local/share/virtualenvs/XManager-w8HXMJeE/lib/python3.13/site-packages/django/core/handlers/exception.py", line 55, in inner
    response = get_response(request)
  File "/Users/rafal/.local/share/virtualenvs/XManager-w8HXMJeE/lib/python3.13/site-packages/django/core/handlers/base.py", line 220, in _get_response
    response = response.render()
  File "/Users/rafal/.local/share/virtualenvs/XManager-w8HXMJeE/lib/python3.13/site-packages/django/template/response.py", line 114, in render
    self.content = self.rendered_content
                   ^^^^^^^^^^^^^^^^^^^^^
  File "/Users/rafal/.local/share/virtualenvs/XManager-w8HXMJeE/lib/python3.13/site-packages/django/template/response.py", line 90, in rendered_content
    template = self.resolve_template(self.template_name)
  File "/Users/rafal/.local/share/virtualenvs/XManager-w8HXMJeE/lib/python3.13/site-packages/django/template/response.py", line 72, in resolve_template
    return select_template(template, using=self.using)
  File "/Users/rafal/.local/share/virtualenvs/XManager-w8HXMJeE/lib/python3.13/site-packages/django/template/loader.py", line 42, in select_template
    return engine.get_template(template_name)
           ~~~~~~~~~~~~~~~~~~~^^^^^^^^^^^^^^^
  File "/Users/rafal/.local/share/virtualenvs/XManager-w8HXMJeE/lib/python3.13/site-packages/django/template/backends/django.py", line 79, in get_template
    return Template(self.engine.get_template(template_name), self)
                    ~~~~~~~~~~~~~~~~~~~~~~~~^^^^^^^^^^^^^^^
  File "/Users/rafal/.local/share/virtualenvs/XManager-w8HXMJeE/lib/python3.13/site-packages/django/template/engine.py", line 177, in get_template
    template, origin = self.find_template(template_name)
                       ~~~~~~~~~~~~~~~~~~^^^^^^^^^^^^^^^
  File "/Users/rafal/.local/share/virtualenvs/XManager-w8HXMJeE/lib/python3.13/site-packages/django/template/engine.py", line 159, in find_template
    template = loader.get_template(name, skip=skip)
  File "/Users/rafal/.local/share/virtualenvs/XManager-w8HXMJeE/lib/python3.13/site-packages/django/template/loaders/cached.py", line 57, in get_template
    template = super().get_template(template_name, skip)
  File "/Users/rafal/.local/share/virtualenvs/XManager-w8HXMJeE/lib/python3.13/site-packages/django/template/loaders/base.py", line 28, in get_template
    return Template(
        contents,
    ...<2 lines>...
        self.engine,
    )
  File "/Users/rafal/.local/share/virtualenvs/XManager-w8HXMJeE/lib/python3.13/site-packages/django/template/base.py", line 154, in __init__
    self.nodelist = self.compile_nodelist()
                    ~~~~~~~~~~~~~~~~~~~~~^^
  File "/Users/rafal/.local/share/virtualenvs/XManager-w8HXMJeE/lib/python3.13/site-packages/django/template/base.py", line 196, in compile_nodelist
    nodelist = parser.parse()
  File "/Users/rafal/.local/share/virtualenvs/XManager-w8HXMJeE/lib/python3.13/site-packages/django/template/base.py", line 518, in parse
    raise self.error(token, e)
  File "/Users/rafal/.local/share/virtualenvs/XManager-w8HXMJeE/lib/python3.13/site-packages/django/template/base.py", line 516, in parse
    compiled_result = compile_func(self, token)
  File "/Users/rafal/.local/share/virtualenvs/XManager-w8HXMJeE/lib/python3.13/site-packages/django/template/loader_tags.py", line 299, in do_extends
    nodelist = parser.parse()
  File "/Users/rafal/.local/share/virtualenvs/XManager-w8HXMJeE/lib/python3.13/site-packages/django/template/base.py", line 518, in parse
    raise self.error(token, e)
  File "/Users/rafal/.local/share/virtualenvs/XManager-w8HXMJeE/lib/python3.13/site-packages/django/template/base.py", line 516, in parse
    compiled_result = compile_func(self, token)
  File "/Users/rafal/.local/share/virtualenvs/XManager-w8HXMJeE/lib/python3.13/site-packages/django/template/defaulttags.py", line 1097, in load
    lib = find_library(parser, name)
  File "/Users/rafal/.local/share/virtualenvs/XManager-w8HXMJeE/lib/python3.13/site-packages/django/template/defaulttags.py", line 1037, in find_library
    raise TemplateSyntaxError(
    ...<5 lines>...
    )
django.template.exceptions.TemplateSyntaxError: 'product_tags' is not a registered tag library. Must be one of:
admin_list
admin_modify
admin_urls
cache
countries
i18n
l10n
log
static
tz
ERROR 2025-05-16 19:36:38,531 basehttp "GET /products/categories/ HTTP/1.1" 500 177872
INFO 2025-05-16 19:37:54,775 autoreload Watching for file changes with StatReloader
INFO 2025-05-16 19:37:59,748 basehttp "GET /products/ HTTP/1.1" 200 51201
INFO 2025-05-16 19:38:00,013 basehttp "GET /products/ HTTP/1.1" 200 51201
INFO 2025-05-16 19:38:00,190 basehttp "GET /products/ HTTP/1.1" 200 51201
INFO 2025-05-16 19:38:02,064 basehttp "GET /products/ HTTP/1.1" 200 51201
ERROR 2025-05-16 19:38:02,638 log Internal Server Error: /products/categories/
Traceback (most recent call last):
  File "/Users/rafal/.local/share/virtualenvs/XManager-w8HXMJeE/lib/python3.13/site-packages/django/template/backends/django.py", line 107, in render
    return self.template.render(context)
           ~~~~~~~~~~~~~~~~~~~~^^^^^^^^^
  File "/Users/rafal/.local/share/virtualenvs/XManager-w8HXMJeE/lib/python3.13/site-packages/django/template/base.py", line 171, in render
    return self._render(context)
           ~~~~~~~~~~~~^^^^^^^^^
  File "/Users/rafal/.local/share/virtualenvs/XManager-w8HXMJeE/lib/python3.13/site-packages/django/template/base.py", line 163, in _render
    return self.nodelist.render(context)
           ~~~~~~~~~~~~~~~~~~~~^^^^^^^^^
  File "/Users/rafal/.local/share/virtualenvs/XManager-w8HXMJeE/lib/python3.13/site-packages/django/template/base.py", line 1016, in render
    return SafeString("".join([node.render_annotated(context) for node in self]))
                               ~~~~~~~~~~~~~~~~~~~~~^^^^^^^^^
  File "/Users/rafal/.local/share/virtualenvs/XManager-w8HXMJeE/lib/python3.13/site-packages/django/template/base.py", line 977, in render_annotated
    return self.render(context)
           ~~~~~~~~~~~^^^^^^^^^
  File "/Users/rafal/.local/share/virtualenvs/XManager-w8HXMJeE/lib/python3.13/site-packages/django/template/loader_tags.py", line 159, in render
    return compiled_parent._render(context)
           ~~~~~~~~~~~~~~~~~~~~~~~^^^^^^^^^
  File "/Users/rafal/.local/share/virtualenvs/XManager-w8HXMJeE/lib/python3.13/site-packages/django/template/base.py", line 163, in _render
    return self.nodelist.render(context)
           ~~~~~~~~~~~~~~~~~~~~^^^^^^^^^
  File "/Users/rafal/.local/share/virtualenvs/XManager-w8HXMJeE/lib/python3.13/site-packages/django/template/base.py", line 1016, in render
    return SafeString("".join([node.render_annotated(context) for node in self]))
                               ~~~~~~~~~~~~~~~~~~~~~^^^^^^^^^
  File "/Users/rafal/.local/share/virtualenvs/XManager-w8HXMJeE/lib/python3.13/site-packages/django/template/base.py", line 977, in render_annotated
    return self.render(context)
           ~~~~~~~~~~~^^^^^^^^^
  File "/Users/rafal/.local/share/virtualenvs/XManager-w8HXMJeE/lib/python3.13/site-packages/django/template/loader_tags.py", line 65, in render
    result = block.nodelist.render(context)
  File "/Users/rafal/.local/share/virtualenvs/XManager-w8HXMJeE/lib/python3.13/site-packages/django/template/base.py", line 1016, in render
    return SafeString("".join([node.render_annotated(context) for node in self]))
                               ~~~~~~~~~~~~~~~~~~~~~^^^^^^^^^
  File "/Users/rafal/.local/share/virtualenvs/XManager-w8HXMJeE/lib/python3.13/site-packages/django/template/base.py", line 977, in render_annotated
    return self.render(context)
           ~~~~~~~~~~~^^^^^^^^^
  File "/Users/rafal/.local/share/virtualenvs/XManager-w8HXMJeE/lib/python3.13/site-packages/django/template/defaulttags.py", line 327, in render
    return nodelist.render(context)
           ~~~~~~~~~~~~~~~^^^^^^^^^
  File "/Users/rafal/.local/share/virtualenvs/XManager-w8HXMJeE/lib/python3.13/site-packages/django/template/base.py", line 1016, in render
    return SafeString("".join([node.render_annotated(context) for node in self]))
                               ~~~~~~~~~~~~~~~~~~~~~^^^^^^^^^
  File "/Users/rafal/.local/share/virtualenvs/XManager-w8HXMJeE/lib/python3.13/site-packages/django/template/base.py", line 977, in render_annotated
    return self.render(context)
           ~~~~~~~~~~~^^^^^^^^^
  File "/Users/rafal/.local/share/virtualenvs/XManager-w8HXMJeE/lib/python3.13/site-packages/django/template/defaulttags.py", line 243, in render
    nodelist.append(node.render_annotated(context))
                    ~~~~~~~~~~~~~~~~~~~~~^^^^^^^^^
  File "/Users/rafal/.local/share/virtualenvs/XManager-w8HXMJeE/lib/python3.13/site-packages/django/template/base.py", line 977, in render_annotated
    return self.render(context)
           ~~~~~~~~~~~^^^^^^^^^
  File "/Users/rafal/.local/share/virtualenvs/XManager-w8HXMJeE/lib/python3.13/site-packages/django/template/loader_tags.py", line 199, in render
    template = context.template.engine.select_template(template_name)
  File "/Users/rafal/.local/share/virtualenvs/XManager-w8HXMJeE/lib/python3.13/site-packages/django/template/engine.py", line 214, in select_template
    raise TemplateDoesNotExist(", ".join(not_found))
django.template.exceptions.TemplateDoesNotExist: product/includes/category_item.html

The above exception was the direct cause of the following exception:

Traceback (most recent call last):
  File "/Users/rafal/.local/share/virtualenvs/XManager-w8HXMJeE/lib/python3.13/site-packages/django/core/handlers/exception.py", line 55, in inner
    response = get_response(request)
  File "/Users/rafal/.local/share/virtualenvs/XManager-w8HXMJeE/lib/python3.13/site-packages/django/core/handlers/base.py", line 220, in _get_response
    response = response.render()
  File "/Users/rafal/.local/share/virtualenvs/XManager-w8HXMJeE/lib/python3.13/site-packages/django/template/response.py", line 114, in render
    self.content = self.rendered_content
                   ^^^^^^^^^^^^^^^^^^^^^
  File "/Users/rafal/.local/share/virtualenvs/XManager-w8HXMJeE/lib/python3.13/site-packages/django/template/response.py", line 92, in rendered_content
    return template.render(context, self._request)
           ~~~~~~~~~~~~~~~^^^^^^^^^^^^^^^^^^^^^^^^
  File "/Users/rafal/.local/share/virtualenvs/XManager-w8HXMJeE/lib/python3.13/site-packages/django/template/backends/django.py", line 109, in render
    reraise(exc, self.backend)
    ~~~~~~~^^^^^^^^^^^^^^^^^^^
  File "/Users/rafal/.local/share/virtualenvs/XManager-w8HXMJeE/lib/python3.13/site-packages/django/template/backends/django.py", line 130, in reraise
    raise new from exc
django.template.exceptions.TemplateDoesNotExist: product/includes/category_item.html
ERROR 2025-05-16 19:38:02,640 basehttp "GET /products/categories/ HTTP/1.1" 500 184746
INFO 2025-05-16 19:39:30,965 autoreload /Users/rafal/VisualStudio/PythonProjects/XManager/apps/product/views.py changed, reloading.
INFO 2025-05-16 19:39:31,265 autoreload Watching for file changes with StatReloader
INFO 2025-05-16 19:39:34,925 basehttp "GET /products/ HTTP/1.1" 200 51201
INFO 2025-05-16 19:39:35,204 basehttp "GET /products/ HTTP/1.1" 200 51201
INFO 2025-05-16 19:39:35,354 basehttp "GET /products/ HTTP/1.1" 200 51201
INFO 2025-05-16 19:39:36,003 basehttp "GET /products/categories/ HTTP/1.1" 200 16898
INFO 2025-05-16 19:39:49,786 basehttp "GET /products/categories/create/ HTTP/1.1" 200 17687
INFO 2025-05-16 19:39:55,869 basehttp "POST /products/categories/create/ HTTP/1.1" 302 0
INFO 2025-05-16 19:39:55,879 basehttp "GET /products/categories/ HTTP/1.1" 200 19108
INFO 2025-05-16 19:40:06,836 basehttp "GET /products/categories/create/ HTTP/1.1" 200 17960
INFO 2025-05-16 19:40:12,377 basehttp "POST /products/categories/create/ HTTP/1.1" 302 0
INFO 2025-05-16 19:40:12,387 basehttp "GET /products/categories/ HTTP/1.1" 200 20872
INFO 2025-05-16 19:40:16,107 basehttp "GET /products/categories/create/ HTTP/1.1" 200 18236
INFO 2025-05-16 19:40:27,949 basehttp "POST /products/categories/create/ HTTP/1.1" 302 0
INFO 2025-05-16 19:40:27,964 basehttp "GET /products/categories/ HTTP/1.1" 200 22649
INFO 2025-05-16 19:40:41,379 basehttp "GET /products/categories/create/ HTTP/1.1" 200 18520
INFO 2025-05-16 19:40:56,215 basehttp "POST /products/categories/create/ HTTP/1.1" 302 0
INFO 2025-05-16 19:40:56,227 basehttp "GET /products/categories/ HTTP/1.1" 200 24664
INFO 2025-05-16 19:41:10,928 basehttp "GET /products/brands/ HTTP/1.1" 200 15216
INFO 2025-05-16 19:41:12,311 basehttp "GET /products/categories/ HTTP/1.1" 200 24214
INFO 2025-05-16 19:41:30,387 basehttp "GET /products/categories/4/update/ HTTP/1.1" 200 18575
INFO 2025-05-16 19:41:32,146 basehttp "GET /products/categories/ HTTP/1.1" 200 24214
INFO 2025-05-16 19:41:37,137 basehttp "GET /products/ HTTP/1.1" 200 55741
INFO 2025-05-16 19:41:40,759 basehttp "GET /products/1/update/ HTTP/1.1" 200 18814
INFO 2025-05-16 19:41:56,400 basehttp "POST /products/1/update/ HTTP/1.1" 200 19099
INFO 2025-05-16 19:43:36,961 basehttp "GET /dashboard/ HTTP/1.1" 200 17734
INFO 2025-05-16 19:43:39,635 basehttp "GET /products/categories/ HTTP/1.1" 200 24214
INFO 2025-05-16 19:43:40,822 basehttp "GET /products/ HTTP/1.1" 200 55741
INFO 2025-05-16 19:43:42,796 basehttp "GET /products/1/update/ HTTP/1.1" 200 18814
INFO 2025-05-16 19:44:24,881 basehttp "GET /products/1/update/ HTTP/1.1" 200 18814
INFO 2025-05-16 19:44:26,746 basehttp "GET /products/categories/ HTTP/1.1" 200 24214
INFO 2025-05-16 19:44:29,076 basehttp "GET /products/ HTTP/1.1" 200 55741
INFO 2025-05-16 19:44:31,532 basehttp "GET /products/1/update/ HTTP/1.1" 200 18814
INFO 2025-05-16 19:45:09,493 autoreload /Users/rafal/VisualStudio/PythonProjects/XManager/apps/product/views.py changed, reloading.
INFO 2025-05-16 19:45:09,788 autoreload Watching for file changes with StatReloader
INFO 2025-05-16 19:45:48,534 basehttp "GET /products/1/update/ HTTP/1.1" 200 18814
INFO 2025-05-16 19:45:49,933 basehttp "GET /products/1/update/ HTTP/1.1" 200 18814
INFO 2025-05-16 19:45:51,538 basehttp "GET /products/categories/ HTTP/1.1" 200 24214
INFO 2025-05-16 19:45:52,151 basehttp "GET /products/brands/ HTTP/1.1" 200 15216
INFO 2025-05-16 19:45:52,621 basehttp "GET /products/ HTTP/1.1" 200 55741
INFO 2025-05-16 19:45:54,045 basehttp "GET /products/1/update/ HTTP/1.1" 200 18814
INFO 2025-05-16 19:46:09,312 basehttp "GET /products/categories/ HTTP/1.1" 200 24214
INFO 2025-05-16 19:46:10,420 basehttp "GET /products/ HTTP/1.1" 200 55741
INFO 2025-05-16 19:46:11,420 basehttp "GET /products/categories/ HTTP/1.1" 200 24214
INFO 2025-05-16 19:46:14,006 basehttp "GET /products/ HTTP/1.1" 200 55741
INFO 2025-05-16 19:46:15,632 basehttp "GET /products/1/update/ HTTP/1.1" 200 18814
INFO 2025-05-16 19:47:39,016 autoreload /Users/rafal/VisualStudio/PythonProjects/XManager/apps/product/views.py changed, reloading.
INFO 2025-05-16 19:47:39,330 autoreload Watching for file changes with StatReloader
INFO 2025-05-16 19:48:23,341 autoreload /Users/rafal/VisualStudio/PythonProjects/XManager/apps/product/views.py changed, reloading.
INFO 2025-05-16 19:48:23,675 autoreload Watching for file changes with StatReloader
INFO 2025-05-16 19:49:42,329 autoreload /Users/rafal/VisualStudio/PythonProjects/XManager/apps/product/forms.py changed, reloading.
INFO 2025-05-16 19:49:42,693 autoreload Watching for file changes with StatReloader
INFO 2025-05-16 19:50:12,410 autoreload /Users/rafal/VisualStudio/PythonProjects/XManager/apps/product/views.py changed, reloading.
INFO 2025-05-16 19:50:12,721 autoreload Watching for file changes with StatReloader
INFO 2025-05-16 19:53:42,642 autoreload /Users/rafal/VisualStudio/PythonProjects/XManager/apps/product/views.py changed, reloading.
INFO 2025-05-16 19:53:42,883 autoreload Watching for file changes with StatReloader
INFO 2025-05-16 19:53:47,807 basehttp "GET /dashboard/ HTTP/1.1" 200 17734
INFO 2025-05-16 19:53:49,732 basehttp "GET /products/ HTTP/1.1" 200 55741
INFO 2025-05-16 19:53:50,754 basehttp "GET /products/categories/ HTTP/1.1" 200 24214
INFO 2025-05-16 19:53:51,556 basehttp "GET /products/brands/ HTTP/1.1" 200 15216
INFO 2025-05-16 19:53:52,758 basehttp "GET /products/categories/ HTTP/1.1" 200 24214
INFO 2025-05-16 19:53:55,536 basehttp "GET /products/ HTTP/1.1" 200 55741
INFO 2025-05-16 19:53:57,665 basehttp "GET /products/1/update/ HTTP/1.1" 200 18896
INFO 2025-05-16 20:00:13,377 autoreload /Users/rafal/VisualStudio/PythonProjects/XManager/apps/product/forms.py changed, reloading.
INFO 2025-05-16 20:00:13,600 autoreload Watching for file changes with StatReloader
INFO 2025-05-16 20:00:17,037 basehttp "GET /dashboard/ HTTP/1.1" 200 17734
INFO 2025-05-16 20:00:18,201 basehttp "GET /products/ HTTP/1.1" 200 55741
INFO 2025-05-16 20:00:19,715 basehttp "GET /products/categories/ HTTP/1.1" 200 24214
INFO 2025-05-16 20:00:24,215 basehttp "GET /products/ HTTP/1.1" 200 55741
INFO 2025-05-16 20:00:25,886 basehttp "GET /products/1/update/ HTTP/1.1" 200 18896
INFO 2025-05-16 20:01:20,177 autoreload /Users/rafal/VisualStudio/PythonProjects/XManager/apps/product/forms.py changed, reloading.
INFO 2025-05-16 20:01:20,530 autoreload Watching for file changes with StatReloader
INFO 2025-05-16 20:02:01,620 autoreload /Users/rafal/VisualStudio/PythonProjects/XManager/apps/product/forms.py changed, reloading.
INFO 2025-05-16 20:02:01,844 autoreload Watching for file changes with StatReloader
INFO 2025-05-16 20:04:16,681 autoreload /Users/rafal/VisualStudio/PythonProjects/XManager/apps/product/views.py changed, reloading.
INFO 2025-05-16 20:04:16,922 autoreload Watching for file changes with StatReloader
INFO 2025-05-16 20:04:31,162 basehttp "GET /dashboard/ HTTP/1.1" 200 17734
INFO 2025-05-16 20:04:32,513 basehttp "GET /products/ HTTP/1.1" 200 55741
INFO 2025-05-16 20:04:34,471 basehttp "GET /products/1/update/ HTTP/1.1" 200 18896
INFO 2025-05-16 20:06:47,666 basehttp "GET /products/1/update/ HTTP/1.1" 200 19564
INFO 2025-05-16 20:07:39,338 basehttp "POST /products/1/update/ HTTP/1.1" 302 0
INFO 2025-05-16 20:07:39,347 basehttp "GET /products/1/ HTTP/1.1" 200 16523
INFO 2025-05-16 20:09:56,863 basehttp "GET /products/ HTTP/1.1" 200 55785
INFO 2025-05-16 20:10:14,877 basehttp "GET /products/1/update/ HTTP/1.1" 200 19663
INFO 2025-05-16 20:10:17,570 basehttp "POST /products/1/update/ HTTP/1.1" 302 0
INFO 2025-05-16 20:10:17,580 basehttp "GET /products/1/ HTTP/1.1" 200 16570
INFO 2025-05-16 20:10:21,352 basehttp "GET /products/ HTTP/1.1" 200 55800
